#
# A fatal error has been detected by the Java Runtime Environment:
#
#  SIGSEGV (0xb) at pc=0x00007f8e21cd5f7c, pid=26012, tid=0x00007f8e3f325700
#
# JRE version: OpenJDK Runtime Environment (8.0_222-b10) (build 1.8.0_222-b10)
# Java VM: OpenJDK 64-Bit Server VM (25.222-b10 mixed mode linux-amd64 compressed oops)
# Problematic frame:
# j  uk.ac.ed.inf.powergrab.Stateful.play()Ljava/util/ArrayList;+39
#
# Failed to write core dump. Core dumps have been disabled. To enable core dumping, try "ulimit -c unlimited" before starting Java again
#
# If you would like to submit a bug report, please visit:
#   http://bugreport.java.com/bugreport/crash.jsp
#

---------------  T H R E A D  ---------------

Current thread (0x00007f8e3804f800):  JavaThread "main" [_thread_in_Java, id=26017, stack(0x00007f8e3f226000,0x00007f8e3f326000)]

siginfo: si_signo: 11 (SIGSEGV), si_code: 1 (SEGV_MAPERR), si_addr: 0x00007f8eca72f400

Registers:
RAX=0x00007f8e0872ce50, RBX=0x00007f8eca72f320, RCX=0x00007f8e083f9b78, RDX=0xfffffffffffffff2
RSP=0x00007f8e3f324880, RBP=0x00007f8e3f3248c0, RSI=0x0000000000000000, RDI=0x0000000000000000
R8 =0x0000000000000000, R9 =0x000000000000006c, R10=0x00007f8e3e5235e0, R11=0x0000000000000206
R12=0x0000000000000000, R13=0x00007f8e083f9b15, R14=0x00007f8e3f3248e0, R15=0x00007f8e3804f800
RIP=0x00007f8e21cd5f7c, EFLAGS=0x0000000000010202, CSGSFS=0x0000000000000033, ERR=0x0000000000000004
  TRAPNO=0x000000000000000e

Top of Stack: (sp=0x00007f8e3f324880)
0x00007f8e3f324880:   00007f8e3f324880 00007f8e083f9b1f
0x00007f8e3f324890:   00007f8e3f3248e0 00007f8e0872cae8
0x00007f8e3f3248a0:   0000000000000000 00007f8e083f9b78
0x00007f8e3f3248b0:   0000000000000000 00007f8e3f3248e0
0x00007f8e3f3248c0:   00007f8e3f324928 00007f8e21cb6920
0x00007f8e3f3248d0:   0000000770dedaf8 0000000770dedae0
0x00007f8e3f3248e0:   0000000770dca388 00007f8e3f3248e8
0x00007f8e3f3248f0:   00007f8e083f219d 00007f8e3f3249c8
0x00007f8e3f324900:   00007f8e083fa298 0000000000000000
0x00007f8e3f324910:   00007f8e083f23b8 00007f8e3f3248e0
0x00007f8e3f324920:   00007f8e3f3249c8 00007f8e3f324a30
0x00007f8e3f324930:   00007f8e21cac4e7 0000000000000000
0x00007f8e3f324940:   0000000000000000 0000000000000000
0x00007f8e3f324950:   0000000000000000 0000000000000000
0x00007f8e3f324960:   0000000000000000 0000000000000000
0x00007f8e3f324970:   0000000000000000 0000000000000000
0x00007f8e3f324980:   0000000000000000 0000016e18940802
0x00007f8e3f324990:   0000000000000000 0000000770dca268
0x00007f8e3f3249a0:   0000000770dca388 0000000770d9c9d0
0x00007f8e3f3249b0:   000000077004ba48 000000077003a508
0x00007f8e3f3249c0:   000000077003a448 000000076ffc0390
0x00007f8e3f3249d0:   00007f8e00001fa0 00007f8e3f324ae0
0x00007f8e3f3249e0:   00007f8e3804f800 00007f8e3f324c20
0x00007f8e3f3249f0:   00007f8e3804f800 00007f8e083f23b8
0x00007f8e3f324a00:   00007f8e3f324ae0 00007f8e3f324ce8
0x00007f8e3f324a10:   00007f8e0000000a 00007f8e083f23b8
0x00007f8e3f324a20:   00007f8e21cc7d00 00007f8e3f324c28
0x00007f8e3f324a30:   00007f8e3f324b60 00007f8e3dbc1bbe
0x00007f8e3f324a40:   00007f8e00000001 00007f8e3804f800
0x00007f8e3f324a50:   00007f8e3804f800 00007f8e3804f800
0x00007f8e3f324a60:   00007f8e083f23b8 0000000000000001
0x00007f8e3f324a70:   00007f8e3f324aa0 000000000000000a 

Instructions: (pc=0x00007f8e21cd5f7c)
0x00007f8e21cd5f5c:   fd ff 4c 8b 6d c8 4c 8b 75 d0 c3 59 5a 48 8b 41
0x00007f8e21cd5f6c:   18 0f 84 42 00 00 00 48 8b 59 10 48 85 db 74 20
0x00007f8e21cd5f7c:   8b 83 e0 00 00 00 83 c0 08 89 83 e0 00 00 00 81
0x00007f8e21cd5f8c:   e0 f8 1f 00 00 0f 84 b0 01 00 00 e9 19 00 00 00 

Register to memory mapping:

RAX=0x00007f8e0872ce50 is pointing into metadata
RBX=0x00007f8eca72f320 is an unknown value
RCX={method} {0x00007f8e083f9b78} 'play' '()Ljava/util/ArrayList;' in 'uk/ac/ed/inf/powergrab/Stateful'
RDX=0xfffffffffffffff2 is an unknown value
RSP=0x00007f8e3f324880 is pointing into the stack for thread: 0x00007f8e3804f800
RBP=0x00007f8e3f3248c0 is pointing into the stack for thread: 0x00007f8e3804f800
RSI=0x0000000000000000 is an unknown value
RDI=0x0000000000000000 is an unknown value
R8 =0x0000000000000000 is an unknown value
R9 =0x000000000000006c is an unknown value
R10=0x00007f8e3e5235e0: <offset 0xfe25e0> in /usr/lib/jvm/java-1.8.0-openjdk-1.8.0.222.b10-0.el7_6.x86_64/jre/lib/amd64/server/libjvm.so at 0x00007f8e3d541000
R11=0x0000000000000206 is an unknown value
R12=0x0000000000000000 is an unknown value
R13=0x00007f8e083f9b15 is pointing into metadata
R14=0x00007f8e3f3248e0 is pointing into the stack for thread: 0x00007f8e3804f800
R15=0x00007f8e3804f800 is a thread


Stack: [0x00007f8e3f226000,0x00007f8e3f326000],  sp=0x00007f8e3f324880,  free space=1018k
Native frames: (J=compiled Java code, j=interpreted, Vv=VM code, C=native code)
j  uk.ac.ed.inf.powergrab.Stateful.play()Ljava/util/ArrayList;+39
j  uk.ac.ed.inf.powergrab.PlayPowergrab.main([Ljava/lang/String;)V+149
v  ~StubRoutines::call_stub
V  [libjvm.so+0x680bbe]
V  [libjvm.so+0x69269a]
V  [libjvm.so+0x6a6426]
C  [libjli.so+0x38f9]
C  [libpthread.so.0+0x7ea5]  start_thread+0xc5


---------------  P R O C E S S  ---------------

Java Threads: ( => current thread )
  0x00007f8e3832c000 JavaThread "Service Thread" daemon [_thread_blocked, id=26039, stack(0x00007f8e06151000,0x00007f8e06252000)]
  0x00007f8e382d7800 JavaThread "C1 CompilerThread2" daemon [_thread_blocked, id=26038, stack(0x00007f8e06253000,0x00007f8e06353000)]
  0x00007f8e382d5000 JavaThread "C2 CompilerThread1" daemon [_thread_blocked, id=26037, stack(0x00007f8e06354000,0x00007f8e06454000)]
  0x00007f8e382d4000 JavaThread "C2 CompilerThread0" daemon [_thread_blocked, id=26036, stack(0x00007f8e06455000,0x00007f8e06555000)]
  0x00007f8df4001000 JavaThread "JDWP Command Reader" daemon [_thread_in_native, id=26033, stack(0x00007f8e06555000,0x00007f8e06656000)]
  0x00007f8e381f6000 JavaThread "JDWP Event Helper Thread" daemon [_thread_blocked, id=26032, stack(0x00007f8e06656000,0x00007f8e06757000)]
  0x00007f8e381f2000 JavaThread "JDWP Transport Listener: dt_socket" daemon [_thread_blocked, id=26029, stack(0x00007f8e06757000,0x00007f8e06858000)]
  0x00007f8e381d8800 JavaThread "Signal Dispatcher" daemon [_thread_blocked, id=26027, stack(0x00007f8e06a5d000,0x00007f8e06b5e000)]
  0x00007f8e381af000 JavaThread "Finalizer" daemon [_thread_blocked, id=26026, stack(0x00007f8e06b5e000,0x00007f8e06c5f000)]
  0x00007f8e381aa800 JavaThread "Reference Handler" daemon [_thread_blocked, id=26025, stack(0x00007f8e06c5f000,0x00007f8e06d60000)]
=>0x00007f8e3804f800 JavaThread "main" [_thread_in_Java, id=26017, stack(0x00007f8e3f226000,0x00007f8e3f326000)]

Other Threads:
  0x00007f8e381a0800 VMThread [stack: 0x00007f8e06d61000,0x00007f8e06e61000] [id=26023]
  0x00007f8e3832e000 WatcherThread [stack: 0x00007f8e06051000,0x00007f8e06151000] [id=26040]

VM state:not at safepoint (normal execution)

VM Mutex/Monitor currently owned by a thread: None

heap address: 0x00000006ce800000, size: 3864 MB, Compressed Oops mode: Zero based, Oop shift amount: 3
Narrow klass base: 0x0000000000000000, Narrow klass shift: 3
Compressed class space size: 1073741824 Address: 0x00000007c0000000

Heap:
 PSYoungGen      total 72192K, used 24803K [0x000000076f800000, 0x0000000774880000, 0x00000007c0000000)
  eden space 61952K, 40% used [0x000000076f800000,0x0000000771038f48,0x0000000773480000)
  from space 10240K, 0% used [0x0000000773e80000,0x0000000773e80000,0x0000000774880000)
  to   space 10240K, 0% used [0x0000000773480000,0x0000000773480000,0x0000000773e80000)
 ParOldGen       total 165376K, used 0K [0x00000006ce800000, 0x00000006d8980000, 0x000000076f800000)
  object space 165376K, 0% used [0x00000006ce800000,0x00000006ce800000,0x00000006d8980000)
 Metaspace       used 9049K, capacity 9200K, committed 9472K, reserved 1058816K
  class space    used 879K, capacity 954K, committed 1024K, reserved 1048576K

Card table byte_map: [0x00007f8e2115f000,0x00007f8e218ec000] byte_map_base: 0x00007f8e1daeb000

Marking Bits: (ParMarkBitMap*) 0x00007f8e3e514aa0
 Begin Bits: [0x00007f8e08740000, 0x00007f8e0c3a0000)
 End Bits:   [0x00007f8e0c3a0000, 0x00007f8e10000000)

Polling page: 0x00007f8e3f364000

CodeCache: size=245760Kb used=3550Kb max_used=3655Kb free=242209Kb
 bounds [0x00007f8e21cac000, 0x00007f8e2205c000, 0x00007f8e30cac000]
 total_blobs=931 nmethods=612 adapters=242
 compilation: enabled

Compilation events (250 events):
Event: 1.070 Thread 0x00007f8e382d7800 nmethod 483 0x00007f8e21f0a3d0 code [0x00007f8e21f0a5a0, 0x00007f8e21f0aa28]
Event: 1.070 Thread 0x00007f8e382d7800  475       3       org.eclipse.jdt.launching.internal.org.objectweb.asm.MethodVisitor::<init> (35 bytes)
Event: 1.070 Thread 0x00007f8e382d7800 nmethod 475 0x00007f8e21f09dd0 code [0x00007f8e21f09f60, 0x00007f8e21f0a288]
Event: 1.070 Thread 0x00007f8e382d7800  476       3       org.eclipse.jdt.launching.internal.org.objectweb.asm.MethodWriter::visitEnd (1 bytes)
Event: 1.070 Thread 0x00007f8e382d7800 nmethod 476 0x00007f8e21f09a90 code [0x00007f8e21f09be0, 0x00007f8e21f09d30]
Event: 1.070 Thread 0x00007f8e382d7800  477       3       org.eclipse.jdt.launching.internal.org.objectweb.asm.MethodWriter::computeMethodInfoSize (685 bytes)
Event: 1.072 Thread 0x00007f8e382d7800 nmethod 477 0x00007f8e21f1bd10 code [0x00007f8e21f1c080, 0x00007f8e21f1deb8]
Event: 1.072 Thread 0x00007f8e382d7800  481       3       org.eclipse.jdt.launching.internal.org.objectweb.asm.MethodWriter::visitCode (1 bytes)
Event: 1.072 Thread 0x00007f8e382d7800 nmethod 481 0x00007f8e21f14250 code [0x00007f8e21f143a0, 0x00007f8e21f144f0]
Event: 1.072 Thread 0x00007f8e382d7800  482       3       org.eclipse.jdt.launching.internal.org.objectweb.asm.MethodWriter::visitMaxs (41 bytes)
Event: 1.072 Thread 0x00007f8e382d7800 nmethod 482 0x00007f8e21f13d90 code [0x00007f8e21f13f20, 0x00007f8e21f14198]
Event: 1.072 Thread 0x00007f8e382d7800  485       3       java.lang.CharacterDataLatin1::toUpperCase (53 bytes)
Event: 1.072 Thread 0x00007f8e382d7800 nmethod 485 0x00007f8e21f137d0 code [0x00007f8e21f13940, 0x00007f8e21f13c10]
Event: 1.072 Thread 0x00007f8e382d7800  473       3       org.eclipse.jdt.launching.internal.org.objectweb.asm.ClassVisitor::visitField (24 bytes)
Event: 1.072 Thread 0x00007f8e382d7800 nmethod 473 0x00007f8e21f132d0 code [0x00007f8e21f13440, 0x00007f8e21f136e8]
Event: 1.072 Thread 0x00007f8e382d7800  486       3       java.lang.ClassLoader::getClassLoadingLock (35 bytes)
Event: 1.073 Thread 0x00007f8e382d7800 nmethod 486 0x00007f8e21f1e910 code [0x00007f8e21f1eaa0, 0x00007f8e21f1ee68]
Event: 1.073 Thread 0x00007f8e382d7800  474       3       org.eclipse.jdt.launching.internal.org.objectweb.asm.FieldWriter::computeFieldInfoSize (201 bytes)
Event: 1.073 Thread 0x00007f8e382d4000  488       4       java.util.concurrent.ConcurrentHashMap::setTabAt (19 bytes)
Event: 1.073 Thread 0x00007f8e382d7800 nmethod 474 0x00007f8e21f21c50 code [0x00007f8e21f21e60, 0x00007f8e21f22a28]
Event: 1.073 Thread 0x00007f8e382d4000 nmethod 488 0x00007f8e21e8b250 code [0x00007f8e21e8b380, 0x00007f8e21e8b3f8]
Event: 1.075 Thread 0x00007f8e382d5000 nmethod 484 0x00007f8e21f1fe90 code [0x00007f8e21f20000, 0x00007f8e21f20578]
Event: 1.075 Thread 0x00007f8e382d5000  489       4       java.lang.String::startsWith (7 bytes)
Event: 1.076 Thread 0x00007f8e382d4000  490       4       java.lang.String::getChars (62 bytes)
Event: 1.077 Thread 0x00007f8e382d4000 nmethod 490 0x00007f8e21f1f910 code [0x00007f8e21f1fa80, 0x00007f8e21f1fcd8]
Event: 1.077 Thread 0x00007f8e382d4000  491       4       java.lang.AbstractStringBuilder::append (50 bytes)
Event: 1.078 Thread 0x00007f8e382d5000 nmethod 489 0x00007f8e21f1f310 code [0x00007f8e21f1f460, 0x00007f8e21f1f718]
Event: 1.079 Thread 0x00007f8e382d7800  492       1       java.lang.System::getSecurityManager (4 bytes)
Event: 1.079 Thread 0x00007f8e382d7800 nmethod 492 0x00007f8e21f1efd0 code [0x00007f8e21f1f120, 0x00007f8e21f1f210]
Event: 1.080 Thread 0x00007f8e382d7800  493       3       java.lang.StringBuffer::<init> (6 bytes)
Event: 1.080 Thread 0x00007f8e382d7800 nmethod 493 0x00007f8e21f21710 code [0x00007f8e21f21880, 0x00007f8e21f21b30]
Event: 1.081 Thread 0x00007f8e382d4000 nmethod 491 0x00007f8e21f20bd0 code [0x00007f8e21f20d40, 0x00007f8e21f212d8]
Event: 1.082 Thread 0x00007f8e382d7800  494       3       java.util.WeakHashMap::hash (28 bytes)
Event: 1.082 Thread 0x00007f8e382d7800 nmethod 494 0x00007f8e21f12e50 code [0x00007f8e21f12fc0, 0x00007f8e21f13208]
Event: 1.082 Thread 0x00007f8e382d7800  495       3       java.util.WeakHashMap::getTable (9 bytes)
Event: 1.083 Thread 0x00007f8e382d7800 nmethod 495 0x00007f8e21f20750 code [0x00007f8e21f208c0, 0x00007f8e21f20a68]
Event: 1.083 Thread 0x00007f8e382d7800  496   !   3       java.util.WeakHashMap::expungeStaleEntries (139 bytes)
Event: 1.083 Thread 0x00007f8e382d7800 nmethod 496 0x00007f8e21f251d0 code [0x00007f8e21f253c0, 0x00007f8e21f25f68]
Event: 1.083 Thread 0x00007f8e382d7800  497       3       java.util.WeakHashMap::indexFor (6 bytes)
Event: 1.083 Thread 0x00007f8e382d7800 nmethod 497 0x00007f8e21f24ed0 code [0x00007f8e21f25020, 0x00007f8e21f25150]
Event: 1.084 Thread 0x00007f8e382d7800  499       3       java.util.zip.ZipFile::access$400 (5 bytes)
Event: 1.084 Thread 0x00007f8e382d7800 nmethod 499 0x00007f8e21f24b90 code [0x00007f8e21f24ce0, 0x00007f8e21f24e10]
Event: 1.084 Thread 0x00007f8e382d7800  498       1       sun.misc.URLClassPath$JarLoader::access$600 (5 bytes)
Event: 1.084 Thread 0x00007f8e382d7800 nmethod 498 0x00007f8e21f248d0 code [0x00007f8e21f24a20, 0x00007f8e21f24b10]
Event: 1.085 Thread 0x00007f8e382d7800  500       3       java.lang.String::concat (47 bytes)
Event: 1.085 Thread 0x00007f8e382d7800 nmethod 500 0x00007f8e21f23b50 code [0x00007f8e21f23d20, 0x00007f8e21f244f8]
Event: 1.085 Thread 0x00007f8e382d7800  501       3       java.lang.String::getChars (16 bytes)
Event: 1.085 Thread 0x00007f8e382d7800 nmethod 501 0x00007f8e21f236d0 code [0x00007f8e21f23840, 0x00007f8e21f23a68]
Event: 1.086 Thread 0x00007f8e382d7800  502       3       java.util.Vector::ensureCapacityHelper (16 bytes)
Event: 1.086 Thread 0x00007f8e382d7800 nmethod 502 0x00007f8e21f232d0 code [0x00007f8e21f23440, 0x00007f8e21f23628]
Event: 1.087 Thread 0x00007f8e382d7800  503       3       java.lang.ClassLoader::findBootstrapClassOrNull (16 bytes)
Event: 1.088 Thread 0x00007f8e382d7800 nmethod 503 0x00007f8e21f26650 code [0x00007f8e21f267e0, 0x00007f8e21f26a18]
Event: 1.088 Thread 0x00007f8e382d7800  505       3       sun.misc.URLClassPath::getResource (83 bytes)
Event: 1.088 Thread 0x00007f8e382d7800 nmethod 505 0x00007f8e21f26ad0 code [0x00007f8e21f26c80, 0x00007f8e21f27048]
Event: 1.089 Thread 0x00007f8e382d7800  509   !   3       java.util.zip.ZipFile$ZipFileInputStream::close (110 bytes)
Event: 1.089 Thread 0x00007f8e382d7800 nmethod 509 0x00007f8e21f27c50 code [0x00007f8e21f27e20, 0x00007f8e21f28698]
Event: 1.089 Thread 0x00007f8e382d7800  510       3       sun.misc.PerfCounter::addElapsedTimeFrom (10 bytes)
Event: 1.090 Thread 0x00007f8e382d7800 nmethod 510 0x00007f8e21f28a90 code [0x00007f8e21f28c40, 0x00007f8e21f293b8]
Event: 1.093 Thread 0x00007f8e382d7800  513       3       java.util.WeakHashMap::remove (133 bytes)
Event: 1.093 Thread 0x00007f8e382d5000  514 %     4       org.eclipse.jdt.launching.internal.org.objectweb.asm.ClassReader::readCode @ 2165 (5071 bytes)
Event: 1.095 Thread 0x00007f8e382d7800 nmethod 513 0x00007f8e21f29e90 code [0x00007f8e21f2a080, 0x00007f8e21f2ab88]
Event: 1.095 Thread 0x00007f8e382d7800  515       1       java.util.zip.ZStreamRef::address (5 bytes)
Event: 1.095 Thread 0x00007f8e382d7800 nmethod 515 0x00007f8e21f2b050 code [0x00007f8e21f2b1a0, 0x00007f8e21f2b2b0]
Event: 1.097 Thread 0x00007f8e382d7800  516       3       java.net.URLStreamHandler::parseURL (1193 bytes)
Event: 1.102 Thread 0x00007f8e382d4000  523       4       org.eclipse.jdt.launching.internal.org.objectweb.asm.MethodWriter::visitVarInsn (303 bytes)
Event: 1.105 Thread 0x00007f8e382d7800 nmethod 516 0x00007f8e21f2b310 code [0x00007f8e21f2bee0, 0x00007f8e21f35de8]
Event: 1.105 Thread 0x00007f8e382d7800  520   !   3       java.net.URL::<init> (543 bytes)
Event: 1.105 Thread 0x00007f8e382d4000 nmethod 523 0x00007f8e21f40250 code [0x00007f8e21f40400, 0x00007f8e21f40998]
Event: 1.108 Thread 0x00007f8e382d7800 nmethod 520 0x00007f8e21f40e50 code [0x00007f8e21f413a0, 0x00007f8e21f460b8]
Event: 1.108 Thread 0x00007f8e382d7800  521   !   3       java.lang.ClassLoader::loadClass (122 bytes)
Event: 1.109 Thread 0x00007f8e382d7800 nmethod 521 0x00007f8e21f48610 code [0x00007f8e21f48980, 0x00007f8e21f4ac18]
Event: 1.109 Thread 0x00007f8e382d7800  522       3       java.lang.ClassLoader::findLoadedClass (16 bytes)
Event: 1.109 Thread 0x00007f8e382d7800 nmethod 522 0x00007f8e21f3fdd0 code [0x00007f8e21f3ff60, 0x00007f8e21f40198]
Event: 1.109 Thread 0x00007f8e382d7800  519   !   3       java.net.URL::set (114 bytes)
Event: 1.110 Thread 0x00007f8e382d7800 nmethod 519 0x00007f8e21f3e910 code [0x00007f8e21f3eb00, 0x00007f8e21f3f758]
Event: 1.110 Thread 0x00007f8e382d7800  518       3       org.eclipse.jdt.launching.internal.org.objectweb.asm.SymbolTable::addConstant (297 bytes)
Event: 1.111 Thread 0x00007f8e382d7800 nmethod 518 0x00007f8e21f4c510 code [0x00007f8e21f4c9c0, 0x00007f8e21f503a8]
Event: 1.112 Thread 0x00007f8e382d7800  517       3       sun.net.www.protocol.file.Handler::parseURL (18 bytes)
Event: 1.112 Thread 0x00007f8e382d7800 nmethod 517 0x00007f8e21f3e410 code [0x00007f8e21f3e580, 0x00007f8e21f3e7f8]
Event: 1.112 Thread 0x00007f8e382d7800  524       1       java.util.jar.Manifest::getMainAttributes (5 bytes)
Event: 1.112 Thread 0x00007f8e382d7800 nmethod 524 0x00007f8e21f3e150 code [0x00007f8e21f3e2a0, 0x00007f8e21f3e3b0]
Event: 1.113 Thread 0x00007f8e382d4000  525       4       java.lang.StringBuilder::append (8 bytes)
Event: 1.115 Thread 0x00007f8e382d7800  527       3       org.eclipse.jdt.launching.internal.org.objectweb.asm.ClassReader::<init> (305 bytes)
Event: 1.116 Thread 0x00007f8e382d7800 nmethod 527 0x00007f8e21f51390 code [0x00007f8e21f51620, 0x00007f8e21f52768]
Event: 1.116 Thread 0x00007f8e382d7800  528       3       org.eclipse.jdt.launching.internal.org.objectweb.asm.ByteVector::encodeUTF8 (335 bytes)
Event: 1.117 Thread 0x00007f8e382d4000 nmethod 525 0x00007f8e21f3d0d0 code [0x00007f8e21f3d240, 0x00007f8e21f3d7f8]
Event: 1.117 Thread 0x00007f8e382d4000  526       4       org.eclipse.jdt.launching.internal.org.objectweb.asm.ByteVector::putInt (74 bytes)
Event: 1.117 Thread 0x00007f8e382d7800 nmethod 528 0x00007f8e21f54cd0 code [0x00007f8e21f54f20, 0x00007f8e21f55c78]
Event: 1.117 Thread 0x00007f8e382d7800  529   !   3       java.util.zip.Inflater::inflate (113 bytes)
Event: 1.118 Thread 0x00007f8e382d7800 nmethod 529 0x00007f8e21f54050 code [0x00007f8e21f54220, 0x00007f8e21f548d8]
Event: 1.118 Thread 0x00007f8e382d4000 nmethod 526 0x00007f8e21f53b10 code [0x00007f8e21f53c80, 0x00007f8e21f53ec8]
Event: 1.118 Thread 0x00007f8e382d4000  531       4       org.eclipse.jdt.launching.internal.org.objectweb.asm.MethodWriter::visitLabel (305 bytes)
Event: 1.121 Thread 0x00007f8e382d7800  536       3       sun.net.util.IPAddressUtil::scan (92 bytes)
Event: 1.122 Thread 0x00007f8e382d7800 nmethod 536 0x00007f8e21f58550 code [0x00007f8e21f58740, 0x00007f8e21f58fa8]
Event: 1.122 Thread 0x00007f8e382d7800  533       3       java.net.URL::isBuiltinStreamHandler (12 bytes)
Event: 1.122 Thread 0x00007f8e382d7800 nmethod 533 0x00007f8e21f57c10 code [0x00007f8e21f57da0, 0x00007f8e21f58338]
Event: 1.122 Thread 0x00007f8e382d7800  534       3       java.net.URL::isBuiltinStreamHandler (7 bytes)
Event: 1.122 Thread 0x00007f8e382d7800 nmethod 534 0x00007f8e21f53550 code [0x00007f8e21f536c0, 0x00007f8e21f539c8]
Event: 1.122 Thread 0x00007f8e382d7800  535       3       sun.net.util.IPAddressUtil::checkHostString (53 bytes)
Event: 1.123 Thread 0x00007f8e382d7800 nmethod 535 0x00007f8e21f56ad0 code [0x00007f8e21f56d00, 0x00007f8e21f57778]
Event: 1.124 Thread 0x00007f8e382d7800  537       3       java.io.File::getName (42 bytes)
Event: 1.124 Thread 0x00007f8e382d7800 nmethod 537 0x00007f8e21f59550 code [0x00007f8e21f596e0, 0x00007f8e21f59bc8]
Event: 1.124 Thread 0x00007f8e382d7800  538   !   3       org.eclipse.jdt.launching.internal.javaagent.Premain$1::transform (103 bytes)
Event: 1.125 Thread 0x00007f8e382d7800 nmethod 538 0x00007f8e21f59d90 code [0x00007f8e21f59fc0, 0x00007f8e21f5ad18]
Event: 1.125 Thread 0x00007f8e382d7800  539   !   3       java.util.zip.InflaterInputStream::read (138 bytes)
Event: 1.126 Thread 0x00007f8e382d7800 nmethod 539 0x00007f8e21f5b350 code [0x00007f8e21f5b600, 0x00007f8e21f5c768]
Event: 1.126 Thread 0x00007f8e382d7800  540       3       java.util.zip.InflaterInputStream::ensureOpen (18 bytes)
Event: 1.126 Thread 0x00007f8e382d7800 nmethod 540 0x00007f8e21f5d150 code [0x00007f8e21f5d2e0, 0x00007f8e21f5d548]
Event: 1.128 Thread 0x00007f8e382d7800  541       3       java.io.UnixFileSystem::getBooleanAttributes (49 bytes)
Event: 1.128 Thread 0x00007f8e382d7800 nmethod 541 0x00007f8e21f5d610 code [0x00007f8e21f5d7e0, 0x00007f8e21f5dda8]
Event: 1.129 Thread 0x00007f8e382d7800  544       3       org.eclipse.jdt.launching.internal.org.objectweb.asm.ClassReader::getFirstAttributeOffset (136 bytes)
Event: 1.129 Thread 0x00007f8e382d7800 nmethod 544 0x00007f8e21f5e090 code [0x00007f8e21f5e2a0, 0x00007f8e21f5ebb8]
Event: 1.129 Thread 0x00007f8e382d7800  545       3       org.eclipse.jdt.launching.internal.org.objectweb.asm.ClassWriter::toByteArray (1296 bytes)
Event: 1.131 Thread 0x00007f8e382d4000 nmethod 531 0x00007f8e21f62a50 code [0x00007f8e21f62be0, 0x00007f8e21f63778]
Event: 1.131 Thread 0x00007f8e382d4000  532 %     4       org.eclipse.jdt.launching.internal.org.objectweb.asm.ByteVector::encodeUTF8 @ 157 (335 bytes)
Event: 1.134 Thread 0x00007f8e382d7800 nmethod 545 0x00007f8e21f63d50 code [0x00007f8e21f64500, 0x00007f8e21f68f08]
Event: 1.134 Thread 0x00007f8e382d7800  543       3       org.eclipse.jdt.launching.internal.org.objectweb.asm.ClassVisitor::<init> (35 bytes)
Event: 1.134 Thread 0x00007f8e382d7800 nmethod 543 0x00007f8e21f62450 code [0x00007f8e21f625e0, 0x00007f8e21f62908]
Event: 1.134 Thread 0x00007f8e382d7800  546       1       org.eclipse.jdt.launching.internal.org.objectweb.asm.SymbolTable::getConstantPoolCount (5 bytes)
Event: 1.134 Thread 0x00007f8e382d7800 nmethod 546 0x00007f8e21f62190 code [0x00007f8e21f622e0, 0x00007f8e21f623f0]
Event: 1.135 Thread 0x00007f8e382d7800  548       1       java.util.jar.JarFile::access$300 (5 bytes)
Event: 1.136 Thread 0x00007f8e382d7800 nmethod 548 0x00007f8e21f61ed0 code [0x00007f8e21f62020, 0x00007f8e21f62110]
Event: 1.141 Thread 0x00007f8e382d4000 nmethod 532% 0x00007f8e21f5fc50 code [0x00007f8e21f5fde0, 0x00007f8e21f60578]
Event: 1.141 Thread 0x00007f8e382d4000  547       4       org.eclipse.jdt.launching.internal.org.objectweb.asm.SymbolTable::addConstantMemberReference (147 bytes)
Event: 1.146 Thread 0x00007f8e382d7800  549       3       java.lang.Character::isWhitespace (5 bytes)
Event: 1.146 Thread 0x00007f8e382d7800 nmethod 549 0x00007f8e21f5f710 code [0x00007f8e21f5f8a0, 0x00007f8e21f5fb38]
Event: 1.146 Thread 0x00007f8e382d7800  550       3       java.lang.Character::isWhitespace (9 bytes)
Event: 1.146 Thread 0x00007f8e382d7800 nmethod 550 0x00007f8e21f61a50 code [0x00007f8e21f61bc0, 0x00007f8e21f61df8]
Event: 1.146 Thread 0x00007f8e382d7800  551       3       java.lang.CharacterDataLatin1::isWhitespace (23 bytes)
Event: 1.146 Thread 0x00007f8e382d7800 nmethod 551 0x00007f8e21f61550 code [0x00007f8e21f616c0, 0x00007f8e21f61910]
Event: 1.149 Thread 0x00007f8e382d7800  552       3       java.net.URLStreamHandler::toExternalForm (219 bytes)
Event: 1.151 Thread 0x00007f8e382d7800 nmethod 552 0x00007f8e21f6db10 code [0x00007f8e21f6dec0, 0x00007f8e21f71588]
Event: 1.155 Thread 0x00007f8e382d7800  554       3       java.lang.ClassLoader::loadClass (7 bytes)
Event: 1.155 Thread 0x00007f8e382d7800 nmethod 554 0x00007f8e21f5f2d0 code [0x00007f8e21f5f440, 0x00007f8e21f5f668]
Event: 1.156 Thread 0x00007f8e382d7800  555       3       java.lang.ref.Finalizer::register (10 bytes)
Event: 1.157 Thread 0x00007f8e382d7800 nmethod 555 0x00007f8e21f60d90 code [0x00007f8e21f60f20, 0x00007f8e21f61368]
Event: 1.157 Thread 0x00007f8e382d7800  556       3       java.lang.ref.Finalizer::<init> (23 bytes)
Event: 1.157 Thread 0x00007f8e382d7800 nmethod 556 0x00007f8e21f6d490 code [0x00007f8e21f6d620, 0x00007f8e21f6d9c8]
Event: 1.157 Thread 0x00007f8e382d7800  557       3       java.lang.ref.FinalReference::<init> (7 bytes)
Event: 1.157 Thread 0x00007f8e382d7800 nmethod 557 0x00007f8e21f6cf50 code [0x00007f8e21f6d0c0, 0x00007f8e21f6d370]
Event: 1.157 Thread 0x00007f8e382d7800  558   !   3       java.lang.ref.Finalizer::add (41 bytes)
Event: 1.157 Thread 0x00007f8e382d7800 nmethod 558 0x00007f8e21f6c8d0 code [0x00007f8e21f6ca40, 0x00007f8e21f6ce10]
Event: 1.158 Thread 0x00007f8e382d7800  560       3       org.eclipse.jdt.launching.internal.org.objectweb.asm.ClassWriter::visitField (53 bytes)
Event: 1.158 Thread 0x00007f8e382d7800 nmethod 560 0x00007f8e21f6c310 code [0x00007f8e21f6c480, 0x00007f8e21f6c7a8]
Event: 1.158 Thread 0x00007f8e382d7800  561       3       org.eclipse.jdt.launching.internal.org.objectweb.asm.FieldWriter::<init> (69 bytes)
Event: 1.158 Thread 0x00007f8e382d7800 nmethod 561 0x00007f8e21f72890 code [0x00007f8e21f72a40, 0x00007f8e21f73008]
Event: 1.158 Thread 0x00007f8e382d7800  562       3       org.eclipse.jdt.launching.internal.org.objectweb.asm.FieldVisitor::<init> (7 bytes)
Event: 1.159 Thread 0x00007f8e382d7800 nmethod 562 0x00007f8e21f6bc50 code [0x00007f8e21f6bde0, 0x00007f8e21f6c148]
Event: 1.159 Thread 0x00007f8e382d7800  563       3       org.eclipse.jdt.launching.internal.org.objectweb.asm.FieldVisitor::<init> (35 bytes)
Event: 1.159 Thread 0x00007f8e382d7800 nmethod 563 0x00007f8e21f73250 code [0x00007f8e21f733e0, 0x00007f8e21f73708]
Event: 1.159 Thread 0x00007f8e382d7800  564       3       org.eclipse.jdt.launching.internal.org.objectweb.asm.FieldWriter::visitEnd (1 bytes)
Event: 1.159 Thread 0x00007f8e382d7800 nmethod 564 0x00007f8e21f73850 code [0x00007f8e21f739a0, 0x00007f8e21f73af0]
Event: 1.162 Thread 0x00007f8e382d7800  566       3       java.net.URLStreamHandler::setURL (73 bytes)
Event: 1.162 Thread 0x00007f8e382d7800 nmethod 566 0x00007f8e21f73b90 code [0x00007f8e21f73da0, 0x00007f8e21f748b8]
Event: 1.164 Thread 0x00007f8e382d7800  567       3       org.eclipse.jdt.launching.internal.org.objectweb.asm.AnnotationWriter::visitEnd (44 bytes)
Event: 1.164 Thread 0x00007f8e382d7800 nmethod 567 0x00007f8e21f752d0 code [0x00007f8e21f75440, 0x00007f8e21f75630]
Event: 1.169 Thread 0x00007f8e382d7800  569       3       java.util.ArrayList$Itr::hasNext (20 bytes)
Event: 1.170 Thread 0x00007f8e382d7800 nmethod 569 0x00007f8e21f75ad0 code [0x00007f8e21f75c40, 0x00007f8e21f75e10]
Event: 1.173 Thread 0x00007f8e382d7800  570       3       java.lang.StringCoding::safeTrim (24 bytes)
Event: 1.173 Thread 0x00007f8e382d7800 nmethod 570 0x00007f8e21f75ed0 code [0x00007f8e21f76060, 0x00007f8e21f76528]
Event: 1.173 Thread 0x00007f8e382d7800  571       3       java.util.jar.Attributes::getValue (9 bytes)
Event: 1.173 Thread 0x00007f8e382d7800 nmethod 571 0x00007f8e21f76710 code [0x00007f8e21f768a0, 0x00007f8e21f76c28]
Event: 1.174 Thread 0x00007f8e382d7800  572       3       java.util.jar.Attributes::get (11 bytes)
Event: 1.174 Thread 0x00007f8e382d7800 nmethod 572 0x00007f8e21f76d50 code [0x00007f8e21f76ec0, 0x00007f8e21f770e8]
Event: 1.177 Thread 0x00007f8e382d7800  573       3       java.lang.ref.WeakReference::<init> (7 bytes)
Event: 1.177 Thread 0x00007f8e382d7800 nmethod 573 0x00007f8e21f77190 code [0x00007f8e21f77300, 0x00007f8e21f775b0]
Event: 1.179 Thread 0x00007f8e382d7800  574  s    3       sun.misc.URLClassPath::getLookupCache (98 bytes)
Event: 1.180 Thread 0x00007f8e382d7800 nmethod 574 0x00007f8e21f776d0 code [0x00007f8e21f77860, 0x00007f8e21f77dd8]
Event: 1.185 Thread 0x00007f8e382d7800  575   !   3       java.net.URLClassLoader::findClass (47 bytes)
Event: 1.185 Thread 0x00007f8e382d7800 nmethod 575 0x00007f8e21f77f50 code [0x00007f8e21f78120, 0x00007f8e21f78758]
Event: 1.185 Thread 0x00007f8e382d7800  579   !   3       java.util.zip.Inflater::ended (32 bytes)
Event: 1.185 Thread 0x00007f8e382d7800 nmethod 579 0x00007f8e21f78a10 code [0x00007f8e21f78b80, 0x00007f8e21f78f70]
Event: 1.185 Thread 0x00007f8e382d7800  576       3       java.net.URLClassLoader$1::<init> (15 bytes)
Event: 1.186 Thread 0x00007f8e382d7800 nmethod 576 0x00007f8e21f790d0 code [0x00007f8e21f79240, 0x00007f8e21f79430]
Event: 1.186 Thread 0x00007f8e382d7800  577       3       java.net.URLClassLoader$1::run (5 bytes)
Event: 1.186 Thread 0x00007f8e382d7800 nmethod 577 0x00007f8e21f794d0 code [0x00007f8e21f79640, 0x00007f8e21f797e8]
Event: 1.186 Thread 0x00007f8e382d7800  578   !   3       java.net.URLClassLoader$1::run (63 bytes)
Event: 1.186 Thread 0x00007f8e382d7800 nmethod 578 0x00007f8e21f79a90 code [0x00007f8e21f79c60, 0x00007f8e21f7a1c8]
Event: 1.186 Thread 0x00007f8e382d7800  580  s    3       sun.misc.Resource::cachedInputStream (20 bytes)
Event: 1.186 Thread 0x00007f8e382d7800 nmethod 580 0x00007f8e21f7a6d0 code [0x00007f8e21f7a840, 0x00007f8e21f7ac28]
Event: 1.186 Thread 0x00007f8e382d7800  581       3       sun.misc.SharedSecrets::javaUtilJarAccess (18 bytes)
Event: 1.186 Thread 0x00007f8e382d7800 nmethod 581 0x00007f8e21f7acd0 code [0x00007f8e21f7ae40, 0x00007f8e21f7b088]
Event: 1.186 Thread 0x00007f8e382d7800  582       3       java.lang.String::compareTo (78 bytes)
Event: 1.187 Thread 0x00007f8e382d7800 nmethod 582 0x00007f8e21f7b110 code [0x00007f8e21f7b2a0, 0x00007f8e21f7b610]
Event: 1.187 Thread 0x00007f8e382d7800  583       3       java.util.ArrayList::<init> (12 bytes)
Event: 1.187 Thread 0x00007f8e382d7800 nmethod 583 0x00007f8e21f7b850 code [0x00007f8e21f7b9c0, 0x00007f8e21f7bc50]
Event: 1.187 Thread 0x00007f8e382d7800  584       3       sun.misc.FDBigInteger::trimLeadingZeros (57 bytes)
Event: 1.187 Thread 0x00007f8e382d7800 nmethod 584 0x00007f8e21f7bd90 code [0x00007f8e21f7bf00, 0x00007f8e21f7c230]
Event: 1.187 Thread 0x00007f8e382d7800  586       3       com.google.gson.stream.JsonReader::nextNonWhitespace (357 bytes)
Event: 1.189 Thread 0x00007f8e382d7800 nmethod 586 0x00007f8e21f7c390 code [0x00007f8e21f7c840, 0x00007f8e21f7f288]
Event: 1.189 Thread 0x00007f8e382d7800  591       3       com.google.gson.stream.JsonReader::nextQuotedValue (271 bytes)
Event: 1.191 Thread 0x00007f8e382d7800 nmethod 591 0x00007f8e21f80f50 code [0x00007f8e21f812c0, 0x00007f8e21f831b8]
Event: 1.191 Thread 0x00007f8e382d7800  589       3       com.google.gson.internal.bind.JsonTreeReader::peekStack (12 bytes)
Event: 1.191 Thread 0x00007f8e382d7800 nmethod 589 0x00007f8e21f84710 code [0x00007f8e21f84880, 0x00007f8e21f84a10]
Event: 1.191 Thread 0x00007f8e382d7800  587       3       com.google.gson.stream.JsonReader::doPeek (744 bytes)
Event: 1.196 Thread 0x00007f8e382d7800 nmethod 587 0x00007f8e21f84d10 code [0x00007f8e21f85a20, 0x00007f8e21f8ebc8]
Event: 1.196 Thread 0x00007f8e382d7800  594       3       com.google.gson.internal.bind.TypeAdapters$29::read (209 bytes)
Event: 1.197 Thread 0x00007f8e382d7800 nmethod 594 0x00007f8e21f94d90 code [0x00007f8e21f95180, 0x00007f8e21f97508]
Event: 1.197 Thread 0x00007f8e382d7800  590       3       com.google.gson.internal.bind.JsonTreeReader::peek (200 bytes)
Event: 1.198 Thread 0x00007f8e382d7800 nmethod 590 0x00007f8e21f98510 code [0x00007f8e21f987e0, 0x00007f8e21f9a008]
Event: 1.199 Thread 0x00007f8e382d7800  592       3       com.google.gson.stream.JsonReader::peek (144 bytes)
Event: 1.199 Thread 0x00007f8e382d7800 nmethod 592 0x00007f8e21f9a590 code [0x00007f8e21f9a740, 0x00007f8e21f9abb8]
Event: 1.199 Thread 0x00007f8e382d7800  593       3       com.google.gson.stream.JsonReader::hasNext (30 bytes)
Event: 1.200 Thread 0x00007f8e382d7800 nmethod 593 0x00007f8e21f9ad10 code [0x00007f8e21f9ae80, 0x00007f8e21f9b168]
Event: 1.201 Thread 0x00007f8e382d7800  588       3       sun.misc.FDBigInteger::<init> (30 bytes)
Event: 1.202 Thread 0x00007f8e382d7800 nmethod 588 0x00007f8e21f9b210 code [0x00007f8e21f9b380, 0x00007f8e21f9b5a8]
Event: 1.202 Thread 0x00007f8e382d7800  595       3       com.google.gson.JsonElement::<init> (5 bytes)
Event: 1.202 Thread 0x00007f8e382d7800 nmethod 595 0x00007f8e21f9b690 code [0x00007f8e21f9b800, 0x00007f8e21f9b9b0]
Event: 1.202 Thread 0x00007f8e382d7800  596       3       java.lang.String::compareTo (9 bytes)
Event: 1.202 Thread 0x00007f8e382d7800 nmethod 596 0x00007f8e21f9ba50 code [0x00007f8e21f9bbc0, 0x00007f8e21f9bec8]
Event: 1.202 Thread 0x00007f8e382d7800  585       3       java.util.ArrayList$Itr::checkForComodification (23 bytes)
Event: 1.202 Thread 0x00007f8e382d7800 nmethod 585 0x00007f8e21f9bf90 code [0x00007f8e21f9c120, 0x00007f8e21f9c388]
Event: 1.203 Thread 0x00007f8e382d7800  597       3       sun.misc.FDBigInteger::leftShift (50 bytes)
Event: 1.203 Thread 0x00007f8e382d7800 nmethod 597 0x00007f8e21f9c6d0 code [0x00007f8e21f9c840, 0x00007f8e21f9cab0]
Event: 1.203 Thread 0x00007f8e382d7800  598       3       sun.misc.FDBigInteger::leftShift (395 bytes)
Event: 1.204 Thread 0x00007f8e382d7800 nmethod 598 0x00007f8e21f9cd50 code [0x00007f8e21f9cfa0, 0x00007f8e21f9dec8]
Event: 1.204 Thread 0x00007f8e382d7800  600       3       sun.misc.FDBigInteger::cmp (147 bytes)
Event: 1.204 Thread 0x00007f8e382d7800 nmethod 600 0x00007f8e21f9e810 code [0x00007f8e21f9e9e0, 0x00007f8e21f9f150]
Event: 1.204 Thread 0x00007f8e382d7800  602       3       com.google.gson.internal.LinkedTreeMap::find (276 bytes)
Event: 1.206 Thread 0x00007f8e382d7800 nmethod 602 0x00007f8e21f9f690 code [0x00007f8e21f9f940, 0x00007f8e21fa0e58]
Event: 1.206 Thread 0x00007f8e382d7800  601       3       com.google.gson.JsonPrimitive::isNumber (8 bytes)
Event: 1.206 Thread 0x00007f8e382d7800 nmethod 601 0x00007f8e21fa1810 code [0x00007f8e21fa1980, 0x00007f8e21fa1bd0]
Event: 1.206 Thread 0x00007f8e382d7800  599       3       sun.misc.FDBigInteger::big5pow (37 bytes)
Event: 1.206 Thread 0x00007f8e382d7800 nmethod 599 0x00007f8e21fa1c50 code [0x00007f8e21fa1dc0, 0x00007f8e21fa1fc8]
Event: 1.206 Thread 0x00007f8e382d7800  604       3       com.google.gson.JsonPrimitive::isBoolean (8 bytes)
Event: 1.206 Thread 0x00007f8e382d7800 nmethod 604 0x00007f8e21fa20d0 code [0x00007f8e21fa2240, 0x00007f8e21fa2490]
Event: 1.206 Thread 0x00007f8e382d7800  603       1       com.mapbox.geojson.Feature::properties (5 bytes)
Event: 1.206 Thread 0x00007f8e382d7800 nmethod 603 0x00007f8e21fa2510 code [0x00007f8e21fa2660, 0x00007f8e21fa2770]
Event: 1.206 Thread 0x00007f8e382d7800  605       3       sun.misc.FDBigInteger::makeImmutable (6 bytes)
Event: 1.207 Thread 0x00007f8e382d7800 nmethod 605 0x00007f8e21fa27d0 code [0x00007f8e21fa2920, 0x00007f8e21fa2a70]
Event: 1.208 Thread 0x00007f8e382d7800  606       3       java.io.UnixFileSystem::prefixLength (25 bytes)
Event: 1.208 Thread 0x00007f8e382d7800 nmethod 606 0x00007f8e21fa2ad0 code [0x00007f8e21fa2c80, 0x00007f8e21fa3148]
Event: 1.230 Thread 0x00007f8e382d7800  607       1       java.lang.invoke.MethodTypeForm::basicType (5 bytes)
Event: 1.231 Thread 0x00007f8e382d7800 nmethod 607 0x00007f8e21fa3350 code [0x00007f8e21fa34a0, 0x00007f8e21fa35b0]
Event: 1.241 Thread 0x00007f8e382d4000 nmethod 547 0x00007f8e21fa99d0 code [0x00007f8e21fa9d40, 0x00007f8e21fad3f0]
Event: 1.241 Thread 0x00007f8e382d4000  565       4       org.eclipse.jdt.launching.internal.org.objectweb.asm.ByteVector::encodeUTF8 (335 bytes)
Event: 1.255 Thread 0x00007f8e382d4000 nmethod 565 0x00007f8e21fa4cd0 code [0x00007f8e21fa4e80, 0x00007f8e21fa5af8]
Event: 1.255 Thread 0x00007f8e382d4000  553       4       org.eclipse.jdt.launching.internal.org.objectweb.asm.SymbolTable::addConstantUtf8Reference (101 bytes)
Event: 1.269 Thread 0x00007f8e382d4000 nmethod 553 0x00007f8e21fb0310 code [0x00007f8e21fb0500, 0x00007f8e21fb1338]
Event: 2.867 Thread 0x00007f8e382d5000 nmethod 514% 0x00007f8e21fdf410 code [0x00007f8e21fe02e0, 0x00007f8e2200cd18]
Event: 304.394 Thread 0x00007f8e382d4000  608       4       org.eclipse.jdt.launching.internal.org.objectweb.asm.MethodWriter::visitInsn (115 bytes)
Event: 304.396 Thread 0x00007f8e382d4000 nmethod 608 0x00007f8e21fa7ad0 code [0x00007f8e21fa7c40, 0x00007f8e21fa7e68]
Event: 311.472 Thread 0x00007f8e382d7800  609       3       org.eclipse.jdt.launching.internal.org.objectweb.asm.ClassVisitor::visitInnerClass (20 bytes)
Event: 311.472 Thread 0x00007f8e382d7800 nmethod 609 0x00007f8e21fa4810 code [0x00007f8e21fa4980, 0x00007f8e21fa4c08]
Event: 311.472 Thread 0x00007f8e382d7800  610       3       org.eclipse.jdt.launching.internal.org.objectweb.asm.ClassWriter::visitInnerClass (130 bytes)
Event: 311.473 Thread 0x00007f8e382d7800 nmethod 610 0x00007f8e21fa3790 code [0x00007f8e21fa39a0, 0x00007f8e21fa42e8]
Event: 822.373 Thread 0x00007f8e382d4000  611       4       org.eclipse.jdt.launching.internal.org.objectweb.asm.Label::accept (65 bytes)
Event: 822.387 Thread 0x00007f8e382d4000 nmethod 611 0x00007f8e21fa6950 code [0x00007f8e21fa6b20, 0x00007f8e21fa73c8]
Event: 925.777 Thread 0x00007f8e382d5000  612 %     4       org.eclipse.jdt.launching.internal.org.objectweb.asm.ClassReader::readCode @ 71 (5071 bytes)
Event: 926.678 Thread 0x00007f8e382d5000 nmethod 612% 0x00007f8e22026f10 code [0x00007f8e22028100, 0x00007f8e22040b40]

GC Heap History (0 events):
No events

Deoptimization events (0 events):
No events

Classes redefined (12 events):
Event: 78.357 Thread 0x00007f8e381a0800 redefined class name=uk.ac.ed.inf.powergrab.Stateful, count=1
Event: 93.567 Thread 0x00007f8e381a0800 redefined class name=uk.ac.ed.inf.powergrab.Stateful, count=2
Event: 279.089 Thread 0x00007f8e381a0800 redefined class name=uk.ac.ed.inf.powergrab.Stateful, count=3
Event: 304.399 Thread 0x00007f8e381a0800 redefined class name=uk.ac.ed.inf.powergrab.Stateful, count=4
Event: 311.476 Thread 0x00007f8e381a0800 redefined class name=uk.ac.ed.inf.powergrab.Stateful, count=5
Event: 490.605 Thread 0x00007f8e381a0800 redefined class name=uk.ac.ed.inf.powergrab.Stateful, count=6
Event: 644.825 Thread 0x00007f8e381a0800 redefined class name=uk.ac.ed.inf.powergrab.Stateful, count=7
Event: 819.491 Thread 0x00007f8e381a0800 redefined class name=uk.ac.ed.inf.powergrab.Stateful, count=8
Event: 822.387 Thread 0x00007f8e381a0800 redefined class name=uk.ac.ed.inf.powergrab.Stateful, count=9
Event: 905.287 Thread 0x00007f8e381a0800 redefined class name=uk.ac.ed.inf.powergrab.Stateful, count=10
Event: 925.780 Thread 0x00007f8e381a0800 redefined class name=uk.ac.ed.inf.powergrab.Stateful, count=11
Event: 1026.900 Thread 0x00007f8e381a0800 redefined class name=uk.ac.ed.inf.powergrab.Stateful, count=12

Internal exceptions (13 events):
Event: 0.057 Thread 0x00007f8e3804f800 Exception <a 'java/lang/NoSuchMethodError': Method sun.misc.Unsafe.defineClass(Ljava/lang/String;[BII)Ljava/lang/Class; name or signature does not match> (0x000000076f807cb8) thrown at [/builddir/build/BUILD/java-1.8.0-openjdk-1.8.0.222.b10-0.el7_6.x86_64
Event: 0.057 Thread 0x00007f8e3804f800 Exception <a 'java/lang/NoSuchMethodError': Method sun.misc.Unsafe.prefetchRead(Ljava/lang/Object;J)V name or signature does not match> (0x000000076f807fa0) thrown at [/builddir/build/BUILD/java-1.8.0-openjdk-1.8.0.222.b10-0.el7_6.x86_64/openjdk/hotspot/s
Event: 0.813 Thread 0x00007f8e3804f800 Exception <a 'java/security/PrivilegedActionException'> (0x000000076fff7918) thrown at [/builddir/build/BUILD/java-1.8.0-openjdk-1.8.0.222.b10-0.el7_6.x86_64/openjdk/hotspot/src/share/vm/prims/jvm.cpp, line 1512]
Event: 0.813 Thread 0x00007f8e3804f800 Exception <a 'java/security/PrivilegedActionException'> (0x000000076fff7d10) thrown at [/builddir/build/BUILD/java-1.8.0-openjdk-1.8.0.222.b10-0.el7_6.x86_64/openjdk/hotspot/src/share/vm/prims/jvm.cpp, line 1512]
Event: 0.814 Thread 0x00007f8e3804f800 Exception <a 'java/security/PrivilegedActionException'> (0x000000076fffa7e8) thrown at [/builddir/build/BUILD/java-1.8.0-openjdk-1.8.0.222.b10-0.el7_6.x86_64/openjdk/hotspot/src/share/vm/prims/jvm.cpp, line 1512]
Event: 0.814 Thread 0x00007f8e3804f800 Exception <a 'java/security/PrivilegedActionException'> (0x000000076fffabe0) thrown at [/builddir/build/BUILD/java-1.8.0-openjdk-1.8.0.222.b10-0.el7_6.x86_64/openjdk/hotspot/src/share/vm/prims/jvm.cpp, line 1512]
Event: 0.814 Thread 0x00007f8e3804f800 Exception <a 'java/security/PrivilegedActionException'> (0x000000076fffbac0) thrown at [/builddir/build/BUILD/java-1.8.0-openjdk-1.8.0.222.b10-0.el7_6.x86_64/openjdk/hotspot/src/share/vm/prims/jvm.cpp, line 1512]
Event: 0.814 Thread 0x00007f8e3804f800 Exception <a 'java/security/PrivilegedActionException'> (0x000000076fffbeb8) thrown at [/builddir/build/BUILD/java-1.8.0-openjdk-1.8.0.222.b10-0.el7_6.x86_64/openjdk/hotspot/src/share/vm/prims/jvm.cpp, line 1512]
Event: 0.905 Thread 0x00007f8e3804f800 Exception <a 'java/lang/NoSuchFieldError': method resolution failed> (0x000000077019b460) thrown at [/builddir/build/BUILD/java-1.8.0-openjdk-1.8.0.222.b10-0.el7_6.x86_64/openjdk/hotspot/src/share/vm/prims/methodHandles.cpp, line 1167]
Event: 0.910 Thread 0x00007f8e3804f800 Exception <a 'java/lang/NoSuchFieldError': method resolution failed> (0x00000007701a9360) thrown at [/builddir/build/BUILD/java-1.8.0-openjdk-1.8.0.222.b10-0.el7_6.x86_64/openjdk/hotspot/src/share/vm/prims/methodHandles.cpp, line 1167]
Event: 1.143 Thread 0x00007f8e3804f800 Exception <a 'java/lang/ArrayIndexOutOfBoundsException': 18> (0x0000000770b6eff8) thrown at [/builddir/build/BUILD/java-1.8.0-openjdk-1.8.0.222.b10-0.el7_6.x86_64/openjdk/hotspot/src/share/vm/interpreter/interpreterRuntime.cpp, line 371]
Event: 1.144 Thread 0x00007f8e3804f800 Exception <a 'java/lang/ArrayIndexOutOfBoundsException': 67> (0x0000000770b70fe0) thrown at [/builddir/build/BUILD/java-1.8.0-openjdk-1.8.0.222.b10-0.el7_6.x86_64/openjdk/hotspot/src/share/vm/interpreter/interpreterRuntime.cpp, line 371]
Event: 1.146 Thread 0x00007f8e3804f800 Exception <a 'java/lang/ArrayIndexOutOfBoundsException': 65> (0x0000000770b78720) thrown at [/builddir/build/BUILD/java-1.8.0-openjdk-1.8.0.222.b10-0.el7_6.x86_64/openjdk/hotspot/src/share/vm/interpreter/interpreterRuntime.cpp, line 371]

Events (250 events):
Event: 1.163 loading class com/mapbox/geojson/gson/BoundingBoxTypeAdapter done
Event: 1.163 Thread 0x00007f8e3804f800 DEOPT PACKING pc=0x00007f8e21f492e4 sp=0x00007f8e3f321300
Event: 1.163 Thread 0x00007f8e3804f800 DEOPT UNPACKING pc=0x00007f8e21cf5fc4 sp=0x00007f8e3f321140 mode 1
Event: 1.163 Thread 0x00007f8e3804f800 DEOPT PACKING pc=0x00007f8e21f49084 sp=0x00007f8e3f321490
Event: 1.163 Thread 0x00007f8e3804f800 DEOPT UNPACKING pc=0x00007f8e21cf5fc4 sp=0x00007f8e3f3212d0 mode 1
Event: 1.164 loading class com/mapbox/geojson/ListOfDoublesCoordinatesTypeAdapter
Event: 1.164 loading class com/mapbox/geojson/ListOfDoublesCoordinatesTypeAdapter done
Event: 1.164 Thread 0x00007f8e3804f800 DEOPT PACKING pc=0x00007f8e21f492e4 sp=0x00007f8e3f320e90
Event: 1.164 Thread 0x00007f8e3804f800 DEOPT UNPACKING pc=0x00007f8e21cf5fc4 sp=0x00007f8e3f320cd0 mode 1
Event: 1.164 Thread 0x00007f8e3804f800 DEOPT PACKING pc=0x00007f8e21f49084 sp=0x00007f8e3f321020
Event: 1.164 Thread 0x00007f8e3804f800 DEOPT UNPACKING pc=0x00007f8e21cf5fc4 sp=0x00007f8e3f320e60 mode 1
Event: 1.165 loading class com/mapbox/geojson/BaseCoordinatesTypeAdapter
Event: 1.165 loading class com/mapbox/geojson/BaseCoordinatesTypeAdapter done
Event: 1.165 Thread 0x00007f8e3804f800 DEOPT PACKING pc=0x00007f8e21f492e4 sp=0x00007f8e3f31ee00
Event: 1.165 Thread 0x00007f8e3804f800 DEOPT UNPACKING pc=0x00007f8e21cf5fc4 sp=0x00007f8e3f31ec40 mode 1
Event: 1.165 Thread 0x00007f8e3804f800 DEOPT PACKING pc=0x00007f8e21f49084 sp=0x00007f8e3f31ef90
Event: 1.165 Thread 0x00007f8e3804f800 DEOPT UNPACKING pc=0x00007f8e21cf5fc4 sp=0x00007f8e3f31edd0 mode 1
Event: 1.166 loading class com/mapbox/geojson/MultiPoint$GsonTypeAdapter
Event: 1.166 loading class com/mapbox/geojson/MultiPoint$GsonTypeAdapter done
Event: 1.166 Thread 0x00007f8e3804f800 DEOPT PACKING pc=0x00007f8e21f492e4 sp=0x00007f8e3f321330
Event: 1.166 Thread 0x00007f8e3804f800 DEOPT UNPACKING pc=0x00007f8e21cf5fc4 sp=0x00007f8e3f321170 mode 1
Event: 1.166 Thread 0x00007f8e3804f800 DEOPT PACKING pc=0x00007f8e21f49084 sp=0x00007f8e3f3214c0
Event: 1.166 Thread 0x00007f8e3804f800 DEOPT UNPACKING pc=0x00007f8e21cf5fc4 sp=0x00007f8e3f321300 mode 1
Event: 1.167 loading class com/mapbox/geojson/ListOfPointCoordinatesTypeAdapter
Event: 1.167 loading class com/mapbox/geojson/ListOfPointCoordinatesTypeAdapter done
Event: 1.167 Thread 0x00007f8e3804f800 DEOPT PACKING pc=0x00007f8e21f492e4 sp=0x00007f8e3f320e90
Event: 1.167 Thread 0x00007f8e3804f800 DEOPT UNPACKING pc=0x00007f8e21cf5fc4 sp=0x00007f8e3f320cd0 mode 1
Event: 1.167 Thread 0x00007f8e3804f800 DEOPT PACKING pc=0x00007f8e21f49084 sp=0x00007f8e3f321020
Event: 1.167 Thread 0x00007f8e3804f800 DEOPT UNPACKING pc=0x00007f8e21cf5fc4 sp=0x00007f8e3f320e60 mode 1
Event: 1.168 loading class com/mapbox/geojson/LineString$GsonTypeAdapter
Event: 1.168 loading class com/mapbox/geojson/LineString$GsonTypeAdapter done
Event: 1.168 Thread 0x00007f8e3804f800 DEOPT PACKING pc=0x00007f8e21f492e4 sp=0x00007f8e3f321330
Event: 1.168 Thread 0x00007f8e3804f800 DEOPT UNPACKING pc=0x00007f8e21cf5fc4 sp=0x00007f8e3f321170 mode 1
Event: 1.168 Thread 0x00007f8e3804f800 DEOPT PACKING pc=0x00007f8e21f49084 sp=0x00007f8e3f3214c0
Event: 1.168 Thread 0x00007f8e3804f800 DEOPT UNPACKING pc=0x00007f8e21cf5fc4 sp=0x00007f8e3f321300 mode 1
Event: 1.169 loading class com/mapbox/geojson/MultiLineString$GsonTypeAdapter
Event: 1.169 loading class com/mapbox/geojson/MultiLineString$GsonTypeAdapter done
Event: 1.169 Thread 0x00007f8e3804f800 DEOPT PACKING pc=0x00007f8e21f492e4 sp=0x00007f8e3f321330
Event: 1.170 Thread 0x00007f8e3804f800 DEOPT UNPACKING pc=0x00007f8e21cf5fc4 sp=0x00007f8e3f321170 mode 1
Event: 1.170 Thread 0x00007f8e3804f800 DEOPT PACKING pc=0x00007f8e21f49084 sp=0x00007f8e3f3214c0
Event: 1.170 Thread 0x00007f8e3804f800 DEOPT UNPACKING pc=0x00007f8e21cf5fc4 sp=0x00007f8e3f321300 mode 1
Event: 1.170 loading class com/mapbox/geojson/ListOfListOfPointCoordinatesTypeAdapter
Event: 1.170 loading class com/mapbox/geojson/ListOfListOfPointCoordinatesTypeAdapter done
Event: 1.170 Thread 0x00007f8e3804f800 DEOPT PACKING pc=0x00007f8e21f492e4 sp=0x00007f8e3f320e90
Event: 1.170 Thread 0x00007f8e3804f800 DEOPT UNPACKING pc=0x00007f8e21cf5fc4 sp=0x00007f8e3f320cd0 mode 1
Event: 1.170 Thread 0x00007f8e3804f800 DEOPT PACKING pc=0x00007f8e21f49084 sp=0x00007f8e3f321020
Event: 1.171 Thread 0x00007f8e3804f800 DEOPT UNPACKING pc=0x00007f8e21cf5fc4 sp=0x00007f8e3f320e60 mode 1
Event: 1.171 loading class com/mapbox/geojson/Polygon$GsonTypeAdapter
Event: 1.171 loading class com/mapbox/geojson/Polygon$GsonTypeAdapter done
Event: 1.171 Thread 0x00007f8e3804f800 DEOPT PACKING pc=0x00007f8e21f492e4 sp=0x00007f8e3f321330
Event: 1.171 Thread 0x00007f8e3804f800 DEOPT UNPACKING pc=0x00007f8e21cf5fc4 sp=0x00007f8e3f321170 mode 1
Event: 1.172 Thread 0x00007f8e3804f800 DEOPT PACKING pc=0x00007f8e21f49084 sp=0x00007f8e3f3214c0
Event: 1.172 Thread 0x00007f8e3804f800 DEOPT UNPACKING pc=0x00007f8e21cf5fc4 sp=0x00007f8e3f321300 mode 1
Event: 1.173 loading class com/mapbox/geojson/MultiPolygon$GsonTypeAdapter
Event: 1.173 loading class com/mapbox/geojson/MultiPolygon$GsonTypeAdapter done
Event: 1.173 Thread 0x00007f8e3804f800 DEOPT PACKING pc=0x00007f8e21f492e4 sp=0x00007f8e3f321330
Event: 1.173 Thread 0x00007f8e3804f800 DEOPT UNPACKING pc=0x00007f8e21cf5fc4 sp=0x00007f8e3f321170 mode 1
Event: 1.173 Thread 0x00007f8e3804f800 DEOPT PACKING pc=0x00007f8e21f49084 sp=0x00007f8e3f3214c0
Event: 1.173 Thread 0x00007f8e3804f800 DEOPT UNPACKING pc=0x00007f8e21cf5fc4 sp=0x00007f8e3f321300 mode 1
Event: 1.174 loading class com/mapbox/geojson/ListofListofListOfPointCoordinatesTypeAdapter
Event: 1.174 loading class com/mapbox/geojson/ListofListofListOfPointCoordinatesTypeAdapter done
Event: 1.174 Thread 0x00007f8e3804f800 DEOPT PACKING pc=0x00007f8e21f492e4 sp=0x00007f8e3f320e90
Event: 1.174 Thread 0x00007f8e3804f800 DEOPT UNPACKING pc=0x00007f8e21cf5fc4 sp=0x00007f8e3f320cd0 mode 1
Event: 1.174 Thread 0x00007f8e3804f800 DEOPT PACKING pc=0x00007f8e21f49084 sp=0x00007f8e3f321020
Event: 1.174 Thread 0x00007f8e3804f800 DEOPT UNPACKING pc=0x00007f8e21cf5fc4 sp=0x00007f8e3f320e60 mode 1
Event: 1.175 loading class com/google/gson/typeadapters/RuntimeTypeAdapterFactory$1
Event: 1.175 loading class com/google/gson/typeadapters/RuntimeTypeAdapterFactory$1 done
Event: 1.175 Thread 0x00007f8e3804f800 DEOPT PACKING pc=0x00007f8e21f492e4 sp=0x00007f8e3f322ff0
Event: 1.175 Thread 0x00007f8e3804f800 DEOPT UNPACKING pc=0x00007f8e21cf5fc4 sp=0x00007f8e3f322e30 mode 1
Event: 1.175 Thread 0x00007f8e3804f800 DEOPT PACKING pc=0x00007f8e21f49084 sp=0x00007f8e3f323180
Event: 1.175 Thread 0x00007f8e3804f800 DEOPT UNPACKING pc=0x00007f8e21cf5fc4 sp=0x00007f8e3f322fc0 mode 1
Event: 1.176 loading class com/google/gson/internal/Streams
Event: 1.176 loading class com/google/gson/internal/Streams done
Event: 1.176 Thread 0x00007f8e3804f800 DEOPT PACKING pc=0x00007f8e21f492e4 sp=0x00007f8e3f322e00
Event: 1.176 Thread 0x00007f8e3804f800 DEOPT UNPACKING pc=0x00007f8e21cf5fc4 sp=0x00007f8e3f322c40 mode 1
Event: 1.176 Thread 0x00007f8e3804f800 DEOPT PACKING pc=0x00007f8e21f49084 sp=0x00007f8e3f322f90
Event: 1.176 Thread 0x00007f8e3804f800 DEOPT UNPACKING pc=0x00007f8e21cf5fc4 sp=0x00007f8e3f322dd0 mode 1
Event: 1.177 loading class com/google/gson/internal/Streams$AppendableWriter
Event: 1.177 loading class com/google/gson/internal/Streams$AppendableWriter done
Event: 1.177 Thread 0x00007f8e3804f800 DEOPT PACKING pc=0x00007f8e21f492e4 sp=0x00007f8e3f321150
Event: 1.177 Thread 0x00007f8e3804f800 DEOPT UNPACKING pc=0x00007f8e21cf5fc4 sp=0x00007f8e3f320f90 mode 1
Event: 1.177 Thread 0x00007f8e3804f800 DEOPT PACKING pc=0x00007f8e21f49084 sp=0x00007f8e3f3212e0
Event: 1.177 Thread 0x00007f8e3804f800 DEOPT UNPACKING pc=0x00007f8e21cf5fc4 sp=0x00007f8e3f321120 mode 1
Event: 1.179 loading class com/google/gson/internal/bind/JsonTreeReader$1
Event: 1.179 loading class com/google/gson/internal/bind/JsonTreeReader$1 done
Event: 1.179 Thread 0x00007f8e3804f800 DEOPT PACKING pc=0x00007f8e21f492e4 sp=0x00007f8e3f3215e0
Event: 1.179 Thread 0x00007f8e3804f800 DEOPT UNPACKING pc=0x00007f8e21cf5fc4 sp=0x00007f8e3f321420 mode 1
Event: 1.179 Thread 0x00007f8e3804f800 DEOPT PACKING pc=0x00007f8e21f49084 sp=0x00007f8e3f321770
Event: 1.179 Thread 0x00007f8e3804f800 DEOPT UNPACKING pc=0x00007f8e21cf5fc4 sp=0x00007f8e3f3215b0 mode 1
Event: 1.180 loading class com/google/gson/internal/LinkedTreeMap$EntrySet
Event: 1.180 loading class com/google/gson/internal/LinkedTreeMap$EntrySet done
Event: 1.180 Thread 0x00007f8e3804f800 DEOPT PACKING pc=0x00007f8e21f492e4 sp=0x00007f8e3f322db0
Event: 1.180 Thread 0x00007f8e3804f800 DEOPT UNPACKING pc=0x00007f8e21cf5fc4 sp=0x00007f8e3f322bf0 mode 1
Event: 1.180 Thread 0x00007f8e3804f800 DEOPT PACKING pc=0x00007f8e21f49084 sp=0x00007f8e3f322f40
Event: 1.180 Thread 0x00007f8e3804f800 DEOPT UNPACKING pc=0x00007f8e21cf5fc4 sp=0x00007f8e3f322d80 mode 1
Event: 1.181 loading class com/google/gson/internal/LinkedTreeMap$EntrySet$1
Event: 1.181 loading class com/google/gson/internal/LinkedTreeMap$EntrySet$1 done
Event: 1.181 Thread 0x00007f8e3804f800 DEOPT PACKING pc=0x00007f8e21f492e4 sp=0x00007f8e3f322e20
Event: 1.181 Thread 0x00007f8e3804f800 DEOPT UNPACKING pc=0x00007f8e21cf5fc4 sp=0x00007f8e3f322c60 mode 1
Event: 1.181 Thread 0x00007f8e3804f800 DEOPT PACKING pc=0x00007f8e21f49084 sp=0x00007f8e3f322fb0
Event: 1.181 Thread 0x00007f8e3804f800 DEOPT UNPACKING pc=0x00007f8e21cf5fc4 sp=0x00007f8e3f322df0 mode 1
Event: 1.182 Thread 0x00007f8e3804f800 DEOPT PACKING pc=0x00007f8e21f55adc sp=0x00007f8e3f320850
Event: 1.182 Thread 0x00007f8e3804f800 DEOPT UNPACKING pc=0x00007f8e21cf5fc4 sp=0x00007f8e3f3205e0 mode 0
Event: 1.182 loading class com/google/gson/internal/LinkedTreeMap$LinkedTreeMapIterator
Event: 1.182 loading class com/google/gson/internal/LinkedTreeMap$LinkedTreeMapIterator done
Event: 1.182 Thread 0x00007f8e3804f800 DEOPT PACKING pc=0x00007f8e21f492e4 sp=0x00007f8e3f320d90
Event: 1.182 Thread 0x00007f8e3804f800 DEOPT UNPACKING pc=0x00007f8e21cf5fc4 sp=0x00007f8e3f320bd0 mode 1
Event: 1.182 Thread 0x00007f8e3804f800 DEOPT PACKING pc=0x00007f8e21f49084 sp=0x00007f8e3f320f20
Event: 1.182 Thread 0x00007f8e3804f800 DEOPT UNPACKING pc=0x00007f8e21cf5fc4 sp=0x00007f8e3f320d60 mode 1
Event: 1.182 loading class java/util/ConcurrentModificationException
Event: 1.183 loading class java/util/ConcurrentModificationException done
Event: 1.183 loading class sun/misc/FloatingDecimal$ASCIIToBinaryBuffer
Event: 1.183 loading class sun/misc/FloatingDecimal$ASCIIToBinaryBuffer done
Event: 1.184 loading class com/mapbox/geojson/shifter/CoordinateShifterManager
Event: 1.184 loading class com/mapbox/geojson/shifter/CoordinateShifterManager done
Event: 1.184 Thread 0x00007f8e3804f800 DEOPT PACKING pc=0x00007f8e21f492e4 sp=0x00007f8e3f322b10
Event: 1.184 Thread 0x00007f8e3804f800 DEOPT UNPACKING pc=0x00007f8e21cf5fc4 sp=0x00007f8e3f322950 mode 1
Event: 1.184 Thread 0x00007f8e3804f800 DEOPT PACKING pc=0x00007f8e21f49084 sp=0x00007f8e3f322ca0
Event: 1.184 Thread 0x00007f8e3804f800 DEOPT UNPACKING pc=0x00007f8e21cf5fc4 sp=0x00007f8e3f322ae0 mode 1
Event: 1.184 loading class com/mapbox/geojson/shifter/CoordinateShifter
Event: 1.184 loading class com/mapbox/geojson/shifter/CoordinateShifter done
Event: 1.185 Thread 0x00007f8e3804f800 DEOPT PACKING pc=0x00007f8e21f492e4 sp=0x00007f8e3f3210f0
Event: 1.185 Thread 0x00007f8e3804f800 DEOPT UNPACKING pc=0x00007f8e21cf5fc4 sp=0x00007f8e3f320f30 mode 1
Event: 1.185 Thread 0x00007f8e3804f800 DEOPT PACKING pc=0x00007f8e21f49084 sp=0x00007f8e3f321280
Event: 1.185 Thread 0x00007f8e3804f800 DEOPT UNPACKING pc=0x00007f8e21cf5fc4 sp=0x00007f8e3f3210c0 mode 1
Event: 1.185 loading class com/mapbox/geojson/shifter/CoordinateShifterManager$1
Event: 1.185 loading class com/mapbox/geojson/shifter/CoordinateShifterManager$1 done
Event: 1.185 Thread 0x00007f8e3804f800 DEOPT PACKING pc=0x00007f8e21f78471 sp=0x00007f8e3f322590
Event: 1.185 Thread 0x00007f8e3804f800 DEOPT UNPACKING pc=0x00007f8e21cf5fc4 sp=0x00007f8e3f322300 mode 1
Event: 1.185 Thread 0x00007f8e3804f800 DEOPT PACKING pc=0x00007f8e21f492e4 sp=0x00007f8e3f322610
Event: 1.185 Thread 0x00007f8e3804f800 DEOPT UNPACKING pc=0x00007f8e21cf5fc4 sp=0x00007f8e3f322450 mode 1
Event: 1.185 Thread 0x00007f8e3804f800 DEOPT PACKING pc=0x00007f8e21f49084 sp=0x00007f8e3f3227a0
Event: 1.185 Thread 0x00007f8e3804f800 DEOPT UNPACKING pc=0x00007f8e21cf5fc4 sp=0x00007f8e3f3225e0 mode 1
Event: 1.192 loading class com/google/gson/internal/Primitives
Event: 1.192 loading class com/google/gson/internal/Primitives done
Event: 1.192 Thread 0x00007f8e3804f800 DEOPT PACKING pc=0x00007f8e21f78471 sp=0x00007f8e3f323350
Event: 1.192 Thread 0x00007f8e3804f800 DEOPT UNPACKING pc=0x00007f8e21cf5fc4 sp=0x00007f8e3f3230c0 mode 1
Event: 1.192 Thread 0x00007f8e3804f800 DEOPT PACKING pc=0x00007f8e21f492e4 sp=0x00007f8e3f3233d0
Event: 1.192 Thread 0x00007f8e3804f800 DEOPT UNPACKING pc=0x00007f8e21cf5fc4 sp=0x00007f8e3f323210 mode 1
Event: 1.192 Thread 0x00007f8e3804f800 DEOPT PACKING pc=0x00007f8e21f49084 sp=0x00007f8e3f323560
Event: 1.193 Thread 0x00007f8e3804f800 DEOPT UNPACKING pc=0x00007f8e21cf5fc4 sp=0x00007f8e3f3233a0 mode 1
Event: 1.194 loading class java/util/Collections$UnmodifiableMap
Event: 1.194 loading class java/util/Collections$UnmodifiableMap done
Event: 1.194 loading class java/util/Random
Event: 1.194 loading class java/util/Random done
Event: 1.195 loading class uk/ac/ed/inf/powergrab/Station$Symbol
Event: 1.195 loading class uk/ac/ed/inf/powergrab/Station$Symbol done
Event: 1.195 Thread 0x00007f8e3804f800 DEOPT PACKING pc=0x00007f8e21f78471 sp=0x00007f8e3f323530
Event: 1.195 Thread 0x00007f8e3804f800 DEOPT UNPACKING pc=0x00007f8e21cf5fc4 sp=0x00007f8e3f3232a0 mode 1
Event: 1.195 Thread 0x00007f8e3804f800 DEOPT PACKING pc=0x00007f8e21f492e4 sp=0x00007f8e3f3235b0
Event: 1.195 Thread 0x00007f8e3804f800 DEOPT UNPACKING pc=0x00007f8e21cf5fc4 sp=0x00007f8e3f3233f0 mode 1
Event: 1.195 Thread 0x00007f8e3804f800 DEOPT PACKING pc=0x00007f8e21f49084 sp=0x00007f8e3f323740
Event: 1.195 Thread 0x00007f8e3804f800 DEOPT UNPACKING pc=0x00007f8e21cf5fc4 sp=0x00007f8e3f323580 mode 1
Event: 1.196 loading class uk/ac/ed/inf/powergrab/Position
Event: 1.196 loading class uk/ac/ed/inf/powergrab/Position done
Event: 1.196 Thread 0x00007f8e3804f800 DEOPT PACKING pc=0x00007f8e21f78471 sp=0x00007f8e3f3236c0
Event: 1.196 Thread 0x00007f8e3804f800 DEOPT UNPACKING pc=0x00007f8e21cf5fc4 sp=0x00007f8e3f323430 mode 1
Event: 1.196 Thread 0x00007f8e3804f800 DEOPT PACKING pc=0x00007f8e21f492e4 sp=0x00007f8e3f323740
Event: 1.196 Thread 0x00007f8e3804f800 DEOPT UNPACKING pc=0x00007f8e21cf5fc4 sp=0x00007f8e3f323580 mode 1
Event: 1.196 Thread 0x00007f8e3804f800 DEOPT PACKING pc=0x00007f8e21f49084 sp=0x00007f8e3f3238d0
Event: 1.196 Thread 0x00007f8e3804f800 DEOPT UNPACKING pc=0x00007f8e21cf5fc4 sp=0x00007f8e3f323710 mode 1
Event: 1.200 Executing VM operation: ChangeBreakpoints
Event: 1.200 Executing VM operation: ChangeBreakpoints done
Event: 1.202 loading class uk/ac/ed/inf/powergrab/Station
Event: 1.202 loading class uk/ac/ed/inf/powergrab/Station done
Event: 1.202 Thread 0x00007f8e3804f800 DEOPT PACKING pc=0x00007f8e21f78471 sp=0x00007f8e3f3236b0
Event: 1.202 Thread 0x00007f8e3804f800 DEOPT UNPACKING pc=0x00007f8e21cf5fc4 sp=0x00007f8e3f323420 mode 1
Event: 1.202 Thread 0x00007f8e3804f800 DEOPT PACKING pc=0x00007f8e21f492e4 sp=0x00007f8e3f323730
Event: 1.202 Thread 0x00007f8e3804f800 DEOPT UNPACKING pc=0x00007f8e21cf5fc4 sp=0x00007f8e3f323570 mode 1
Event: 1.202 Thread 0x00007f8e3804f800 DEOPT PACKING pc=0x00007f8e21f49084 sp=0x00007f8e3f3238c0
Event: 1.202 Thread 0x00007f8e3804f800 DEOPT UNPACKING pc=0x00007f8e21cf5fc4 sp=0x00007f8e3f323700 mode 1
Event: 1.206 Executing VM operation: ChangeBreakpoints
Event: 1.206 Executing VM operation: ChangeBreakpoints done
Event: 1.208 loading class uk/ac/ed/inf/powergrab/Drone$DroneType
Event: 1.208 loading class uk/ac/ed/inf/powergrab/Drone$DroneType done
Event: 1.208 Thread 0x00007f8e3804f800 DEOPT PACKING pc=0x00007f8e21f78471 sp=0x00007f8e3f3235b0
Event: 1.208 Thread 0x00007f8e3804f800 DEOPT UNPACKING pc=0x00007f8e21cf5fc4 sp=0x00007f8e3f323320 mode 1
Event: 1.208 Thread 0x00007f8e3804f800 DEOPT PACKING pc=0x00007f8e21f492e4 sp=0x00007f8e3f323630
Event: 1.208 Thread 0x00007f8e3804f800 DEOPT UNPACKING pc=0x00007f8e21cf5fc4 sp=0x00007f8e3f323470 mode 1
Event: 1.208 Thread 0x00007f8e3804f800 DEOPT PACKING pc=0x00007f8e21f49084 sp=0x00007f8e3f3237c0
Event: 1.208 Thread 0x00007f8e3804f800 DEOPT UNPACKING pc=0x00007f8e21cf5fc4 sp=0x00007f8e3f323600 mode 1
Event: 1.209 loading class uk/ac/ed/inf/powergrab/Astar
Event: 1.209 loading class uk/ac/ed/inf/powergrab/Astar done
Event: 1.209 Thread 0x00007f8e3804f800 DEOPT PACKING pc=0x00007f8e21f78471 sp=0x00007f8e3f3236c0
Event: 1.209 Thread 0x00007f8e3804f800 DEOPT UNPACKING pc=0x00007f8e21cf5fc4 sp=0x00007f8e3f323430 mode 1
Event: 1.209 Thread 0x00007f8e3804f800 DEOPT PACKING pc=0x00007f8e21f492e4 sp=0x00007f8e3f323740
Event: 1.209 Thread 0x00007f8e3804f800 DEOPT UNPACKING pc=0x00007f8e21cf5fc4 sp=0x00007f8e3f323580 mode 1
Event: 1.209 Thread 0x00007f8e3804f800 DEOPT PACKING pc=0x00007f8e21f49084 sp=0x00007f8e3f3238d0
Event: 1.209 Thread 0x00007f8e3804f800 DEOPT UNPACKING pc=0x00007f8e21cf5fc4 sp=0x00007f8e3f323710 mode 1
Event: 1.214 Executing VM operation: ChangeBreakpoints
Event: 1.214 Executing VM operation: ChangeBreakpoints done
Event: 1.216 Executing VM operation: ChangeBreakpoints
Event: 1.216 Executing VM operation: ChangeBreakpoints done
Event: 1.222 loading class uk/ac/ed/inf/powergrab/Station
Event: 1.222 loading class uk/ac/ed/inf/powergrab/Station done
Event: 1.222 loading class java/util/function/Consumer
Event: 1.222 loading class java/util/function/Consumer done
Event: 4.732 Executing VM operation: EnableBiasedLocking
Event: 4.732 Executing VM operation: EnableBiasedLocking done
Event: 5.988 loading class java/util/Collections$SynchronizedRandomAccessList
Event: 5.988 loading class java/util/Collections$SynchronizedList
Event: 5.989 loading class java/util/Collections$SynchronizedList done
Event: 5.989 loading class java/util/Collections$SynchronizedRandomAccessList done
Event: 10.989 Thread 0x00007f8e3836d000 Thread exited: 0x00007f8e3836d000
Event: 78.354 Executing VM operation: RedefineClasses
Event: 78.357 Executing VM operation: RedefineClasses done
Event: 78.378 Executing VM operation: ChangeBreakpoints
Event: 78.378 Executing VM operation: ChangeBreakpoints done
Event: 93.564 Executing VM operation: RedefineClasses
Event: 93.567 Executing VM operation: RedefineClasses done
Event: 93.583 Executing VM operation: ChangeBreakpoints
Event: 93.584 Executing VM operation: ChangeBreakpoints done
Event: 279.085 Executing VM operation: RedefineClasses
Event: 279.089 Executing VM operation: RedefineClasses done
Event: 279.100 Executing VM operation: ChangeBreakpoints
Event: 279.100 Executing VM operation: ChangeBreakpoints done
Event: 304.396 Executing VM operation: RedefineClasses
Event: 304.399 Executing VM operation: RedefineClasses done
Event: 304.414 Executing VM operation: ChangeBreakpoints
Event: 304.414 Executing VM operation: ChangeBreakpoints done
Event: 311.473 Executing VM operation: RedefineClasses
Event: 311.476 Executing VM operation: RedefineClasses done
Event: 311.494 Executing VM operation: ChangeBreakpoints
Event: 311.495 Executing VM operation: ChangeBreakpoints done
Event: 490.601 Executing VM operation: RedefineClasses
Event: 490.605 Executing VM operation: RedefineClasses done
Event: 490.621 Executing VM operation: ChangeBreakpoints
Event: 490.622 Executing VM operation: ChangeBreakpoints done
Event: 644.821 Executing VM operation: RedefineClasses
Event: 644.826 Executing VM operation: RedefineClasses done
Event: 644.852 Executing VM operation: ChangeBreakpoints
Event: 644.852 Executing VM operation: ChangeBreakpoints done
Event: 819.487 Executing VM operation: RedefineClasses
Event: 819.491 Executing VM operation: RedefineClasses done
Event: 819.507 Executing VM operation: ChangeBreakpoints
Event: 819.507 Executing VM operation: ChangeBreakpoints done
Event: 822.377 Executing VM operation: RedefineClasses
Event: 822.387 Executing VM operation: RedefineClasses done
Event: 822.417 Executing VM operation: ChangeBreakpoints
Event: 822.418 Executing VM operation: ChangeBreakpoints done
Event: 905.284 Executing VM operation: RedefineClasses
Event: 905.287 Executing VM operation: RedefineClasses done
Event: 925.777 Executing VM operation: RedefineClasses
Event: 925.781 Executing VM operation: RedefineClasses done
Event: 925.789 Executing VM operation: ChangeBreakpoints
Event: 925.791 Executing VM operation: ChangeBreakpoints done
Event: 1026.897 Executing VM operation: RedefineClasses
Event: 1026.900 Executing VM operation: RedefineClasses done
Event: 1026.913 Executing VM operation: ChangeBreakpoints
Event: 1026.913 Executing VM operation: ChangeBreakpoints done


Dynamic libraries:
00400000-00401000 r-xp 00000000 08:01 1989627                            /usr/lib/jvm/java-1.8.0-openjdk-1.8.0.222.b10-0.el7_6.x86_64/bin/java
00600000-00601000 r--p 00000000 08:01 1989627                            /usr/lib/jvm/java-1.8.0-openjdk-1.8.0.222.b10-0.el7_6.x86_64/bin/java
00601000-00602000 rw-p 00001000 08:01 1989627                            /usr/lib/jvm/java-1.8.0-openjdk-1.8.0.222.b10-0.el7_6.x86_64/bin/java
018ee000-0190f000 rw-p 00000000 00:00 0                                  [heap]
6ce800000-6d8980000 rw-p 00000000 00:00 0 
6d8980000-76f800000 ---p 00000000 00:00 0 
76f800000-774880000 rw-p 00000000 00:00 0 
774880000-7c0000000 ---p 00000000 00:00 0 
7c0000000-7c0100000 rw-p 00000000 00:00 0 
7c0100000-800000000 ---p 00000000 00:00 0 
7f8dc8000000-7f8dcb5cd000 rw-p 00000000 00:00 0 
7f8dcb5cd000-7f8dcc000000 ---p 00000000 00:00 0 
7f8dd0000000-7f8dd0021000 rw-p 00000000 00:00 0 
7f8dd0021000-7f8dd4000000 ---p 00000000 00:00 0 
7f8dd4000000-7f8dd4021000 rw-p 00000000 00:00 0 
7f8dd4021000-7f8dd8000000 ---p 00000000 00:00 0 
7f8dd8000000-7f8dd86c4000 rw-p 00000000 00:00 0 
7f8dd86c4000-7f8ddc000000 ---p 00000000 00:00 0 
7f8ddc000000-7f8ddc021000 rw-p 00000000 00:00 0 
7f8ddc021000-7f8de0000000 ---p 00000000 00:00 0 
7f8de0000000-7f8de084b000 rw-p 00000000 00:00 0 
7f8de084b000-7f8de4000000 ---p 00000000 00:00 0 
7f8de4000000-7f8de7fff000 rw-p 00000000 00:00 0 
7f8de7fff000-7f8de8000000 ---p 00000000 00:00 0 
7f8de8000000-7f8de8021000 rw-p 00000000 00:00 0 
7f8de8021000-7f8dec000000 ---p 00000000 00:00 0 
7f8dec000000-7f8dec021000 rw-p 00000000 00:00 0 
7f8dec021000-7f8df0000000 ---p 00000000 00:00 0 
7f8df0000000-7f8df0021000 rw-p 00000000 00:00 0 
7f8df0021000-7f8df4000000 ---p 00000000 00:00 0 
7f8df4000000-7f8df4080000 rw-p 00000000 00:00 0 
7f8df4080000-7f8df8000000 ---p 00000000 00:00 0 
7f8df8000000-7f8df8021000 rw-p 00000000 00:00 0 
7f8df8021000-7f8dfc000000 ---p 00000000 00:00 0 
7f8dfc000000-7f8dfc021000 rw-p 00000000 00:00 0 
7f8dfc021000-7f8e00000000 ---p 00000000 00:00 0 
7f8e00000000-7f8e00021000 rw-p 00000000 00:00 0 
7f8e00021000-7f8e04000000 ---p 00000000 00:00 0 
7f8e05717000-7f8e05757000 rw-p 00000000 00:00 0 
7f8e05757000-7f8e0591a000 ---p 00000000 00:00 0 
7f8e0591a000-7f8e05a18000 rw-p 00000000 00:00 0 
7f8e05a18000-7f8e05a2e000 r-xp 00000000 08:01 394197                     /usr/lib64/libresolv-2.17.so
7f8e05a2e000-7f8e05c2d000 ---p 00016000 08:01 394197                     /usr/lib64/libresolv-2.17.so
7f8e05c2d000-7f8e05c2e000 r--p 00015000 08:01 394197                     /usr/lib64/libresolv-2.17.so
7f8e05c2e000-7f8e05c2f000 rw-p 00016000 08:01 394197                     /usr/lib64/libresolv-2.17.so
7f8e05c2f000-7f8e05c31000 rw-p 00000000 00:00 0 
7f8e05c31000-7f8e05c37000 r-xp 00000000 08:01 394185                     /usr/lib64/libnss_dns-2.17.so
7f8e05c37000-7f8e05e36000 ---p 00006000 08:01 394185                     /usr/lib64/libnss_dns-2.17.so
7f8e05e36000-7f8e05e37000 r--p 00005000 08:01 394185                     /usr/lib64/libnss_dns-2.17.so
7f8e05e37000-7f8e05e38000 rw-p 00006000 08:01 394185                     /usr/lib64/libnss_dns-2.17.so
7f8e05e38000-7f8e05e4f000 r-xp 00000000 08:01 1982857                    /usr/lib/jvm/java-1.8.0-openjdk-1.8.0.222.b10-0.el7_6.x86_64/jre/lib/amd64/libnet.so
7f8e05e4f000-7f8e0604e000 ---p 00017000 08:01 1982857                    /usr/lib/jvm/java-1.8.0-openjdk-1.8.0.222.b10-0.el7_6.x86_64/jre/lib/amd64/libnet.so
7f8e0604e000-7f8e0604f000 r--p 00016000 08:01 1982857                    /usr/lib/jvm/java-1.8.0-openjdk-1.8.0.222.b10-0.el7_6.x86_64/jre/lib/amd64/libnet.so
7f8e0604f000-7f8e06050000 rw-p 00017000 08:01 1982857                    /usr/lib/jvm/java-1.8.0-openjdk-1.8.0.222.b10-0.el7_6.x86_64/jre/lib/amd64/libnet.so
7f8e06050000-7f8e06051000 ---p 00000000 00:00 0 
7f8e06051000-7f8e06151000 rw-p 00000000 00:00 0 
7f8e06151000-7f8e06154000 ---p 00000000 00:00 0 
7f8e06154000-7f8e06252000 rw-p 00000000 00:00 0 
7f8e06252000-7f8e06256000 ---p 00000000 00:00 0 
7f8e06256000-7f8e06353000 rw-p 00000000 00:00 0 
7f8e06353000-7f8e06357000 ---p 00000000 00:00 0 
7f8e06357000-7f8e06454000 rw-p 00000000 00:00 0 
7f8e06454000-7f8e06458000 ---p 00000000 00:00 0 
7f8e06458000-7f8e06555000 rw-p 00000000 00:00 0 
7f8e06555000-7f8e06558000 ---p 00000000 00:00 0 
7f8e06558000-7f8e06656000 rw-p 00000000 00:00 0 
7f8e06656000-7f8e06659000 ---p 00000000 00:00 0 
7f8e06659000-7f8e06757000 rw-p 00000000 00:00 0 
7f8e06757000-7f8e0675a000 ---p 00000000 00:00 0 
7f8e0675a000-7f8e06858000 rw-p 00000000 00:00 0 
7f8e06858000-7f8e0685c000 r-xp 00000000 08:01 1982839                    /usr/lib/jvm/java-1.8.0-openjdk-1.8.0.222.b10-0.el7_6.x86_64/jre/lib/amd64/libdt_socket.so
7f8e0685c000-7f8e06a5b000 ---p 00004000 08:01 1982839                    /usr/lib/jvm/java-1.8.0-openjdk-1.8.0.222.b10-0.el7_6.x86_64/jre/lib/amd64/libdt_socket.so
7f8e06a5b000-7f8e06a5c000 r--p 00003000 08:01 1982839                    /usr/lib/jvm/java-1.8.0-openjdk-1.8.0.222.b10-0.el7_6.x86_64/jre/lib/amd64/libdt_socket.so
7f8e06a5c000-7f8e06a5d000 rw-p 00004000 08:01 1982839                    /usr/lib/jvm/java-1.8.0-openjdk-1.8.0.222.b10-0.el7_6.x86_64/jre/lib/amd64/libdt_socket.so
7f8e06a5d000-7f8e06a60000 ---p 00000000 00:00 0 
7f8e06a60000-7f8e06b5e000 rw-p 00000000 00:00 0 
7f8e06b5e000-7f8e06b61000 ---p 00000000 00:00 0 
7f8e06b61000-7f8e06c5f000 rw-p 00000000 00:00 0 
7f8e06c5f000-7f8e06c62000 ---p 00000000 00:00 0 
7f8e06c62000-7f8e06d60000 rw-p 00000000 00:00 0 
7f8e06d60000-7f8e06d61000 ---p 00000000 00:00 0 
7f8e06d61000-7f8e07d70000 rw-p 00000000 00:00 0 
7f8e07d70000-7f8e07f40000 r--s 04445000 08:01 1982888                    /usr/lib/jvm/java-1.8.0-openjdk-1.8.0.222.b10-0.el7_6.x86_64/jre/lib/rt.jar
7f8e07f40000-7f8e10000000 rw-p 00000000 00:00 0 
7f8e10000000-7f8e10021000 rw-p 00000000 00:00 0 
7f8e10021000-7f8e14000000 ---p 00000000 00:00 0 
7f8e14000000-7f8e14021000 rw-p 00000000 00:00 0 
7f8e14021000-7f8e18000000 ---p 00000000 00:00 0 
7f8e18000000-7f8e18021000 rw-p 00000000 00:00 0 
7f8e18021000-7f8e1c000000 ---p 00000000 00:00 0 
7f8e1c000000-7f8e1c021000 rw-p 00000000 00:00 0 
7f8e1c021000-7f8e20000000 ---p 00000000 00:00 0 
7f8e20003000-7f8e20853000 rw-p 00000000 00:00 0 
7f8e20853000-7f8e20854000 ---p 00000000 00:00 0 
7f8e20854000-7f8e20954000 rw-p 00000000 00:00 0 
7f8e20954000-7f8e20955000 ---p 00000000 00:00 0 
7f8e20955000-7f8e20a55000 rw-p 00000000 00:00 0 
7f8e20a55000-7f8e20a56000 ---p 00000000 00:00 0 
7f8e20a56000-7f8e20b56000 rw-p 00000000 00:00 0 
7f8e20b56000-7f8e20b57000 ---p 00000000 00:00 0 
7f8e20b57000-7f8e20ca8000 rw-p 00000000 00:00 0 
7f8e20ca8000-7f8e2115f000 ---p 00000000 00:00 0 
7f8e2115f000-7f8e211b0000 rw-p 00000000 00:00 0 
7f8e211b0000-7f8e21667000 ---p 00000000 00:00 0 
7f8e21667000-7f8e21690000 rw-p 00000000 00:00 0 
7f8e21690000-7f8e218eb000 ---p 00000000 00:00 0 
7f8e218eb000-7f8e218fb000 rw-p 00000000 00:00 0 
7f8e218fb000-7f8e21cac000 ---p 00000000 00:00 0 
7f8e21cac000-7f8e2205c000 rwxp 00000000 00:00 0 
7f8e2205c000-7f8e30cac000 ---p 00000000 00:00 0 
7f8e30cac000-7f8e30cb4000 r-xp 00000000 08:01 1982865                    /usr/lib/jvm/java-1.8.0-openjdk-1.8.0.222.b10-0.el7_6.x86_64/jre/lib/amd64/libzip.so
7f8e30cb4000-7f8e30eb3000 ---p 00008000 08:01 1982865                    /usr/lib/jvm/java-1.8.0-openjdk-1.8.0.222.b10-0.el7_6.x86_64/jre/lib/amd64/libzip.so
7f8e30eb3000-7f8e30eb4000 r--p 00007000 08:01 1982865                    /usr/lib/jvm/java-1.8.0-openjdk-1.8.0.222.b10-0.el7_6.x86_64/jre/lib/amd64/libzip.so
7f8e30eb4000-7f8e30eb5000 rw-p 00008000 08:01 1982865                    /usr/lib/jvm/java-1.8.0-openjdk-1.8.0.222.b10-0.el7_6.x86_64/jre/lib/amd64/libzip.so
7f8e30eb5000-7f8e316ba000 r--s 00000000 08:01 3943471                    /var/lib/sss/mc/passwd
7f8e316ba000-7f8e316c2000 r-xp 00000000 08:01 398696                     /usr/lib64/libnss_sss.so.2
7f8e316c2000-7f8e318c1000 ---p 00008000 08:01 398696                     /usr/lib64/libnss_sss.so.2
7f8e318c1000-7f8e318c2000 r--p 00007000 08:01 398696                     /usr/lib64/libnss_sss.so.2
7f8e318c2000-7f8e318c3000 rw-p 00008000 08:01 398696                     /usr/lib64/libnss_sss.so.2
7f8e318c3000-7f8e318cf000 r-xp 00000000 08:01 394187                     /usr/lib64/libnss_files-2.17.so
7f8e318cf000-7f8e31ace000 ---p 0000c000 08:01 394187                     /usr/lib64/libnss_files-2.17.so
7f8e31ace000-7f8e31acf000 r--p 0000b000 08:01 394187                     /usr/lib64/libnss_files-2.17.so
7f8e31acf000-7f8e31ad0000 rw-p 0000c000 08:01 394187                     /usr/lib64/libnss_files-2.17.so
7f8e31ad0000-7f8e31ad6000 rw-p 00000000 00:00 0 
7f8e31ad6000-7f8e38000000 r--p 00000000 08:01 397709                     /usr/lib/locale/locale-archive
7f8e38000000-7f8e3859a000 rw-p 00000000 00:00 0 
7f8e3859a000-7f8e3c000000 ---p 00000000 00:00 0 
7f8e3c03a000-7f8e3c095000 rw-p 00000000 00:00 0 
7f8e3c095000-7f8e3c09f000 r-xp 00000000 08:01 1982842                    /usr/lib/jvm/java-1.8.0-openjdk-1.8.0.222.b10-0.el7_6.x86_64/jre/lib/amd64/libinstrument.so
7f8e3c09f000-7f8e3c29e000 ---p 0000a000 08:01 1982842                    /usr/lib/jvm/java-1.8.0-openjdk-1.8.0.222.b10-0.el7_6.x86_64/jre/lib/amd64/libinstrument.so
7f8e3c29e000-7f8e3c29f000 r--p 00009000 08:01 1982842                    /usr/lib/jvm/java-1.8.0-openjdk-1.8.0.222.b10-0.el7_6.x86_64/jre/lib/amd64/libinstrument.so
7f8e3c29f000-7f8e3c2a0000 rw-p 0000a000 08:01 1982842                    /usr/lib/jvm/java-1.8.0-openjdk-1.8.0.222.b10-0.el7_6.x86_64/jre/lib/amd64/libinstrument.so
7f8e3c2a0000-7f8e3c2a2000 r-xp 00000000 08:01 1982859                    /usr/lib/jvm/java-1.8.0-openjdk-1.8.0.222.b10-0.el7_6.x86_64/jre/lib/amd64/libnpt.so
7f8e3c2a2000-7f8e3c4a2000 ---p 00002000 08:01 1982859                    /usr/lib/jvm/java-1.8.0-openjdk-1.8.0.222.b10-0.el7_6.x86_64/jre/lib/amd64/libnpt.so
7f8e3c4a2000-7f8e3c4a3000 r--p 00002000 08:01 1982859                    /usr/lib/jvm/java-1.8.0-openjdk-1.8.0.222.b10-0.el7_6.x86_64/jre/lib/amd64/libnpt.so
7f8e3c4a3000-7f8e3c4a4000 rw-p 00003000 08:01 1982859                    /usr/lib/jvm/java-1.8.0-openjdk-1.8.0.222.b10-0.el7_6.x86_64/jre/lib/amd64/libnpt.so
7f8e3c4a4000-7f8e3c4de000 r-xp 00000000 08:01 1982850                    /usr/lib/jvm/java-1.8.0-openjdk-1.8.0.222.b10-0.el7_6.x86_64/jre/lib/amd64/libjdwp.so
7f8e3c4de000-7f8e3c6de000 ---p 0003a000 08:01 1982850                    /usr/lib/jvm/java-1.8.0-openjdk-1.8.0.222.b10-0.el7_6.x86_64/jre/lib/amd64/libjdwp.so
7f8e3c6de000-7f8e3c6df000 r--p 0003a000 08:01 1982850                    /usr/lib/jvm/java-1.8.0-openjdk-1.8.0.222.b10-0.el7_6.x86_64/jre/lib/amd64/libjdwp.so
7f8e3c6df000-7f8e3c6e0000 rw-p 0003b000 08:01 1982850                    /usr/lib/jvm/java-1.8.0-openjdk-1.8.0.222.b10-0.el7_6.x86_64/jre/lib/amd64/libjdwp.so
7f8e3c6e0000-7f8e3c709000 r-xp 00000000 08:01 1982847                    /usr/lib/jvm/java-1.8.0-openjdk-1.8.0.222.b10-0.el7_6.x86_64/jre/lib/amd64/libjava.so
7f8e3c709000-7f8e3c908000 ---p 00029000 08:01 1982847                    /usr/lib/jvm/java-1.8.0-openjdk-1.8.0.222.b10-0.el7_6.x86_64/jre/lib/amd64/libjava.so
7f8e3c908000-7f8e3c909000 r--p 00028000 08:01 1982847                    /usr/lib/jvm/java-1.8.0-openjdk-1.8.0.222.b10-0.el7_6.x86_64/jre/lib/amd64/libjava.so
7f8e3c909000-7f8e3c90b000 rw-p 00029000 08:01 1982847                    /usr/lib/jvm/java-1.8.0-openjdk-1.8.0.222.b10-0.el7_6.x86_64/jre/lib/amd64/libjava.so
7f8e3c90b000-7f8e3c918000 r-xp 00000000 08:01 1982864                    /usr/lib/jvm/java-1.8.0-openjdk-1.8.0.222.b10-0.el7_6.x86_64/jre/lib/amd64/libverify.so
7f8e3c918000-7f8e3cb17000 ---p 0000d000 08:01 1982864                    /usr/lib/jvm/java-1.8.0-openjdk-1.8.0.222.b10-0.el7_6.x86_64/jre/lib/amd64/libverify.so
7f8e3cb17000-7f8e3cb19000 r--p 0000c000 08:01 1982864                    /usr/lib/jvm/java-1.8.0-openjdk-1.8.0.222.b10-0.el7_6.x86_64/jre/lib/amd64/libverify.so
7f8e3cb19000-7f8e3cb1a000 rw-p 0000e000 08:01 1982864                    /usr/lib/jvm/java-1.8.0-openjdk-1.8.0.222.b10-0.el7_6.x86_64/jre/lib/amd64/libverify.so
7f8e3cb1a000-7f8e3cb21000 r-xp 00000000 08:01 394199                     /usr/lib64/librt-2.17.so
7f8e3cb21000-7f8e3cd20000 ---p 00007000 08:01 394199                     /usr/lib64/librt-2.17.so
7f8e3cd20000-7f8e3cd21000 r--p 00006000 08:01 394199                     /usr/lib64/librt-2.17.so
7f8e3cd21000-7f8e3cd22000 rw-p 00007000 08:01 394199                     /usr/lib64/librt-2.17.so
7f8e3cd22000-7f8e3cd37000 r-xp 00000000 08:01 393235                     /usr/lib64/libgcc_s-4.8.5-20150702.so.1
7f8e3cd37000-7f8e3cf36000 ---p 00015000 08:01 393235                     /usr/lib64/libgcc_s-4.8.5-20150702.so.1
7f8e3cf36000-7f8e3cf37000 r--p 00014000 08:01 393235                     /usr/lib64/libgcc_s-4.8.5-20150702.so.1
7f8e3cf37000-7f8e3cf38000 rw-p 00015000 08:01 393235                     /usr/lib64/libgcc_s-4.8.5-20150702.so.1
7f8e3cf38000-7f8e3d039000 r-xp 00000000 08:01 394177                     /usr/lib64/libm-2.17.so
7f8e3d039000-7f8e3d238000 ---p 00101000 08:01 394177                     /usr/lib64/libm-2.17.so
7f8e3d238000-7f8e3d239000 r--p 00100000 08:01 394177                     /usr/lib64/libm-2.17.so
7f8e3d239000-7f8e3d23a000 rw-p 00101000 08:01 394177                     /usr/lib64/libm-2.17.so
7f8e3d23a000-7f8e3d323000 r-xp 00000000 08:01 394478                     /usr/lib64/libstdc++.so.6.0.19
7f8e3d323000-7f8e3d522000 ---p 000e9000 08:01 394478                     /usr/lib64/libstdc++.so.6.0.19
7f8e3d522000-7f8e3d52a000 r--p 000e8000 08:01 394478                     /usr/lib64/libstdc++.so.6.0.19
7f8e3d52a000-7f8e3d52c000 rw-p 000f0000 08:01 394478                     /usr/lib64/libstdc++.so.6.0.19
7f8e3d52c000-7f8e3d541000 rw-p 00000000 00:00 0 
7f8e3d541000-7f8e3e229000 r-xp 00000000 08:01 1982869                    /usr/lib/jvm/java-1.8.0-openjdk-1.8.0.222.b10-0.el7_6.x86_64/jre/lib/amd64/server/libjvm.so
7f8e3e229000-7f8e3e429000 ---p 00ce8000 08:01 1982869                    /usr/lib/jvm/java-1.8.0-openjdk-1.8.0.222.b10-0.el7_6.x86_64/jre/lib/amd64/server/libjvm.so
7f8e3e429000-7f8e3e4d5000 r--p 00ce8000 08:01 1982869                    /usr/lib/jvm/java-1.8.0-openjdk-1.8.0.222.b10-0.el7_6.x86_64/jre/lib/amd64/server/libjvm.so
7f8e3e4d5000-7f8e3e4ff000 rw-p 00d94000 08:01 1982869                    /usr/lib/jvm/java-1.8.0-openjdk-1.8.0.222.b10-0.el7_6.x86_64/jre/lib/amd64/server/libjvm.so
7f8e3e4ff000-7f8e3e532000 rw-p 00000000 00:00 0 
7f8e3e532000-7f8e3e6f5000 r-xp 00000000 08:01 394169                     /usr/lib64/libc-2.17.so
7f8e3e6f5000-7f8e3e8f5000 ---p 001c3000 08:01 394169                     /usr/lib64/libc-2.17.so
7f8e3e8f5000-7f8e3e8f9000 r--p 001c3000 08:01 394169                     /usr/lib64/libc-2.17.so
7f8e3e8f9000-7f8e3e8fb000 rw-p 001c7000 08:01 394169                     /usr/lib64/libc-2.17.so
7f8e3e8fb000-7f8e3e900000 rw-p 00000000 00:00 0 
7f8e3e900000-7f8e3e902000 r-xp 00000000 08:01 394175                     /usr/lib64/libdl-2.17.so
7f8e3e902000-7f8e3eb02000 ---p 00002000 08:01 394175                     /usr/lib64/libdl-2.17.so
7f8e3eb02000-7f8e3eb03000 r--p 00002000 08:01 394175                     /usr/lib64/libdl-2.17.so
7f8e3eb03000-7f8e3eb04000 rw-p 00003000 08:01 394175                     /usr/lib64/libdl-2.17.so
7f8e3eb04000-7f8e3eb11000 r-xp 00000000 08:01 1989676                    /usr/lib/jvm/java-1.8.0-openjdk-1.8.0.222.b10-0.el7_6.x86_64/lib/amd64/jli/libjli.so
7f8e3eb11000-7f8e3ed11000 ---p 0000d000 08:01 1989676                    /usr/lib/jvm/java-1.8.0-openjdk-1.8.0.222.b10-0.el7_6.x86_64/lib/amd64/jli/libjli.so
7f8e3ed11000-7f8e3ed12000 r--p 0000d000 08:01 1989676                    /usr/lib/jvm/java-1.8.0-openjdk-1.8.0.222.b10-0.el7_6.x86_64/lib/amd64/jli/libjli.so
7f8e3ed12000-7f8e3ed13000 rw-p 0000e000 08:01 1989676                    /usr/lib/jvm/java-1.8.0-openjdk-1.8.0.222.b10-0.el7_6.x86_64/lib/amd64/jli/libjli.so
7f8e3ed13000-7f8e3ed28000 r-xp 00000000 08:01 394619                     /usr/lib64/libz.so.1.2.7
7f8e3ed28000-7f8e3ef27000 ---p 00015000 08:01 394619                     /usr/lib64/libz.so.1.2.7
7f8e3ef27000-7f8e3ef28000 r--p 00014000 08:01 394619                     /usr/lib64/libz.so.1.2.7
7f8e3ef28000-7f8e3ef29000 rw-p 00015000 08:01 394619                     /usr/lib64/libz.so.1.2.7
7f8e3ef29000-7f8e3ef40000 r-xp 00000000 08:01 394195                     /usr/lib64/libpthread-2.17.so
7f8e3ef40000-7f8e3f13f000 ---p 00017000 08:01 394195                     /usr/lib64/libpthread-2.17.so
7f8e3f13f000-7f8e3f140000 r--p 00016000 08:01 394195                     /usr/lib64/libpthread-2.17.so
7f8e3f140000-7f8e3f141000 rw-p 00017000 08:01 394195                     /usr/lib64/libpthread-2.17.so
7f8e3f141000-7f8e3f145000 rw-p 00000000 00:00 0 
7f8e3f145000-7f8e3f167000 r-xp 00000000 08:01 394114                     /usr/lib64/ld-2.17.so
7f8e3f195000-7f8e3f225000 rw-p 00000000 00:00 0 
7f8e3f225000-7f8e3f229000 ---p 00000000 00:00 0 
7f8e3f229000-7f8e3f32b000 rw-p 00000000 00:00 0 
7f8e3f32b000-7f8e3f32d000 r--s 00019000 08:01 1982877                    /usr/lib/jvm/java-1.8.0-openjdk-1.8.0.222.b10-0.el7_6.x86_64/jre/lib/jce.jar
7f8e3f32d000-7f8e3f331000 r--s 000bd000 08:01 1982879                    /usr/lib/jvm/java-1.8.0-openjdk-1.8.0.222.b10-0.el7_6.x86_64/jre/lib/jsse.jar
7f8e3f331000-7f8e3f334000 r--s 0001d000 00:28 1625286630                 /afs/inf.ed.ac.uk/user/s17/s1703367/.eclipse/org.eclipse.platform_4.8.0_1665050590_linux_gtk_x86_64/configuration/org.eclipse.osgi/232/0/.cp/lib/javaagent-shaded.jar
7f8e3f334000-7f8e3f339000 r--s 00036000 00:28 1625264646                 /afs/inf.ed.ac.uk/user/s17/s1703367/.m2/repository/com/google/code/gson/gson/2.8.5/gson-2.8.5.jar
7f8e3f339000-7f8e3f33c000 r--s 00011000 00:28 1625264630                 /afs/inf.ed.ac.uk/user/s17/s1703367/.m2/repository/com/mapbox/mapboxsdk/mapbox-sdk-geojson/4.9.0/mapbox-sdk-geojson-4.9.0.jar
7f8e3f33c000-7f8e3f342000 r--s 00309000 08:01 1982871                    /usr/lib/jvm/java-1.8.0-openjdk-1.8.0.222.b10-0.el7_6.x86_64/jre/lib/charsets.jar
7f8e3f342000-7f8e3f344000 r--s 00019000 08:01 1982877                    /usr/lib/jvm/java-1.8.0-openjdk-1.8.0.222.b10-0.el7_6.x86_64/jre/lib/jce.jar
7f8e3f344000-7f8e3f348000 r--s 000bd000 08:01 1982879                    /usr/lib/jvm/java-1.8.0-openjdk-1.8.0.222.b10-0.el7_6.x86_64/jre/lib/jsse.jar
7f8e3f348000-7f8e3f35b000 r--s 00346000 08:01 1982887                    /usr/lib/jvm/java-1.8.0-openjdk-1.8.0.222.b10-0.el7_6.x86_64/jre/lib/resources.jar
7f8e3f35b000-7f8e3f363000 rw-s 00000000 fd:00 32454                      /tmp/hsperfdata_s1703367/26012
7f8e3f363000-7f8e3f364000 rw-p 00000000 00:00 0 
7f8e3f364000-7f8e3f365000 r--p 00000000 00:00 0 
7f8e3f365000-7f8e3f366000 rw-p 00000000 00:00 0 
7f8e3f366000-7f8e3f367000 r--p 00021000 08:01 394114                     /usr/lib64/ld-2.17.so
7f8e3f367000-7f8e3f368000 rw-p 00022000 08:01 394114                     /usr/lib64/ld-2.17.so
7f8e3f368000-7f8e3f369000 rw-p 00000000 00:00 0 
7ffdb414e000-7ffdb4170000 rw-p 00000000 00:00 0                          [stack]
7ffdb41d4000-7ffdb41d6000 r-xp 00000000 00:00 0                          [vdso]
ffffffffff600000-ffffffffff601000 r-xp 00000000 00:00 0                  [vsyscall]

VM Arguments:
jvm_args: -agentlib:jdwp=transport=dt_socket,suspend=y,address=localhost:45562 -javaagent:/afs/inf.ed.ac.uk/user/s17/s1703367/.eclipse/org.eclipse.platform_4.8.0_1665050590_linux_gtk_x86_64/configuration/org.eclipse.osgi/232/0/.cp/lib/javaagent-shaded.jar -Dfile.encoding=UTF-8 
java_command: uk.ac.ed.inf.powergrab.PlayPowergrab 16 09 2019 55.944425 -3.188396 5678 stateful
java_class_path (initial): /usr/lib/jvm/java-1.8.0-openjdk-1.8.0.222.b10-0.el7_6.x86_64/jre/lib/resources.jar:/usr/lib/jvm/java-1.8.0-openjdk-1.8.0.222.b10-0.el7_6.x86_64/jre/lib/rt.jar:/usr/lib/jvm/java-1.8.0-openjdk-1.8.0.222.b10-0.el7_6.x86_64/jre/lib/jsse.jar:/usr/lib/jvm/java-1.8.0-openjdk-1.8.0.222.b10-0.el7_6.x86_64/jre/lib/jce.jar:/usr/lib/jvm/java-1.8.0-openjdk-1.8.0.222.b10-0.el7_6.x86_64/jre/lib/charsets.jar:/usr/lib/jvm/java-1.8.0-openjdk-1.8.0.222.b10-0.el7_6.x86_64/jre/lib/ext/sunpkcs11.jar:/usr/lib/jvm/java-1.8.0-openjdk-1.8.0.222.b10-0.el7_6.x86_64/jre/lib/ext/nashorn.jar:/usr/lib/jvm/java-1.8.0-openjdk-1.8.0.222.b10-0.el7_6.x86_64/jre/lib/ext/zipfs.jar:/usr/lib/jvm/java-1.8.0-openjdk-1.8.0.222.b10-0.el7_6.x86_64/jre/lib/ext/cldrdata.jar:/usr/lib/jvm/java-1.8.0-openjdk-1.8.0.222.b10-0.el7_6.x86_64/jre/lib/ext/sunec.jar:/usr/lib/jvm/java-1.8.0-openjdk-1.8.0.222.b10-0.el7_6.x86_64/jre/lib/ext/sunjce_provider.jar:/usr/lib/jvm/java-1.8.0-openjdk-1.8.0.222.b10-0.el7_6.x86_64/jre/lib/ext/localedata.jar:/usr/lib/jvm/java-1.8.0-openjdk-1.8.0.222.b10-0.el7_6.x86_64/jre/lib/ext/jaccess.jar:/usr/lib/jvm/java-1.8.0-openjdk-1.8.0.222.b10-0.el7_6.x86_64/jre/lib/ext/dnsns.jar:/afs/inf.ed.ac.uk/user/s17/s1703367/eclipse-workspace/powergrab/target/classes:/afs/inf.ed.ac.uk/user/s17/s1703367/.m2/repository/com/mapbox/mapboxsdk/mapbox-sdk-geojson/4.9.0/mapbox-sdk-geojson-4.9.0.jar:/afs/inf.ed.ac.uk/user/s17/s1703367/.m2/repository/com/google/code/gson/gson/2.8.5/gson-2.8.5.jar:/afs/inf.ed.ac.uk/user/s17/s1703367/.eclipse/org.eclipse.platform_4.8.0_1665050590_linux_gtk_x86_64/configuration/org.eclipse.osgi/232/0/.cp/lib/javaagent-shaded.jar
Launcher Type: SUN_STANDARD

Environment Variables:
PATH=/usr/lib64/qt-3.3/bin:/opt/mendeleydesktop/bin:/usr/local/bin/:/usr/lib/jvm/java-1.8.0/bin/:/opt/texlive/2019/bin/x86_64-linux:/opt/matlab-R2018a/bin/:/usr/local/sbin:/usr/bin:/sbin:/usr/pgsql-9.6/bin:/opt/sicstus-4.0.1/bin
SHELL=/bin/bash
DISPLAY=:0

Signal Handlers:
SIGSEGV: [libjvm.so+0xacf850], sa_mask[0]=11111111011111111101111111111110, sa_flags=SA_RESTART|SA_SIGINFO
SIGBUS: [libjvm.so+0xacf850], sa_mask[0]=11111111011111111101111111111110, sa_flags=SA_RESTART|SA_SIGINFO
SIGFPE: [libjvm.so+0x8c1cb0], sa_mask[0]=11111111011111111101111111111110, sa_flags=SA_RESTART|SA_SIGINFO
SIGPIPE: [libjvm.so+0x8c1cb0], sa_mask[0]=11111111011111111101111111111110, sa_flags=SA_RESTART|SA_SIGINFO
SIGXFSZ: [libjvm.so+0x8c1cb0], sa_mask[0]=11111111011111111101111111111110, sa_flags=SA_RESTART|SA_SIGINFO
SIGILL: [libjvm.so+0x8c1cb0], sa_mask[0]=11111111011111111101111111111110, sa_flags=SA_RESTART|SA_SIGINFO
SIGUSR1: SIG_DFL, sa_mask[0]=00000000000000000000000000000000, sa_flags=none
SIGUSR2: [libjvm.so+0x8c1b60], sa_mask[0]=00100000000000000000000000000000, sa_flags=SA_RESTART|SA_SIGINFO
SIGHUP: [libjvm.so+0x8c1d70], sa_mask[0]=11111111011111111101111111111110, sa_flags=SA_RESTART|SA_SIGINFO
SIGINT: [libjvm.so+0x8c1d70], sa_mask[0]=11111111011111111101111111111110, sa_flags=SA_RESTART|SA_SIGINFO
SIGTERM: [libjvm.so+0x8c1d70], sa_mask[0]=11111111011111111101111111111110, sa_flags=SA_RESTART|SA_SIGINFO
SIGQUIT: [libjvm.so+0x8c1d70], sa_mask[0]=11111111011111111101111111111110, sa_flags=SA_RESTART|SA_SIGINFO


---------------  S Y S T E M  ---------------

OS:Scientific Linux release 7.6 (Nitrogen)

uname:Linux 3.10.0-1062.1.1.el7.x86_64 #1 SMP Tue Sep 3 10:41:00 CDT 2019 x86_64
libc:glibc 2.17 NPTL 2.17 
rlimit: STACK 8192k, CORE 0k, NPROC 4096, NOFILE 4096, AS infinity
load average:1.44 1.50 1.20

/proc/meminfo:
MemTotal:       15824956 kB
MemFree:         3568368 kB
MemAvailable:   11640444 kB
Buffers:          794000 kB
Cached:          7232632 kB
SwapCached:            0 kB
Active:          8335664 kB
Inactive:        2755444 kB
Active(anon):    3074776 kB
Inactive(anon):   447904 kB
Active(file):    5260888 kB
Inactive(file):  2307540 kB
Unevictable:          96 kB
Mlocked:              96 kB
SwapTotal:       7911932 kB
SwapFree:        7911932 kB
Dirty:              1580 kB
Writeback:             0 kB
AnonPages:       3064852 kB
Mapped:           409560 kB
Shmem:            458220 kB
Slab:             913924 kB
SReclaimable:     839836 kB
SUnreclaim:        74088 kB
KernelStack:       14064 kB
PageTables:        72132 kB
NFS_Unstable:          0 kB
Bounce:                0 kB
WritebackTmp:          0 kB
CommitLimit:    15824408 kB
Committed_AS:   10566032 kB
VmallocTotal:   34359738367 kB
VmallocUsed:      388368 kB
VmallocChunk:   34358947836 kB
HardwareCorrupted:     0 kB
AnonHugePages:    389120 kB
CmaTotal:              0 kB
CmaFree:               0 kB
HugePages_Total:       0
HugePages_Free:        0
HugePages_Rsvd:        0
HugePages_Surp:        0
Hugepagesize:       2048 kB
DirectMap4k:      401000 kB
DirectMap2M:     9469952 kB
DirectMap1G:     6291456 kB

container (cgroup) information:
container_type: cgroupv1
cpu_cpuset_cpus: 0-3
cpu_memory_nodes: 0
active_processor_count: 4
cpu_quota: -1
cpu_period: 100000
cpu_shares: -1
memory_limit_in_bytes: -1
memory_and_swap_limit_in_bytes: -1
memory_soft_limit_in_bytes: -1
memory_usage_in_bytes: 11357646848
memory_max_usage_in_bytes: 0


CPU:total 4 (initial active 4) (4 cores per cpu, 1 threads per core) family 6 model 94 stepping 3, cmov, cx8, fxsr, mmx, sse, sse2, sse3, ssse3, sse4.1, sse4.2, popcnt, avx, avx2, aes, clmul, erms, rtm, 3dnowpref, lzcnt, tsc, tscinvbit, bmi1, bmi2, adx

/proc/cpuinfo:
processor	: 0
vendor_id	: GenuineIntel
cpu family	: 6
model		: 94
model name	: Intel(R) Core(TM) i5-6500 CPU @ 3.20GHz
stepping	: 3
microcode	: 0xcc
cpu MHz		: 3302.539
cache size	: 6144 KB
physical id	: 0
siblings	: 4
core id		: 0
cpu cores	: 4
apicid		: 0
initial apicid	: 0
fpu		: yes
fpu_exception	: yes
cpuid level	: 22
wp		: yes
flags		: fpu vme de pse tsc msr pae mce cx8 apic sep mtrr pge mca cmov pat pse36 clflush dts acpi mmx fxsr sse sse2 ss ht tm pbe syscall nx pdpe1gb rdtscp lm constant_tsc art arch_perfmon pebs bts rep_good nopl xtopology nonstop_tsc aperfmperf eagerfpu pni pclmulqdq dtes64 monitor ds_cpl vmx smx est tm2 ssse3 sdbg fma cx16 xtpr pdcm pcid sse4_1 sse4_2 x2apic movbe popcnt tsc_deadline_timer aes xsave avx f16c rdrand lahf_lm abm 3dnowprefetch epb invpcid_single intel_pt ssbd ibrs ibpb stibp tpr_shadow vnmi flexpriority ept vpid fsgsbase tsc_adjust bmi1 hle avx2 smep bmi2 erms invpcid rtm mpx rdseed adx smap clflushopt xsaveopt xsavec xgetbv1 dtherm ida arat pln pts hwp hwp_notify hwp_act_window hwp_epp md_clear spec_ctrl intel_stibp flush_l1d
bogomips	: 6384.00
clflush size	: 64
cache_alignment	: 64
address sizes	: 39 bits physical, 48 bits virtual
power management:

processor	: 1
vendor_id	: GenuineIntel
cpu family	: 6
model		: 94
model name	: Intel(R) Core(TM) i5-6500 CPU @ 3.20GHz
stepping	: 3
microcode	: 0xcc
cpu MHz		: 3315.625
cache size	: 6144 KB
physical id	: 0
siblings	: 4
core id		: 1
cpu cores	: 4
apicid		: 2
initial apicid	: 2
fpu		: yes
fpu_exception	: yes
cpuid level	: 22
wp		: yes
flags		: fpu vme de pse tsc msr pae mce cx8 apic sep mtrr pge mca cmov pat pse36 clflush dts acpi mmx fxsr sse sse2 ss ht tm pbe syscall nx pdpe1gb rdtscp lm constant_tsc art arch_perfmon pebs bts rep_good nopl xtopology nonstop_tsc aperfmperf eagerfpu pni pclmulqdq dtes64 monitor ds_cpl vmx smx est tm2 ssse3 sdbg fma cx16 xtpr pdcm pcid sse4_1 sse4_2 x2apic movbe popcnt tsc_deadline_timer aes xsave avx f16c rdrand lahf_lm abm 3dnowprefetch epb invpcid_single intel_pt ssbd ibrs ibpb stibp tpr_shadow vnmi flexpriority ept vpid fsgsbase tsc_adjust bmi1 hle avx2 smep bmi2 erms invpcid rtm mpx rdseed adx smap clflushopt xsaveopt xsavec xgetbv1 dtherm ida arat pln pts hwp hwp_notify hwp_act_window hwp_epp md_clear spec_ctrl intel_stibp flush_l1d
bogomips	: 6384.00
clflush size	: 64
cache_alignment	: 64
address sizes	: 39 bits physical, 48 bits virtual
power management:

processor	: 2
vendor_id	: GenuineIntel
cpu family	: 6
model		: 94
model name	: Intel(R) Core(TM) i5-6500 CPU @ 3.20GHz
stepping	: 3
microcode	: 0xcc
cpu MHz		: 3333.398
cache size	: 6144 KB
physical id	: 0
siblings	: 4
core id		: 2
cpu cores	: 4
apicid		: 4
initial apicid	: 4
fpu		: yes
fpu_exception	: yes
cpuid level	: 22
wp		: yes
flags		: fpu vme de pse tsc msr pae mce cx8 apic sep mtrr pge mca cmov pat pse36 clflush dts acpi mmx fxsr sse sse2 ss ht tm pbe syscall nx pdpe1gb rdtscp lm constant_tsc art arch_perfmon pebs bts rep_good nopl xtopology nonstop_tsc aperfmperf eagerfpu pni pclmulqdq dtes64 monitor ds_cpl vmx smx est tm2 ssse3 sdbg fma cx16 xtpr pdcm pcid sse4_1 sse4_2 x2apic movbe popcnt tsc_deadline_timer aes xsave avx f16c rdrand lahf_lm abm 3dnowprefetch epb invpcid_single intel_pt ssbd ibrs ibpb stibp tpr_shadow vnmi flexpriority ept vpid fsgsbase tsc_adjust bmi1 hle avx2 smep bmi2 erms invpcid rtm mpx rdseed adx smap clflushopt xsaveopt xsavec xgetbv1 dtherm ida arat pln pts hwp hwp_notify hwp_act_window hwp_epp md_clear spec_ctrl intel_stibp flush_l1d
bogomips	: 6384.00
clflush size	: 64
cache_alignment	: 64
address sizes	: 39 bits physical, 48 bits virtual
power management:

processor	: 3
vendor_id	: GenuineIntel
cpu family	: 6
model		: 94
model name	: Intel(R) Core(TM) i5-6500 CPU @ 3.20GHz
stepping	: 3
microcode	: 0xcc
cpu MHz		: 3322.460
cache size	: 6144 KB
physical id	: 0
siblings	: 4
core id		: 3
cpu cores	: 4
apicid		: 6
initial apicid	: 6
fpu		: yes
fpu_exception	: yes
cpuid level	: 22
wp		: yes
flags		: fpu vme de pse tsc msr pae mce cx8 apic sep mtrr pge mca cmov pat pse36 clflush dts acpi mmx fxsr sse sse2 ss ht tm pbe syscall nx pdpe1gb rdtscp lm constant_tsc art arch_perfmon pebs bts rep_good nopl xtopology nonstop_tsc aperfmperf eagerfpu pni pclmulqdq dtes64 monitor ds_cpl vmx smx est tm2 ssse3 sdbg fma cx16 xtpr pdcm pcid sse4_1 sse4_2 x2apic movbe popcnt tsc_deadline_timer aes xsave avx f16c rdrand lahf_lm abm 3dnowprefetch epb invpcid_single intel_pt ssbd ibrs ibpb stibp tpr_shadow vnmi flexpriority ept vpid fsgsbase tsc_adjust bmi1 hle avx2 smep bmi2 erms invpcid rtm mpx rdseed adx smap clflushopt xsaveopt xsavec xgetbv1 dtherm ida arat pln pts hwp hwp_notify hwp_act_window hwp_epp md_clear spec_ctrl intel_stibp flush_l1d
bogomips	: 6384.00
clflush size	: 64
cache_alignment	: 64
address sizes	: 39 bits physical, 48 bits virtual
power management:



Memory: 4k page, physical 15824956k(3568128k free), swap 7911932k(7911932k free)

vm_info: OpenJDK 64-Bit Server VM (25.222-b10) for linux-amd64 JRE (1.8.0_222-b10), built on Jul 22 2019 09:28:44 by "mockbuild" with gcc 4.8.5 20150623 (Red Hat 4.8.5-36)

time: Tue Oct 29 17:50:10 2019
timezone: GMT
elapsed time: 1026 seconds (0d 0h 17m 6s)

