#
# A fatal error has been detected by the Java Runtime Environment:
#
#  SIGSEGV (0xb) at pc=0x00007f5b695e82c7, pid=5824, tid=0x00007f5b3e8f0700
#
# JRE version: OpenJDK Runtime Environment (8.0_222-b10) (build 1.8.0_222-b10)
# Java VM: OpenJDK 64-Bit Server VM (25.222-b10 mixed mode linux-amd64 compressed oops)
# Problematic frame:
# V  [libjvm.so+0x5d72c7]
#
# Failed to write core dump. Core dumps have been disabled. To enable core dumping, try "ulimit -c unlimited" before starting Java again
#
# If you would like to submit a bug report, please visit:
#   http://bugreport.java.com/bugreport/crash.jsp
#

---------------  T H R E A D  ---------------

Current thread (0x00007f5b641a0800):  VMThread [stack: 0x00007f5b3e7f1000,0x00007f5b3e8f1000] [id=5839]

siginfo: si_signo: 11 (SIGSEGV), si_code: 128 (SI_KERNEL), si_addr: 0x0000000000000000

Registers:
RAX=0x0000000000000800, RBX=0x00007f5b3e8ef1f0, RCX=0x00000000ffffcd4b, RDX=0x00007f5b64091570
RSP=0x00007f5b3e8eef70, RBP=0x00007f5b3e8eef80, RSI=0xffffffffffffcd4b, RDI=0x03ffffffffffff35
R8 =0x00007f5b3fcba0f8, R9 =0x0000000000000038, R10=0x0000000000000007, R11=0x0000000000000038
R12=0x00000000000000a0, R13=0x0000000000000276, R14=0x0000000000000276, R15=0x0000000000000000
RIP=0x00007f5b695e82c7, EFLAGS=0x0000000000010a06, CSGSFS=0x0000000000000033, ERR=0x0000000000000000
  TRAPNO=0x000000000000000d

Top of Stack: (sp=0x00007f5b3e8eef70)
0x00007f5b3e8eef70:   0000000000000276 00007f5b3e8ef1f0
0x00007f5b3e8eef80:   00007f5b3e8ef040 00007f5b695e8fbb
0x00007f5b3e8eef90:   00007f5b641a0800 00007f5b3e8ef1f0
0x00007f5b3e8eefa0:   00007f5b3e8eefd8 00007f5b3e8eefc0
0x00007f5b3e8eefb0:   00007f5b3e8ef260 00007f5b3e8eefd0
0x00007f5b3e8eefc0:   00007f5b3fcba0f8 00007f5b641a0800
0x00007f5b3e8eefd0:   0000000000000028 00007f5b3fcba0f8
0x00007f5b3e8eefe0:   00007f5b641a0800 0000027900000276
0x00007f5b3e8eeff0:   000000a00000027e 000000a0438e0000
0x00007f5b3e8ef000:   00007f5b3e8ef020 3c482d0a438e0600
0x00007f5b3e8ef010:   00007f5b3fff1798 00007f5b3e8ef090
0x00007f5b3e8ef020:   00007f5b3e8ef060 00007f5b3e8ef050
0x00007f5b3e8ef030:   00007f5b641a0800 00007f5b3e8ef1f0
0x00007f5b3e8ef040:   00007f5b3e8ef0f0 00007f5b695eff06
0x00007f5b3e8ef050:   00007f5b3fcba0f8 00007f5b641a0800
0x00007f5b3e8ef060:   00007f5b64090100 0000000000000000
0x00007f5b3e8ef070:   00007f5b3e8ef110 0000000000000000
0x00007f5b3e8ef080:   00007f5b64091580 0000000000000000
0x00007f5b3e8ef090:   00007f5b3e8e0000 0000000000000000
0x00007f5b3e8ef0a0:   00007f5b3e8ef110 00007f5b3e8ef200
0x00007f5b3e8ef0b0:   00007f5b3e8ef280 3c482d0a438e0600
0x00007f5b3e8ef0c0:   00007f5b3e8ef180 00007f5b3e8ef1f0
0x00007f5b3e8ef0d0:   00007f5b640914c0 00007f5b641a0800
0x00007f5b3e8ef0e0:   00007f5b640918a8 00007f5b6419ff40
0x00007f5b3e8ef0f0:   00007f5b3e8ef150 00007f5b698c6238
0x00007f5b3e8ef100:   00007f5b3fff1798 00007f5b641a0800
0x00007f5b3e8ef110:   00000000000003d8 00007f5b640914d0
0x00007f5b3e8ef120:   00007f5b641a0800 00007f5b2c000c20
0x00007f5b3e8ef130:   00007f5b641a0800 000000000000006b
0x00007f5b3e8ef140:   00007f5b3fcba0f8 00007f5b3e8ef1f0
0x00007f5b3e8ef150:   00007f5b3e8ef310 00007f5b698c7dee
0x00007f5b3e8ef160:   00007f5b640914c0 00007f5b641a0800 

Instructions: (pc=0x00007f5b695e82c7)
0x00007f5b695e82a7:   01 00 00 00 48 89 e5 53 48 89 fb 48 89 f7 48 d3
0x00007f5b695e82b7:   e0 48 83 ec 08 48 8b 93 90 00 00 00 48 c1 ef 06
0x00007f5b695e82c7:   48 85 04 fa 75 12 48 8d 7b 70 ba 01 00 00 00 e8
0x00007f5b695e82d7:   15 40 d6 ff 83 43 6c 01 48 83 c4 08 5b 5d c3 66 

Register to memory mapping:

RAX=0x0000000000000800 is an unknown value
RBX=0x00007f5b3e8ef1f0 is an unknown value
RCX=0x00000000ffffcd4b is an unknown value
RDX=0x00007f5b64091570 is an unknown value
RSP=0x00007f5b3e8eef70 is an unknown value
RBP=0x00007f5b3e8eef80 is an unknown value
RSI=0xffffffffffffcd4b is an unknown value
RDI=0x03ffffffffffff35 is an unknown value
R8 ={method} {0x00007f5b3fcba0f8} 'play' '()Ljava/util/ArrayList;' in 'uk/ac/ed/inf/powergrab/Stateful'
R9 =0x0000000000000038 is an unknown value
R10=0x0000000000000007 is an unknown value
R11=0x0000000000000038 is an unknown value
R12=0x00000000000000a0 is an unknown value
R13=0x0000000000000276 is an unknown value
R14=0x0000000000000276 is an unknown value
R15=0x0000000000000000 is an unknown value


Stack: [0x00007f5b3e7f1000,0x00007f5b3e8f1000],  sp=0x00007f5b3e8eef70,  free space=1015k
Native frames: (J=compiled Java code, j=interpreted, Vv=VM code, C=native code)
V  [libjvm.so+0x5d72c7]
V  [libjvm.so+0x5d7fbb]
V  [libjvm.so+0x5def06]
V  [libjvm.so+0x8b5238]
V  [libjvm.so+0x8b6dee]
V  [libjvm.so+0x8b7c3a]
V  [libjvm.so+0x8b8529]
V  [libjvm.so+0x63c4ff]
V  [libjvm.so+0x8588b8]
V  [libjvm.so+0x75287a]
V  [libjvm.so+0xad5027]
V  [libjvm.so+0xad3940]
V  [libjvm.so+0xad3df9]
V  [libjvm.so+0xad4262]
V  [libjvm.so+0x8c3a72]

VM_Operation (0x00007f5b3e2e6a10): GetOrSetLocal, mode: safepoint, requested by thread 0x00007f5b641f2000


---------------  P R O C E S S  ---------------

Java Threads: ( => current thread )
  0x00007f5b6432c000 JavaThread "Service Thread" daemon [_thread_blocked, id=5864, stack(0x00007f5b3dbe1000,0x00007f5b3dce2000)]
  0x00007f5b642d7800 JavaThread "C1 CompilerThread2" daemon [_thread_blocked, id=5863, stack(0x00007f5b3dce3000,0x00007f5b3dde3000)]
  0x00007f5b642d5000 JavaThread "C2 CompilerThread1" daemon [_thread_blocked, id=5862, stack(0x00007f5b3dde4000,0x00007f5b3dee4000)]
  0x00007f5b642d4000 JavaThread "C2 CompilerThread0" daemon [_thread_blocked, id=5861, stack(0x00007f5b3dee5000,0x00007f5b3dfe5000)]
  0x00007f5b1c001000 JavaThread "JDWP Command Reader" daemon [_thread_in_native, id=5855, stack(0x00007f5b3dfe5000,0x00007f5b3e0e6000)]
  0x00007f5b641f6000 JavaThread "JDWP Event Helper Thread" daemon [_thread_blocked, id=5854, stack(0x00007f5b3e0e6000,0x00007f5b3e1e7000)]
  0x00007f5b641f2000 JavaThread "JDWP Transport Listener: dt_socket" daemon [_thread_blocked, id=5851, stack(0x00007f5b3e1e7000,0x00007f5b3e2e8000)]
  0x00007f5b641d8800 JavaThread "Signal Dispatcher" daemon [_thread_blocked, id=5849, stack(0x00007f5b3e4ed000,0x00007f5b3e5ee000)]
  0x00007f5b641af000 JavaThread "Finalizer" daemon [_thread_blocked, id=5843, stack(0x00007f5b3e5ee000,0x00007f5b3e6ef000)]
  0x00007f5b641aa800 JavaThread "Reference Handler" daemon [_thread_blocked, id=5841, stack(0x00007f5b3e6ef000,0x00007f5b3e7f0000)]
  0x00007f5b6404f800 JavaThread "main" [_thread_blocked, id=5828, stack(0x00007f5b6acf6000,0x00007f5b6adf6000)]

Other Threads:
=>0x00007f5b641a0800 VMThread [stack: 0x00007f5b3e7f1000,0x00007f5b3e8f1000] [id=5839]
  0x00007f5b6432e000 WatcherThread [stack: 0x00007f5b3dae1000,0x00007f5b3dbe1000] [id=5865]

VM state:at safepoint (normal execution)

VM Mutex/Monitor currently owned by a thread:  ([mutex/lock_event])
[0x00007f5b6404cb80] Threads_lock - owner thread: 0x00007f5b641a0800

heap address: 0x00000006ce800000, size: 3864 MB, Compressed Oops mode: Zero based, Oop shift amount: 3
Narrow klass base: 0x0000000000000000, Narrow klass shift: 3
Compressed class space size: 1073741824 Address: 0x00000007c0000000

Heap:
 PSYoungGen      total 72192K, used 24841K [0x000000076f800000, 0x0000000774880000, 0x00000007c0000000)
  eden space 61952K, 40% used [0x000000076f800000,0x0000000771042620,0x0000000773480000)
  from space 10240K, 0% used [0x0000000773e80000,0x0000000773e80000,0x0000000774880000)
  to   space 10240K, 0% used [0x0000000773480000,0x0000000773480000,0x0000000773e80000)
 ParOldGen       total 165376K, used 0K [0x00000006ce800000, 0x00000006d8980000, 0x000000076f800000)
  object space 165376K, 0% used [0x00000006ce800000,0x00000006ce800000,0x00000006d8980000)
 Metaspace       used 8973K, capacity 9136K, committed 9216K, reserved 1056768K
  class space    used 876K, capacity 954K, committed 1024K, reserved 1048576K

Card table byte_map: [0x00007f5b4cb14000,0x00007f5b4d2a1000] byte_map_base: 0x00007f5b494a0000

Marking Bits: (ParMarkBitMap*) 0x00007f5b69fe4aa0
 Begin Bits: [0x00007f5b44a49000, 0x00007f5b486a9000)
 End Bits:   [0x00007f5b486a9000, 0x00007f5b4c309000)

Polling page: 0x00007f5b6ae34000

CodeCache: size=245760Kb used=3360Kb max_used=3543Kb free=242399Kb
 bounds [0x00007f5b4d661000, 0x00007f5b4d9e1000, 0x00007f5b5c661000]
 total_blobs=919 nmethods=598 adapters=244
 compilation: enabled

Compilation events (250 events):
Event: 1.136 Thread 0x00007f5b642d7800 nmethod 463 0x00007f5b4d8a76d0 code [0x00007f5b4d8a7840, 0x00007f5b4d8a7a30]
Event: 1.136 Thread 0x00007f5b642d7800  464       3       org.eclipse.jdt.launching.internal.org.objectweb.asm.MethodWriter::visitEnd (1 bytes)
Event: 1.136 Thread 0x00007f5b642d7800 nmethod 464 0x00007f5b4d8ab490 code [0x00007f5b4d8ab5e0, 0x00007f5b4d8ab730]
Event: 1.136 Thread 0x00007f5b642d7800  467       3       org.eclipse.jdt.launching.internal.org.objectweb.asm.MethodWriter::visitCode (1 bytes)
Event: 1.136 Thread 0x00007f5b642d7800 nmethod 467 0x00007f5b4d8a93d0 code [0x00007f5b4d8a9520, 0x00007f5b4d8a9670]
Event: 1.136 Thread 0x00007f5b642d7800  455       3       org.eclipse.jdt.launching.internal.org.objectweb.asm.ClassVisitor::visitField (24 bytes)
Event: 1.136 Thread 0x00007f5b642d7800 nmethod 455 0x00007f5b4d8a8ed0 code [0x00007f5b4d8a9040, 0x00007f5b4d8a92e8]
Event: 1.136 Thread 0x00007f5b642d7800  456       3       org.eclipse.jdt.launching.internal.org.objectweb.asm.FieldWriter::computeFieldInfoSize (201 bytes)
Event: 1.136 Thread 0x00007f5b642d7800 nmethod 456 0x00007f5b4d8c4ad0 code [0x00007f5b4d8c4ce0, 0x00007f5b4d8c58a8]
Event: 1.136 Thread 0x00007f5b642d7800  470       3       java.util.zip.Inflater::ensureOpen (47 bytes)
Event: 1.137 Thread 0x00007f5b642d7800 nmethod 470 0x00007f5b4d8c4510 code [0x00007f5b4d8c46a0, 0x00007f5b4d8c4988]
Event: 1.138 Thread 0x00007f5b642d4000  471       4       java.lang.String::startsWith (7 bytes)
Event: 1.139 Thread 0x00007f5b642d5000 nmethod 468 0x00007f5b4d8c7690 code [0x00007f5b4d8c7800, 0x00007f5b4d8c7bf8]
Event: 1.139 Thread 0x00007f5b642d5000  472       4       java.lang.String::getChars (62 bytes)
Event: 1.140 Thread 0x00007f5b642d5000 nmethod 472 0x00007f5b4d8c7e10 code [0x00007f5b4d8c7f80, 0x00007f5b4d8c81d8]
Event: 1.140 Thread 0x00007f5b642d5000  473       4       java.lang.AbstractStringBuilder::append (50 bytes)
Event: 1.142 Thread 0x00007f5b642d4000 nmethod 471 0x00007f5b4d8c8390 code [0x00007f5b4d8c84e0, 0x00007f5b4d8c8798]
Event: 1.143 Thread 0x00007f5b642d7800  474       1       java.lang.System::getSecurityManager (4 bytes)
Event: 1.143 Thread 0x00007f5b642d7800 nmethod 474 0x00007f5b4d8c4250 code [0x00007f5b4d8c43a0, 0x00007f5b4d8c4490]
Event: 1.145 Thread 0x00007f5b642d7800  475       3       java.lang.StringBuffer::<init> (6 bytes)
Event: 1.145 Thread 0x00007f5b642d7800 nmethod 475 0x00007f5b4d8c3d10 code [0x00007f5b4d8c3e80, 0x00007f5b4d8c4130]
Event: 1.146 Thread 0x00007f5b642d5000 nmethod 473 0x00007f5b4d8c3210 code [0x00007f5b4d8c3380, 0x00007f5b4d8c38d8]
Event: 1.147 Thread 0x00007f5b642d7800  476       3       java.util.WeakHashMap::maskNull (12 bytes)
Event: 1.147 Thread 0x00007f5b642d7800 nmethod 476 0x00007f5b4d8c7310 code [0x00007f5b4d8c7480, 0x00007f5b4d8c7610]
Event: 1.147 Thread 0x00007f5b642d7800  477       3       java.util.WeakHashMap::hash (28 bytes)
Event: 1.148 Thread 0x00007f5b642d7800 nmethod 477 0x00007f5b4d8c6e90 code [0x00007f5b4d8c7000, 0x00007f5b4d8c7248]
Event: 1.148 Thread 0x00007f5b642d7800  478       3       java.util.WeakHashMap::getTable (9 bytes)
Event: 1.148 Thread 0x00007f5b642d7800 nmethod 478 0x00007f5b4d8c6ad0 code [0x00007f5b4d8c6c40, 0x00007f5b4d8c6de8]
Event: 1.148 Thread 0x00007f5b642d7800  479   !   3       java.util.WeakHashMap::expungeStaleEntries (139 bytes)
Event: 1.148 Thread 0x00007f5b642d7800 nmethod 479 0x00007f5b4d8c9190 code [0x00007f5b4d8c9380, 0x00007f5b4d8c9f28]
Event: 1.148 Thread 0x00007f5b642d7800  480       3       java.util.WeakHashMap::indexFor (6 bytes)
Event: 1.148 Thread 0x00007f5b642d7800 nmethod 480 0x00007f5b4d8c2f10 code [0x00007f5b4d8c3060, 0x00007f5b4d8c3190]
Event: 1.149 Thread 0x00007f5b642d7800  482       3       java.util.zip.ZipFile::access$400 (5 bytes)
Event: 1.149 Thread 0x00007f5b642d7800 nmethod 482 0x00007f5b4d8c8e50 code [0x00007f5b4d8c8fa0, 0x00007f5b4d8c90d0]
Event: 1.149 Thread 0x00007f5b642d7800  481       1       sun.misc.URLClassPath$JarLoader::access$600 (5 bytes)
Event: 1.149 Thread 0x00007f5b642d7800 nmethod 481 0x00007f5b4d8c8b90 code [0x00007f5b4d8c8ce0, 0x00007f5b4d8c8dd0]
Event: 1.150 Thread 0x00007f5b642d7800  483       3       java.lang.String::concat (47 bytes)
Event: 1.151 Thread 0x00007f5b642d7800 nmethod 483 0x00007f5b4d8c5d50 code [0x00007f5b4d8c5f20, 0x00007f5b4d8c66f8]
Event: 1.151 Thread 0x00007f5b642d7800  486       3       org.eclipse.jdt.launching.internal.org.objectweb.asm.MethodWriter::putMethodInfo (1428 bytes)
Event: 1.154 Thread 0x00007f5b642d7800 nmethod 486 0x00007f5b4d8ca610 code [0x00007f5b4d8cad80, 0x00007f5b4d8ceb08]
Event: 1.154 Thread 0x00007f5b642d7800  487       3       sun.misc.URLClassPath::getResource (83 bytes)
Event: 1.155 Thread 0x00007f5b642d7800 nmethod 487 0x00007f5b4d8d1250 code [0x00007f5b4d8d1400, 0x00007f5b4d8d17c8]
Event: 1.155 Thread 0x00007f5b642d7800  489       3       org.eclipse.jdt.launching.internal.org.objectweb.asm.Handler::putExceptionTable (63 bytes)
Event: 1.155 Thread 0x00007f5b642d7800 nmethod 489 0x00007f5b4d8d1950 code [0x00007f5b4d8d1b20, 0x00007f5b4d8d1fa8]
Event: 1.155 Thread 0x00007f5b642d7800  485       3       org.eclipse.jdt.launching.internal.org.objectweb.asm.MethodWriter::hasFrames (13 bytes)
Event: 1.155 Thread 0x00007f5b642d7800 nmethod 485 0x00007f5b4d8d2350 code [0x00007f5b4d8d24c0, 0x00007f5b4d8d2670]
Event: 1.155 Thread 0x00007f5b642d7800  488       3       org.eclipse.jdt.launching.internal.org.objectweb.asm.MethodWriter::visitMaxs (41 bytes)
Event: 1.155 Thread 0x00007f5b642d7800 nmethod 488 0x00007f5b4d8d2710 code [0x00007f5b4d8d28a0, 0x00007f5b4d8d2b18]
Event: 1.155 Thread 0x00007f5b642d7800  484       3       java.lang.String::getChars (16 bytes)
Event: 1.155 Thread 0x00007f5b642d7800 nmethod 484 0x00007f5b4d8d2bd0 code [0x00007f5b4d8d2d40, 0x00007f5b4d8d2f68]
Event: 1.159 Thread 0x00007f5b642d7800  492       3       java.util.WeakHashMap::remove (133 bytes)
Event: 1.159 Thread 0x00007f5b642d5000  493       4       org.eclipse.jdt.launching.internal.org.objectweb.asm.MethodWriter::visitVarInsn (303 bytes)
Event: 1.160 Thread 0x00007f5b642d7800 nmethod 492 0x00007f5b4d8d3790 code [0x00007f5b4d8d3980, 0x00007f5b4d8d4488]
Event: 1.160 Thread 0x00007f5b642d7800  496       1       java.util.zip.ZStreamRef::address (5 bytes)
Event: 1.160 Thread 0x00007f5b642d7800 nmethod 496 0x00007f5b4d8d4950 code [0x00007f5b4d8d4aa0, 0x00007f5b4d8d4bb0]
Event: 1.160 Thread 0x00007f5b642d7800  495       3       java.lang.CharacterDataLatin1::toUpperCase (53 bytes)
Event: 1.161 Thread 0x00007f5b642d7800 nmethod 495 0x00007f5b4d8d4c10 code [0x00007f5b4d8d4d80, 0x00007f5b4d8d5050]
Event: 1.161 Thread 0x00007f5b642d7800  494       3       org.eclipse.jdt.launching.internal.org.objectweb.asm.MethodWriter::visitLdcInsn (183 bytes)
Event: 1.161 Thread 0x00007f5b642d7800 nmethod 494 0x00007f5b4d8d51d0 code [0x00007f5b4d8d53a0, 0x00007f5b4d8d5bc8]
Event: 1.163 Thread 0x00007f5b642d5000 nmethod 493 0x00007f5b4d8d9010 code [0x00007f5b4d8d91c0, 0x00007f5b4d8d9758]
Event: 1.165 Thread 0x00007f5b642d7800  498       3       java.lang.String::regionMatches (149 bytes)
Event: 1.166 Thread 0x00007f5b642d7800 nmethod 498 0x00007f5b4d8d7650 code [0x00007f5b4d8d78c0, 0x00007f5b4d8d85b8]
Event: 1.166 Thread 0x00007f5b642d7800  497       3       java.net.URLStreamHandler::parseURL (1193 bytes)
Event: 1.174 Thread 0x00007f5b642d7800 nmethod 497 0x00007f5b4d8d9c10 code [0x00007f5b4d8da7e0, 0x00007f5b4d8e46e8]
Event: 1.174 Thread 0x00007f5b642d7800  500   !   3       java.net.URL::<init> (543 bytes)
Event: 1.178 Thread 0x00007f5b642d7800 nmethod 500 0x00007f5b4d8eb9d0 code [0x00007f5b4d8ebf20, 0x00007f5b4d8f0c38]
Event: 1.178 Thread 0x00007f5b642d7800  504  s    3       sun.misc.PerfCounter::add (18 bytes)
Event: 1.178 Thread 0x00007f5b642d7800 nmethod 504 0x00007f5b4d8d6bd0 code [0x00007f5b4d8d6d60, 0x00007f5b4d8d73d8]
Event: 1.178 Thread 0x00007f5b642d7800  505  s    3       sun.misc.PerfCounter::get (9 bytes)
Event: 1.178 Thread 0x00007f5b642d7800 nmethod 505 0x00007f5b4d8d65d0 code [0x00007f5b4d8d6740, 0x00007f5b4d8d6ac8]
Event: 1.178 Thread 0x00007f5b642d7800  499       3       java.net.URL::<init> (8 bytes)
Event: 1.178 Thread 0x00007f5b642d7800 nmethod 499 0x00007f5b4d8d6210 code [0x00007f5b4d8d6380, 0x00007f5b4d8d6548]
Event: 1.179 Thread 0x00007f5b642d7800  501       3       java.net.URLStreamHandler::setURL (73 bytes)
Event: 1.179 Thread 0x00007f5b642d7800 nmethod 501 0x00007f5b4d8f3190 code [0x00007f5b4d8f33a0, 0x00007f5b4d8f3eb8]
Event: 1.179 Thread 0x00007f5b642d7800  502   !   3       java.net.URL::set (114 bytes)
Event: 1.180 Thread 0x00007f5b642d7800 nmethod 502 0x00007f5b4d8f44d0 code [0x00007f5b4d8f46c0, 0x00007f5b4d8f5318]
Event: 1.180 Thread 0x00007f5b642d7800  503       1       java.util.jar.Manifest::getMainAttributes (5 bytes)
Event: 1.180 Thread 0x00007f5b642d7800 nmethod 503 0x00007f5b4d8d5e90 code [0x00007f5b4d8d5fe0, 0x00007f5b4d8d60f0]
Event: 1.181 Thread 0x00007f5b642d4000  507 %     4       org.eclipse.jdt.launching.internal.org.objectweb.asm.ClassReader::readCode @ 2165 (5071 bytes)
Event: 1.181 Thread 0x00007f5b642d7800  506       3       org.eclipse.jdt.launching.internal.org.objectweb.asm.ByteVector::encodeUTF8 (335 bytes)
Event: 1.182 Thread 0x00007f5b642d5000  509       4       java.lang.StringBuilder::append (8 bytes)
Event: 1.186 Thread 0x00007f5b642d7800 nmethod 506 0x00007f5b4d8f8b50 code [0x00007f5b4d8f8da0, 0x00007f5b4d8f9af8]
Event: 1.186 Thread 0x00007f5b642d7800  508       3       org.eclipse.jdt.launching.internal.org.objectweb.asm.ClassReader::<init> (305 bytes)
Event: 1.186 Thread 0x00007f5b642d5000 nmethod 509 0x00007f5b4d8fa590 code [0x00007f5b4d8fa700, 0x00007f5b4d8facb8]
Event: 1.186 Thread 0x00007f5b642d5000  510       4       org.eclipse.jdt.launching.internal.org.objectweb.asm.ByteVector::putInt (74 bytes)
Event: 1.187 Thread 0x00007f5b642d7800 nmethod 508 0x00007f5b4d8f6610 code [0x00007f5b4d8f68a0, 0x00007f5b4d8f79e8]
Event: 1.187 Thread 0x00007f5b642d7800  511   !   3       java.util.zip.Inflater::inflate (113 bytes)
Event: 1.187 Thread 0x00007f5b642d7800 nmethod 511 0x00007f5b4d8f5990 code [0x00007f5b4d8f5b60, 0x00007f5b4d8f6218]
Event: 1.188 Thread 0x00007f5b642d5000 nmethod 510 0x00007f5b4d8fe010 code [0x00007f5b4d8fe180, 0x00007f5b4d8fe3c8]
Event: 1.190 Thread 0x00007f5b642d5000  513       4       org.eclipse.jdt.launching.internal.org.objectweb.asm.SymbolTable::addConstantUtf8Reference (101 bytes)
Event: 1.191 Thread 0x00007f5b642d7800  515       3       sun.net.util.IPAddressUtil::scan (92 bytes)
Event: 1.192 Thread 0x00007f5b642d7800 nmethod 515 0x00007f5b4d8fd010 code [0x00007f5b4d8fd200, 0x00007f5b4d8fda68]
Event: 1.195 Thread 0x00007f5b642d7800  516       3       java.io.File::getName (42 bytes)
Event: 1.195 Thread 0x00007f5b642d7800 nmethod 516 0x00007f5b4d8fc7d0 code [0x00007f5b4d8fc960, 0x00007f5b4d8fce48]
Event: 1.196 Thread 0x00007f5b642d7800  517   !   3       org.eclipse.jdt.launching.internal.javaagent.Premain$1::transform (103 bytes)
Event: 1.196 Thread 0x00007f5b642d7800 nmethod 517 0x00007f5b4d8fb1d0 code [0x00007f5b4d8fb400, 0x00007f5b4d8fc158]
Event: 1.197 Thread 0x00007f5b642d7800  518   !   3       java.util.zip.InflaterInputStream::read (138 bytes)
Event: 1.198 Thread 0x00007f5b642d7800 nmethod 518 0x00007f5b4d8fe550 code [0x00007f5b4d8fe800, 0x00007f5b4d8ff968]
Event: 1.202 Thread 0x00007f5b642d7800  519       3       java.io.UnixFileSystem::getBooleanAttributes (49 bytes)
Event: 1.202 Thread 0x00007f5b642d7800 nmethod 519 0x00007f5b4d9006d0 code [0x00007f5b4d9008a0, 0x00007f5b4d900e68]
Event: 1.203 Thread 0x00007f5b642d7800  522       3       org.eclipse.jdt.launching.internal.org.objectweb.asm.ClassReader::getFirstAttributeOffset (136 bytes)
Event: 1.203 Thread 0x00007f5b642d7800 nmethod 522 0x00007f5b4d901150 code [0x00007f5b4d901360, 0x00007f5b4d901c78]
Event: 1.203 Thread 0x00007f5b642d7800  523       3       org.eclipse.jdt.launching.internal.org.objectweb.asm.ClassWriter::toByteArray (1296 bytes)
Event: 1.204 Thread 0x00007f5b642d5000 nmethod 513 0x00007f5b4d905e10 code [0x00007f5b4d906000, 0x00007f5b4d906e38]
Event: 1.204 Thread 0x00007f5b642d5000  514 %     4       org.eclipse.jdt.launching.internal.org.objectweb.asm.ByteVector::encodeUTF8 @ 157 (335 bytes)
Event: 1.207 Thread 0x00007f5b642d7800 nmethod 523 0x00007f5b4d907850 code [0x00007f5b4d908000, 0x00007f5b4d90ca08]
Event: 1.208 Thread 0x00007f5b642d7800  521       3       org.eclipse.jdt.launching.internal.org.objectweb.asm.ClassVisitor::<init> (35 bytes)
Event: 1.208 Thread 0x00007f5b642d7800 nmethod 521 0x00007f5b4d905810 code [0x00007f5b4d9059a0, 0x00007f5b4d905cc8]
Event: 1.208 Thread 0x00007f5b642d7800  524       1       org.eclipse.jdt.launching.internal.org.objectweb.asm.SymbolTable::getConstantPoolCount (5 bytes)
Event: 1.208 Thread 0x00007f5b642d7800 nmethod 524 0x00007f5b4d905550 code [0x00007f5b4d9056a0, 0x00007f5b4d9057b0]
Event: 1.216 Thread 0x00007f5b642d5000 nmethod 514% 0x00007f5b4d9032d0 code [0x00007f5b4d903460, 0x00007f5b4d903bf8]
Event: 1.216 Thread 0x00007f5b642d5000  526       4       org.eclipse.jdt.launching.internal.org.objectweb.asm.SymbolTable::addConstantMemberReference (147 bytes)
Event: 1.217 Thread 0x00007f5b642d7800  528       3       org.eclipse.jdt.launching.internal.org.objectweb.asm.ClassReader::readConst (265 bytes)
Event: 1.219 Thread 0x00007f5b642d7800 nmethod 528 0x00007f5b4d911610 code [0x00007f5b4d911a80, 0x00007f5b4d914388]
Event: 1.219 Thread 0x00007f5b642d7800  525       3       org.eclipse.jdt.launching.internal.org.objectweb.asm.Type::<init> (26 bytes)
Event: 1.220 Thread 0x00007f5b642d7800 nmethod 525 0x00007f5b4d902ed0 code [0x00007f5b4d903040, 0x00007f5b4d903210]
Event: 1.220 Thread 0x00007f5b642d7800  527       1       java.util.jar.JarFile::access$300 (5 bytes)
Event: 1.220 Thread 0x00007f5b642d7800 nmethod 527 0x00007f5b4d902c10 code [0x00007f5b4d902d60, 0x00007f5b4d902e50]
Event: 1.224 Thread 0x00007f5b642d7800  529       3       java.lang.Character::isWhitespace (5 bytes)
Event: 1.225 Thread 0x00007f5b642d7800 nmethod 529 0x00007f5b4d9026d0 code [0x00007f5b4d902860, 0x00007f5b4d902af8]
Event: 1.225 Thread 0x00007f5b642d7800  530       3       java.lang.Character::isWhitespace (9 bytes)
Event: 1.225 Thread 0x00007f5b642d7800 nmethod 530 0x00007f5b4d9050d0 code [0x00007f5b4d905240, 0x00007f5b4d905478]
Event: 1.225 Thread 0x00007f5b642d7800  531       3       java.lang.CharacterDataLatin1::isWhitespace (23 bytes)
Event: 1.225 Thread 0x00007f5b642d7800 nmethod 531 0x00007f5b4d904bd0 code [0x00007f5b4d904d40, 0x00007f5b4d904f90]
Event: 1.226 Thread 0x00007f5b642d7800  532   !   3       sun.reflect.generics.parser.SignatureParser::current (40 bytes)
Event: 1.226 Thread 0x00007f5b642d7800 nmethod 532 0x00007f5b4d904750 code [0x00007f5b4d9048c0, 0x00007f5b4d904a90]
Event: 1.230 Thread 0x00007f5b642d7800  533       3       java.net.URLStreamHandler::toExternalForm (219 bytes)
Event: 1.232 Thread 0x00007f5b642d7800 nmethod 533 0x00007f5b4d9165d0 code [0x00007f5b4d916980, 0x00007f5b4d91a048]
Event: 1.234 Thread 0x00007f5b642d7800  534       3       sun.misc.PerfCounter::addElapsedTimeFrom (10 bytes)
Event: 1.235 Thread 0x00007f5b642d7800 nmethod 534 0x00007f5b4d910950 code [0x00007f5b4d910b00, 0x00007f5b4d911258]
Event: 1.238 Thread 0x00007f5b642d7800  537       3       java.lang.ClassLoader::loadClass (7 bytes)
Event: 1.239 Thread 0x00007f5b642d7800 nmethod 537 0x00007f5b4d904310 code [0x00007f5b4d904480, 0x00007f5b4d9046a8]
Event: 1.240 Thread 0x00007f5b642d7800  538       3       java.lang.ref.Finalizer::register (10 bytes)
Event: 1.240 Thread 0x00007f5b642d7800 nmethod 538 0x00007f5b4d910190 code [0x00007f5b4d910320, 0x00007f5b4d910768]
Event: 1.240 Thread 0x00007f5b642d7800  539       3       java.lang.ref.Finalizer::<init> (23 bytes)
Event: 1.240 Thread 0x00007f5b642d7800 nmethod 539 0x00007f5b4d90fb10 code [0x00007f5b4d90fca0, 0x00007f5b4d910048]
Event: 1.240 Thread 0x00007f5b642d7800  540       3       java.lang.ref.FinalReference::<init> (7 bytes)
Event: 1.240 Thread 0x00007f5b642d7800 nmethod 540 0x00007f5b4d91b350 code [0x00007f5b4d91b4c0, 0x00007f5b4d91b770]
Event: 1.240 Thread 0x00007f5b642d7800  541   !   3       java.lang.ref.Finalizer::add (41 bytes)
Event: 1.241 Thread 0x00007f5b642d7800 nmethod 541 0x00007f5b4d91b890 code [0x00007f5b4d91ba00, 0x00007f5b4d91bdd0]
Event: 1.241 Thread 0x00007f5b642d7800  543       3       org.eclipse.jdt.launching.internal.org.objectweb.asm.ClassWriter::visitField (53 bytes)
Event: 1.241 Thread 0x00007f5b642d7800 nmethod 543 0x00007f5b4d91bf10 code [0x00007f5b4d91c080, 0x00007f5b4d91c3a8]
Event: 1.241 Thread 0x00007f5b642d7800  544       3       org.eclipse.jdt.launching.internal.org.objectweb.asm.FieldWriter::<init> (69 bytes)
Event: 1.241 Thread 0x00007f5b642d7800 nmethod 544 0x00007f5b4d91c4d0 code [0x00007f5b4d91c680, 0x00007f5b4d91cc48]
Event: 1.241 Thread 0x00007f5b642d7800  545       3       org.eclipse.jdt.launching.internal.org.objectweb.asm.FieldVisitor::<init> (7 bytes)
Event: 1.241 Thread 0x00007f5b642d7800 nmethod 545 0x00007f5b4d91ce90 code [0x00007f5b4d91d020, 0x00007f5b4d91d388]
Event: 1.241 Thread 0x00007f5b642d7800  546       3       org.eclipse.jdt.launching.internal.org.objectweb.asm.FieldVisitor::<init> (35 bytes)
Event: 1.242 Thread 0x00007f5b642d7800 nmethod 546 0x00007f5b4d91d550 code [0x00007f5b4d91d6e0, 0x00007f5b4d91da08]
Event: 1.242 Thread 0x00007f5b642d7800  547       3       org.eclipse.jdt.launching.internal.org.objectweb.asm.FieldWriter::visitEnd (1 bytes)
Event: 1.242 Thread 0x00007f5b642d7800 nmethod 547 0x00007f5b4d902390 code [0x00007f5b4d9024e0, 0x00007f5b4d902630]
Event: 1.242 Thread 0x00007f5b642d7800  548       3       sun.misc.Launcher$AppClassLoader::loadClass (85 bytes)
Event: 1.242 Thread 0x00007f5b642d7800 nmethod 548 0x00007f5b4d91db50 code [0x00007f5b4d91dda0, 0x00007f5b4d91eb08]
Event: 1.248 Thread 0x00007f5b642d7800  549       3       org.eclipse.jdt.launching.internal.org.objectweb.asm.AnnotationWriter::visitEnd (44 bytes)
Event: 1.248 Thread 0x00007f5b642d7800 nmethod 549 0x00007f5b4d91f410 code [0x00007f5b4d91f580, 0x00007f5b4d91f770]
Event: 1.253 Thread 0x00007f5b642d7800  551       3       java.util.Collections$UnmodifiableCollection$1::next (10 bytes)
Event: 1.253 Thread 0x00007f5b642d7800 nmethod 551 0x00007f5b4d91fc10 code [0x00007f5b4d91fd80, 0x00007f5b4d91ffa8]
Event: 1.255 Thread 0x00007f5b642d7800  552       3       java.util.ArrayList$Itr::hasNext (20 bytes)
Event: 1.255 Thread 0x00007f5b642d7800 nmethod 552 0x00007f5b4d920050 code [0x00007f5b4d9201c0, 0x00007f5b4d920390]
Event: 1.258 Thread 0x00007f5b642d7800  553       3       sun.net.util.IPAddressUtil::checkHostString (53 bytes)
Event: 1.259 Thread 0x00007f5b642d7800 nmethod 553 0x00007f5b4d920450 code [0x00007f5b4d920680, 0x00007f5b4d9210f8]
Event: 1.260 Thread 0x00007f5b642d7800  554       3       java.util.jar.Attributes::getValue (9 bytes)
Event: 1.261 Thread 0x00007f5b642d7800 nmethod 554 0x00007f5b4d921590 code [0x00007f5b4d921720, 0x00007f5b4d921aa8]
Event: 1.268 Thread 0x00007f5b642d7800  555  s    3       sun.misc.URLClassPath::getLookupCache (98 bytes)
Event: 1.268 Thread 0x00007f5b642d7800 nmethod 555 0x00007f5b4d921f50 code [0x00007f5b4d9220e0, 0x00007f5b4d922658]
Event: 1.269 Thread 0x00007f5b642d7800  559   !   3       java.util.zip.ZipFile$ZipFileInputStream::close (110 bytes)
Event: 1.269 Thread 0x00007f5b642d7800 nmethod 559 0x00007f5b4d922ed0 code [0x00007f5b4d9230a0, 0x00007f5b4d923918]
Event: 1.274 Thread 0x00007f5b642d7800  561       3       sun.net.www.protocol.file.Handler::parseURL (18 bytes)
Event: 1.274 Thread 0x00007f5b642d7800 nmethod 561 0x00007f5b4d923d10 code [0x00007f5b4d923e80, 0x00007f5b4d9240f8]
Event: 1.275 Thread 0x00007f5b642d7800  562   !   3       java.net.URLClassLoader::findClass (47 bytes)
Event: 1.276 Thread 0x00007f5b642d7800 nmethod 562 0x00007f5b4d924210 code [0x00007f5b4d9243e0, 0x00007f5b4d924a18]
Event: 1.276 Thread 0x00007f5b642d7800  563       3       java.net.URLClassLoader$1::run (5 bytes)
Event: 1.276 Thread 0x00007f5b642d7800 nmethod 563 0x00007f5b4d924cd0 code [0x00007f5b4d924e40, 0x00007f5b4d924fe8]
Event: 1.276 Thread 0x00007f5b642d7800  564   !   3       java.util.zip.Inflater::ended (32 bytes)
Event: 1.277 Thread 0x00007f5b642d7800 nmethod 564 0x00007f5b4d925090 code [0x00007f5b4d925200, 0x00007f5b4d9255f0]
Event: 1.277 Thread 0x00007f5b642d7800  565  s    3       sun.misc.Resource::cachedInputStream (20 bytes)
Event: 1.277 Thread 0x00007f5b642d7800 nmethod 565 0x00007f5b4d925750 code [0x00007f5b4d9258c0, 0x00007f5b4d925ca8]
Event: 1.277 Thread 0x00007f5b642d7800  566       3       java.security.CodeSource::getCertificates (98 bytes)
Event: 1.278 Thread 0x00007f5b642d7800 nmethod 566 0x00007f5b4d925d50 code [0x00007f5b4d925f60, 0x00007f5b4d926b28]
Event: 1.279 Thread 0x00007f5b642d7800  567       3       sun.misc.SharedSecrets::javaUtilJarAccess (18 bytes)
Event: 1.279 Thread 0x00007f5b642d7800 nmethod 567 0x00007f5b4d928450 code [0x00007f5b4d9285c0, 0x00007f5b4d928808]
Event: 1.280 Thread 0x00007f5b642d7800  568       3       java.lang.String::compareTo (78 bytes)
Event: 1.280 Thread 0x00007f5b642d7800 nmethod 568 0x00007f5b4d92cb50 code [0x00007f5b4d92cce0, 0x00007f5b4d92d050]
Event: 1.281 Thread 0x00007f5b642d5000 nmethod 526 0x00007f5b4d92d290 code [0x00007f5b4d92d580, 0x00007f5b4d92fc60]
Event: 1.281 Thread 0x00007f5b642d5000  560       4       org.eclipse.jdt.launching.internal.org.objectweb.asm.ByteVector::encodeUTF8 (335 bytes)
Event: 1.281 Thread 0x00007f5b642d7800  569       3       java.util.ArrayList::grow (45 bytes)
Event: 1.281 Thread 0x00007f5b642d7800 nmethod 569 0x00007f5b4d927b10 code [0x00007f5b4d927cc0, 0x00007f5b4d9281d8]
Event: 1.281 Thread 0x00007f5b642d7800  570       3       sun.misc.FDBigInteger::trimLeadingZeros (57 bytes)
Event: 1.282 Thread 0x00007f5b642d7800 nmethod 570 0x00007f5b4d927510 code [0x00007f5b4d927680, 0x00007f5b4d9279b0]
Event: 1.282 Thread 0x00007f5b642d7800  571       3       java.util.ArrayList$Itr::checkForComodification (23 bytes)
Event: 1.282 Thread 0x00007f5b642d7800 nmethod 571 0x00007f5b4d926f50 code [0x00007f5b4d9270e0, 0x00007f5b4d927348]
Event: 1.282 Thread 0x00007f5b642d7800  572       3       com.google.gson.stream.JsonReader::nextNonWhitespace (357 bytes)
Event: 1.284 Thread 0x00007f5b642d7800 nmethod 572 0x00007f5b4d931dd0 code [0x00007f5b4d932280, 0x00007f5b4d934ca8]
Event: 1.284 Thread 0x00007f5b642d7800  573       3       java.util.ArrayList$Itr::next (66 bytes)
Event: 1.285 Thread 0x00007f5b642d7800 nmethod 573 0x00007f5b4d92bc50 code [0x00007f5b4d92be20, 0x00007f5b4d92c3e8]
Event: 1.285 Thread 0x00007f5b642d7800  574       3       sun.misc.FDBigInteger::<init> (30 bytes)
Event: 1.286 Thread 0x00007f5b642d7800 nmethod 574 0x00007f5b4d92b7d0 code [0x00007f5b4d92b940, 0x00007f5b4d92bb68]
Event: 1.286 Thread 0x00007f5b642d7800  575       3       com.google.gson.stream.JsonReader::doPeek (744 bytes)
Event: 1.291 Thread 0x00007f5b642d7800 nmethod 575 0x00007f5b4d936950 code [0x00007f5b4d937660, 0x00007f5b4d940808]
Event: 1.291 Thread 0x00007f5b642d7800  578       3       com.google.gson.stream.JsonReader::nextQuotedValue (271 bytes)
Event: 1.292 Thread 0x00007f5b642d7800 nmethod 578 0x00007f5b4d9469d0 code [0x00007f5b4d946d40, 0x00007f5b4d948c38]
Event: 1.292 Thread 0x00007f5b642d7800  581       3       com.google.gson.internal.bind.TypeAdapters$29::read (209 bytes)
Event: 1.294 Thread 0x00007f5b642d7800 nmethod 581 0x00007f5b4d94a190 code [0x00007f5b4d94a580, 0x00007f5b4d94c908]
Event: 1.294 Thread 0x00007f5b642d7800  576       3       com.google.gson.internal.bind.JsonTreeReader::peekStack (12 bytes)
Event: 1.295 Thread 0x00007f5b642d7800 nmethod 576 0x00007f5b4d92b1d0 code [0x00007f5b4d92b340, 0x00007f5b4d92b4d0]
Event: 1.295 Thread 0x00007f5b642d7800  577       3       com.google.gson.internal.bind.JsonTreeReader::peek (200 bytes)
Event: 1.295 Thread 0x00007f5b642d7800 nmethod 577 0x00007f5b4d929150 code [0x00007f5b4d929420, 0x00007f5b4d92ac48]
Event: 1.295 Thread 0x00007f5b642d7800  580       3       com.google.gson.stream.JsonReader::hasNext (30 bytes)
Event: 1.295 Thread 0x00007f5b642d7800 nmethod 580 0x00007f5b4d928c50 code [0x00007f5b4d928dc0, 0x00007f5b4d9290a8]
Event: 1.295 Thread 0x00007f5b642d7800  579       3       com.google.gson.stream.JsonReader::peek (144 bytes)
Event: 1.296 Thread 0x00007f5b642d7800 nmethod 579 0x00007f5b4d94d910 code [0x00007f5b4d94dac0, 0x00007f5b4d94df38]
Event: 1.296 Thread 0x00007f5b642d7800  582       3       com.google.gson.JsonElement::<init> (5 bytes)
Event: 1.296 Thread 0x00007f5b642d7800 nmethod 582 0x00007f5b4d928890 code [0x00007f5b4d928a00, 0x00007f5b4d928bb0]
Event: 1.296 Thread 0x00007f5b642d7800  583       3       java.lang.String::compareTo (9 bytes)
Event: 1.296 Thread 0x00007f5b642d7800 nmethod 583 0x00007f5b4d94e090 code [0x00007f5b4d94e200, 0x00007f5b4d94e508]
Event: 1.297 Thread 0x00007f5b642d5000 nmethod 560 0x00007f5b4d952050 code [0x00007f5b4d952200, 0x00007f5b4d952e58]
Event: 1.297 Thread 0x00007f5b642d5000  536       4       org.eclipse.jdt.launching.internal.org.objectweb.asm.Label::resolve (209 bytes)
Event: 1.299 Thread 0x00007f5b642d7800  585       3       sun.misc.FDBigInteger::leftShift (50 bytes)
Event: 1.300 Thread 0x00007f5b642d7800 nmethod 585 0x00007f5b4d94f450 code [0x00007f5b4d94f5c0, 0x00007f5b4d94f830]
Event: 1.300 Thread 0x00007f5b642d7800  586       3       sun.misc.FDBigInteger::cmp (147 bytes)
Event: 1.301 Thread 0x00007f5b642d7800 nmethod 586 0x00007f5b4d94e5d0 code [0x00007f5b4d94e7a0, 0x00007f5b4d94ef10]
Event: 1.301 Thread 0x00007f5b642d7800  589       3       com.google.gson.internal.LinkedTreeMap::find (276 bytes)
Event: 1.302 Thread 0x00007f5b642d7800 nmethod 589 0x00007f5b4d94fed0 code [0x00007f5b4d950180, 0x00007f5b4d951698]
Event: 1.302 Thread 0x00007f5b642d7800  584       3       sun.misc.FDBigInteger::leftShift (395 bytes)
Event: 1.303 Thread 0x00007f5b642d7800 nmethod 584 0x00007f5b4d9534d0 code [0x00007f5b4d953720, 0x00007f5b4d954648]
Event: 1.303 Thread 0x00007f5b642d7800  587       3       sun.misc.FDBigInteger::big5pow (37 bytes)
Event: 1.303 Thread 0x00007f5b642d7800 nmethod 587 0x00007f5b4d954f90 code [0x00007f5b4d955100, 0x00007f5b4d955308]
Event: 1.303 Thread 0x00007f5b642d7800  588       3       com.google.gson.JsonPrimitive::isNumber (8 bytes)
Event: 1.303 Thread 0x00007f5b642d7800 nmethod 588 0x00007f5b4d955410 code [0x00007f5b4d955580, 0x00007f5b4d9557d0]
Event: 1.303 Thread 0x00007f5b642d7800  590       1       com.mapbox.geojson.Feature::properties (5 bytes)
Event: 1.304 Thread 0x00007f5b642d7800 nmethod 590 0x00007f5b4d955850 code [0x00007f5b4d9559a0, 0x00007f5b4d955ab0]
Event: 1.304 Thread 0x00007f5b642d7800  591       3       sun.misc.FDBigInteger::makeImmutable (6 bytes)
Event: 1.304 Thread 0x00007f5b642d7800 nmethod 591 0x00007f5b4d955b10 code [0x00007f5b4d955c60, 0x00007f5b4d955db0]
Event: 1.305 Thread 0x00007f5b642d5000 nmethod 536 0x00007f5b4d959290 code [0x00007f5b4d959400, 0x00007f5b4d959c98]
Event: 1.305 Thread 0x00007f5b642d5000  535       4       org.eclipse.jdt.launching.internal.org.objectweb.asm.MethodWriter::visitLabel (305 bytes)
Event: 1.307 Thread 0x00007f5b642d5000 nmethod 535 0x00007f5b4d956010 code [0x00007f5b4d956180, 0x00007f5b4d956328]
Event: 1.316 Thread 0x00007f5b642d7800  592       3       java.io.UnixFileSystem::prefixLength (25 bytes)
Event: 1.316 Thread 0x00007f5b642d7800 nmethod 592 0x00007f5b4d958a10 code [0x00007f5b4d958bc0, 0x00007f5b4d959088]
Event: 1.327 Thread 0x00007f5b642d7800  593       1       java.lang.invoke.MethodTypeForm::basicType (5 bytes)
Event: 1.328 Thread 0x00007f5b642d7800 nmethod 593 0x00007f5b4d958750 code [0x00007f5b4d9588a0, 0x00007f5b4d9589b0]
Event: 1.328 Thread 0x00007f5b642d5000  594  s!   4       sun.misc.URLClassPath::getLoader (243 bytes)
Event: 1.329 Thread 0x00007f5b642d7800  595       3       java.lang.String::getBytes (27 bytes)
Event: 1.330 Thread 0x00007f5b642d7800 nmethod 595 0x00007f5b4d9581d0 code [0x00007f5b4d958360, 0x00007f5b4d9585f8]
Event: 1.330 Thread 0x00007f5b642d7800  596   !   3       java.lang.StringCoding::encode (120 bytes)
Event: 1.331 Thread 0x00007f5b642d7800 nmethod 596 0x00007f5b4d95a010 code [0x00007f5b4d95a360, 0x00007f5b4d95bdf8]
Event: 1.331 Thread 0x00007f5b642d7800  597   !   3       java.lang.StringCoding$StringEncoder::encode (179 bytes)
Event: 1.333 Thread 0x00007f5b642d7800 nmethod 597 0x00007f5b4d95ce10 code [0x00007f5b4d95d180, 0x00007f5b4d95ef18]
Event: 1.333 Thread 0x00007f5b642d7800  598       3       java.lang.StringCoding::access$300 (8 bytes)
Event: 1.333 Thread 0x00007f5b642d7800 nmethod 598 0x00007f5b4d957850 code [0x00007f5b4d957a00, 0x00007f5b4d957f48]
Event: 1.361 Thread 0x00007f5b642d5000 nmethod 594 0x00007f5b4d964b90 code [0x00007f5b4d964ea0, 0x00007f5b4d966b20]
Event: 3.413 Thread 0x00007f5b642d4000 nmethod 507% 0x00007f5b4d995990 code [0x00007f5b4d996860, 0x00007f5b4d9c3058]

GC Heap History (0 events):
No events

Deoptimization events (0 events):
No events

Classes redefined (4 events):
Event: 28.441 Thread 0x00007f5b641a0800 redefined class name=uk.ac.ed.inf.powergrab.Stateful$1, count=1
Event: 28.444 Thread 0x00007f5b641a0800 redefined class name=uk.ac.ed.inf.powergrab.Stateful, count=1
Event: 296.516 Thread 0x00007f5b641a0800 redefined class name=uk.ac.ed.inf.powergrab.Stateful$1, count=2
Event: 296.519 Thread 0x00007f5b641a0800 redefined class name=uk.ac.ed.inf.powergrab.Stateful, count=2

Internal exceptions (13 events):
Event: 0.054 Thread 0x00007f5b6404f800 Exception <a 'java/lang/NoSuchMethodError': Method sun.misc.Unsafe.defineClass(Ljava/lang/String;[BII)Ljava/lang/Class; name or signature does not match> (0x000000076f807cb8) thrown at [/builddir/build/BUILD/java-1.8.0-openjdk-1.8.0.222.b10-0.el7_6.x86_64
Event: 0.054 Thread 0x00007f5b6404f800 Exception <a 'java/lang/NoSuchMethodError': Method sun.misc.Unsafe.prefetchRead(Ljava/lang/Object;J)V name or signature does not match> (0x000000076f807fa0) thrown at [/builddir/build/BUILD/java-1.8.0-openjdk-1.8.0.222.b10-0.el7_6.x86_64/openjdk/hotspot/s
Event: 0.835 Thread 0x00007f5b6404f800 Exception <a 'java/security/PrivilegedActionException'> (0x000000076ffff6c0) thrown at [/builddir/build/BUILD/java-1.8.0-openjdk-1.8.0.222.b10-0.el7_6.x86_64/openjdk/hotspot/src/share/vm/prims/jvm.cpp, line 1512]
Event: 0.835 Thread 0x00007f5b6404f800 Exception <a 'java/security/PrivilegedActionException'> (0x000000076ffffab8) thrown at [/builddir/build/BUILD/java-1.8.0-openjdk-1.8.0.222.b10-0.el7_6.x86_64/openjdk/hotspot/src/share/vm/prims/jvm.cpp, line 1512]
Event: 0.835 Thread 0x00007f5b6404f800 Exception <a 'java/security/PrivilegedActionException'> (0x0000000770002590) thrown at [/builddir/build/BUILD/java-1.8.0-openjdk-1.8.0.222.b10-0.el7_6.x86_64/openjdk/hotspot/src/share/vm/prims/jvm.cpp, line 1512]
Event: 0.835 Thread 0x00007f5b6404f800 Exception <a 'java/security/PrivilegedActionException'> (0x0000000770002988) thrown at [/builddir/build/BUILD/java-1.8.0-openjdk-1.8.0.222.b10-0.el7_6.x86_64/openjdk/hotspot/src/share/vm/prims/jvm.cpp, line 1512]
Event: 0.835 Thread 0x00007f5b6404f800 Exception <a 'java/security/PrivilegedActionException'> (0x0000000770003868) thrown at [/builddir/build/BUILD/java-1.8.0-openjdk-1.8.0.222.b10-0.el7_6.x86_64/openjdk/hotspot/src/share/vm/prims/jvm.cpp, line 1512]
Event: 0.835 Thread 0x00007f5b6404f800 Exception <a 'java/security/PrivilegedActionException'> (0x0000000770003c60) thrown at [/builddir/build/BUILD/java-1.8.0-openjdk-1.8.0.222.b10-0.el7_6.x86_64/openjdk/hotspot/src/share/vm/prims/jvm.cpp, line 1512]
Event: 0.929 Thread 0x00007f5b6404f800 Exception <a 'java/lang/NoSuchFieldError': method resolution failed> (0x00000007701a5df8) thrown at [/builddir/build/BUILD/java-1.8.0-openjdk-1.8.0.222.b10-0.el7_6.x86_64/openjdk/hotspot/src/share/vm/prims/methodHandles.cpp, line 1167]
Event: 0.933 Thread 0x00007f5b6404f800 Exception <a 'java/lang/NoSuchFieldError': method resolution failed> (0x00000007701b3cf8) thrown at [/builddir/build/BUILD/java-1.8.0-openjdk-1.8.0.222.b10-0.el7_6.x86_64/openjdk/hotspot/src/share/vm/prims/methodHandles.cpp, line 1167]
Event: 1.221 Thread 0x00007f5b6404f800 Exception <a 'java/lang/ArrayIndexOutOfBoundsException': 18> (0x0000000770b7ade0) thrown at [/builddir/build/BUILD/java-1.8.0-openjdk-1.8.0.222.b10-0.el7_6.x86_64/openjdk/hotspot/src/share/vm/interpreter/interpreterRuntime.cpp, line 371]
Event: 1.222 Thread 0x00007f5b6404f800 Exception <a 'java/lang/ArrayIndexOutOfBoundsException': 67> (0x0000000770b7cdc8) thrown at [/builddir/build/BUILD/java-1.8.0-openjdk-1.8.0.222.b10-0.el7_6.x86_64/openjdk/hotspot/src/share/vm/interpreter/interpreterRuntime.cpp, line 371]
Event: 1.226 Thread 0x00007f5b6404f800 Exception <a 'java/lang/ArrayIndexOutOfBoundsException'> (0x0000000770b84508) thrown at [/builddir/build/BUILD/java-1.8.0-openjdk-1.8.0.222.b10-0.el7_6.x86_64/openjdk/hotspot/src/share/vm/runtime/sharedRuntime.cpp, line 619]

Events (250 events):
Event: 115.846 Executing VM operation: GetOwnedMonitorInfo done
Event: 115.898 Executing VM operation: GetCurrentContendedMonitor
Event: 115.898 Executing VM operation: GetCurrentContendedMonitor done
Event: 115.899 Executing VM operation: GetOwnedMonitorInfo
Event: 115.899 Executing VM operation: GetOwnedMonitorInfo done
Event: 115.906 Executing VM operation: GetCurrentContendedMonitor
Event: 115.906 Executing VM operation: GetCurrentContendedMonitor done
Event: 115.906 Executing VM operation: GetOwnedMonitorInfo
Event: 115.906 Executing VM operation: GetOwnedMonitorInfo done
Event: 119.980 Executing VM operation: ChangeBreakpoints
Event: 119.981 Executing VM operation: ChangeBreakpoints done
Event: 120.894 Executing VM operation: ChangeBreakpoints
Event: 120.894 Executing VM operation: ChangeBreakpoints done
Event: 121.429 Executing VM operation: ChangeBreakpoints
Event: 121.430 Executing VM operation: ChangeBreakpoints done
Event: 122.053 Executing VM operation: ChangeBreakpoints
Event: 122.053 Executing VM operation: ChangeBreakpoints done
Event: 123.575 Executing VM operation: GetCurrentContendedMonitor
Event: 123.575 Executing VM operation: GetCurrentContendedMonitor done
Event: 123.576 Executing VM operation: GetOwnedMonitorInfo
Event: 123.576 Executing VM operation: GetOwnedMonitorInfo done
Event: 123.587 Executing VM operation: GetCurrentContendedMonitor
Event: 123.587 Executing VM operation: GetCurrentContendedMonitor done
Event: 123.588 Executing VM operation: GetOwnedMonitorInfo
Event: 123.588 Executing VM operation: GetOwnedMonitorInfo done
Event: 137.209 Executing VM operation: GetCurrentContendedMonitor
Event: 137.209 Executing VM operation: GetCurrentContendedMonitor done
Event: 137.209 Executing VM operation: GetOwnedMonitorInfo
Event: 137.210 Executing VM operation: GetOwnedMonitorInfo done
Event: 137.248 Executing VM operation: GetCurrentContendedMonitor
Event: 137.249 Executing VM operation: GetCurrentContendedMonitor done
Event: 137.249 Executing VM operation: GetOwnedMonitorInfo
Event: 137.249 Executing VM operation: GetOwnedMonitorInfo done
Event: 137.902 Executing VM operation: GetCurrentContendedMonitor
Event: 137.902 Executing VM operation: GetCurrentContendedMonitor done
Event: 137.903 Executing VM operation: GetOwnedMonitorInfo
Event: 137.903 Executing VM operation: GetOwnedMonitorInfo done
Event: 137.912 Executing VM operation: GetCurrentContendedMonitor
Event: 137.912 Executing VM operation: GetCurrentContendedMonitor done
Event: 137.913 Executing VM operation: GetOwnedMonitorInfo
Event: 137.913 Executing VM operation: GetOwnedMonitorInfo done
Event: 138.470 Executing VM operation: GetCurrentContendedMonitor
Event: 138.470 Executing VM operation: GetCurrentContendedMonitor done
Event: 138.470 Executing VM operation: GetOwnedMonitorInfo
Event: 138.470 Executing VM operation: GetOwnedMonitorInfo done
Event: 138.476 Executing VM operation: GetCurrentContendedMonitor
Event: 138.476 Executing VM operation: GetCurrentContendedMonitor done
Event: 138.476 Executing VM operation: GetOwnedMonitorInfo
Event: 138.477 Executing VM operation: GetOwnedMonitorInfo done
Event: 139.400 Executing VM operation: GetCurrentContendedMonitor
Event: 139.400 Executing VM operation: GetCurrentContendedMonitor done
Event: 139.401 Executing VM operation: GetOwnedMonitorInfo
Event: 139.401 Executing VM operation: GetOwnedMonitorInfo done
Event: 139.410 Executing VM operation: GetCurrentContendedMonitor
Event: 139.410 Executing VM operation: GetCurrentContendedMonitor done
Event: 139.411 Executing VM operation: GetOwnedMonitorInfo
Event: 139.411 Executing VM operation: GetOwnedMonitorInfo done
Event: 139.733 Executing VM operation: GetCurrentContendedMonitor
Event: 139.733 Executing VM operation: GetCurrentContendedMonitor done
Event: 139.734 Executing VM operation: GetOwnedMonitorInfo
Event: 139.734 Executing VM operation: GetOwnedMonitorInfo done
Event: 139.740 Executing VM operation: GetCurrentContendedMonitor
Event: 139.740 Executing VM operation: GetCurrentContendedMonitor done
Event: 139.741 Executing VM operation: GetOwnedMonitorInfo
Event: 139.741 Executing VM operation: GetOwnedMonitorInfo done
Event: 153.572 Executing VM operation: ChangeBreakpoints
Event: 153.572 Executing VM operation: ChangeBreakpoints done
Event: 155.951 Executing VM operation: GetCurrentContendedMonitor
Event: 155.952 Executing VM operation: GetCurrentContendedMonitor done
Event: 155.952 Executing VM operation: GetOwnedMonitorInfo
Event: 155.952 Executing VM operation: GetOwnedMonitorInfo done
Event: 155.961 Executing VM operation: GetCurrentContendedMonitor
Event: 155.961 Executing VM operation: GetCurrentContendedMonitor done
Event: 155.961 Executing VM operation: GetOwnedMonitorInfo
Event: 155.961 Executing VM operation: GetOwnedMonitorInfo done
Event: 176.120 Executing VM operation: GetCurrentContendedMonitor
Event: 176.120 Executing VM operation: GetCurrentContendedMonitor done
Event: 176.120 Executing VM operation: GetOwnedMonitorInfo
Event: 176.121 Executing VM operation: GetOwnedMonitorInfo done
Event: 177.174 Executing VM operation: GetCurrentContendedMonitor
Event: 177.174 Executing VM operation: GetCurrentContendedMonitor done
Event: 177.175 Executing VM operation: GetOwnedMonitorInfo
Event: 177.175 Executing VM operation: GetOwnedMonitorInfo done
Event: 178.694 Executing VM operation: GetCurrentContendedMonitor
Event: 178.694 Executing VM operation: GetCurrentContendedMonitor done
Event: 178.695 Executing VM operation: GetOwnedMonitorInfo
Event: 178.696 Executing VM operation: GetOwnedMonitorInfo done
Event: 178.705 Executing VM operation: GetCurrentContendedMonitor
Event: 178.705 Executing VM operation: GetCurrentContendedMonitor done
Event: 178.705 Executing VM operation: GetOwnedMonitorInfo
Event: 178.706 Executing VM operation: GetOwnedMonitorInfo done
Event: 180.358 Executing VM operation: GetCurrentContendedMonitor
Event: 180.358 Executing VM operation: GetCurrentContendedMonitor done
Event: 180.360 Executing VM operation: GetOwnedMonitorInfo
Event: 180.360 Executing VM operation: GetOwnedMonitorInfo done
Event: 180.370 Executing VM operation: GetCurrentContendedMonitor
Event: 180.370 Executing VM operation: GetCurrentContendedMonitor done
Event: 180.371 Executing VM operation: GetOwnedMonitorInfo
Event: 180.371 Executing VM operation: GetOwnedMonitorInfo done
Event: 185.769 Executing VM operation: GetCurrentContendedMonitor
Event: 185.769 Executing VM operation: GetCurrentContendedMonitor done
Event: 185.770 Executing VM operation: GetOwnedMonitorInfo
Event: 185.770 Executing VM operation: GetOwnedMonitorInfo done
Event: 185.780 Executing VM operation: GetCurrentContendedMonitor
Event: 185.780 Executing VM operation: GetCurrentContendedMonitor done
Event: 185.780 Executing VM operation: GetOwnedMonitorInfo
Event: 185.780 Executing VM operation: GetOwnedMonitorInfo done
Event: 188.776 Executing VM operation: GetCurrentContendedMonitor
Event: 188.777 Executing VM operation: GetCurrentContendedMonitor done
Event: 188.783 Executing VM operation: GetOwnedMonitorInfo
Event: 188.783 Executing VM operation: GetOwnedMonitorInfo done
Event: 188.806 Executing VM operation: GetCurrentContendedMonitor
Event: 188.807 Executing VM operation: GetCurrentContendedMonitor done
Event: 188.808 Executing VM operation: GetOwnedMonitorInfo
Event: 188.808 Executing VM operation: GetOwnedMonitorInfo done
Event: 190.023 Executing VM operation: GetCurrentContendedMonitor
Event: 190.023 Executing VM operation: GetCurrentContendedMonitor done
Event: 190.024 Executing VM operation: GetOwnedMonitorInfo
Event: 190.024 Executing VM operation: GetOwnedMonitorInfo done
Event: 190.032 Executing VM operation: GetCurrentContendedMonitor
Event: 190.032 Executing VM operation: GetCurrentContendedMonitor done
Event: 190.034 Executing VM operation: GetOwnedMonitorInfo
Event: 190.034 Executing VM operation: GetOwnedMonitorInfo done
Event: 190.599 Executing VM operation: GetCurrentContendedMonitor
Event: 190.599 Executing VM operation: GetCurrentContendedMonitor done
Event: 190.600 Executing VM operation: GetOwnedMonitorInfo
Event: 190.601 Executing VM operation: GetOwnedMonitorInfo done
Event: 190.610 Executing VM operation: GetCurrentContendedMonitor
Event: 190.611 Executing VM operation: GetCurrentContendedMonitor done
Event: 190.611 Executing VM operation: GetOwnedMonitorInfo
Event: 190.611 Executing VM operation: GetOwnedMonitorInfo done
Event: 192.111 Executing VM operation: ChangeBreakpoints
Event: 192.112 Executing VM operation: ChangeBreakpoints done
Event: 193.140 Executing VM operation: ChangeBreakpoints
Event: 193.140 Executing VM operation: ChangeBreakpoints done
Event: 194.609 Executing VM operation: GetCurrentContendedMonitor
Event: 194.609 Executing VM operation: GetCurrentContendedMonitor done
Event: 194.610 Executing VM operation: GetOwnedMonitorInfo
Event: 194.610 Executing VM operation: GetOwnedMonitorInfo done
Event: 194.618 Executing VM operation: GetCurrentContendedMonitor
Event: 194.618 Executing VM operation: GetCurrentContendedMonitor done
Event: 194.618 Executing VM operation: GetOwnedMonitorInfo
Event: 194.619 Executing VM operation: GetOwnedMonitorInfo done
Event: 197.610 Executing VM operation: ChangeBreakpoints
Event: 197.610 Executing VM operation: ChangeBreakpoints done
Event: 198.141 Executing VM operation: ChangeBreakpoints
Event: 198.141 Executing VM operation: ChangeBreakpoints done
Event: 201.791 Executing VM operation: GetCurrentContendedMonitor
Event: 201.791 Executing VM operation: GetCurrentContendedMonitor done
Event: 201.792 Executing VM operation: GetOwnedMonitorInfo
Event: 201.792 Executing VM operation: GetOwnedMonitorInfo done
Event: 201.799 Executing VM operation: GetCurrentContendedMonitor
Event: 201.799 Executing VM operation: GetCurrentContendedMonitor done
Event: 201.799 Executing VM operation: GetOwnedMonitorInfo
Event: 201.800 Executing VM operation: GetOwnedMonitorInfo done
Event: 203.910 Executing VM operation: GetCurrentContendedMonitor
Event: 203.910 Executing VM operation: GetCurrentContendedMonitor done
Event: 203.910 Executing VM operation: GetOwnedMonitorInfo
Event: 203.910 Executing VM operation: GetOwnedMonitorInfo done
Event: 203.916 Executing VM operation: GetCurrentContendedMonitor
Event: 203.916 Executing VM operation: GetCurrentContendedMonitor done
Event: 203.916 Executing VM operation: GetOwnedMonitorInfo
Event: 203.916 Executing VM operation: GetOwnedMonitorInfo done
Event: 242.500 Executing VM operation: GetCurrentContendedMonitor
Event: 242.500 Executing VM operation: GetCurrentContendedMonitor done
Event: 242.501 Executing VM operation: GetOwnedMonitorInfo
Event: 242.501 Executing VM operation: GetOwnedMonitorInfo done
Event: 242.512 Executing VM operation: GetCurrentContendedMonitor
Event: 242.512 Executing VM operation: GetCurrentContendedMonitor done
Event: 242.513 Executing VM operation: GetOwnedMonitorInfo
Event: 242.513 Executing VM operation: GetOwnedMonitorInfo done
Event: 245.337 Executing VM operation: ChangeBreakpoints
Event: 245.338 Executing VM operation: ChangeBreakpoints done
Event: 246.268 Executing VM operation: GetCurrentContendedMonitor
Event: 246.268 Executing VM operation: GetCurrentContendedMonitor done
Event: 246.269 Executing VM operation: GetOwnedMonitorInfo
Event: 246.269 Executing VM operation: GetOwnedMonitorInfo done
Event: 246.277 Executing VM operation: GetCurrentContendedMonitor
Event: 246.277 Executing VM operation: GetCurrentContendedMonitor done
Event: 246.278 Executing VM operation: GetOwnedMonitorInfo
Event: 246.278 Executing VM operation: GetOwnedMonitorInfo done
Event: 296.504 Executing VM operation: GetCurrentLocation
Event: 296.505 Executing VM operation: GetCurrentLocation done
Event: 296.505 Executing VM operation: EnterInterpOnlyMode
Event: 296.505 Executing VM operation: EnterInterpOnlyMode done
Event: 296.505 Executing VM operation: ChangeSingleStep
Event: 296.505 Executing VM operation: ChangeSingleStep done
Event: 296.505 Executing VM operation: ChangeSingleStep
Event: 296.505 Executing VM operation: ChangeSingleStep done
Event: 296.513 Executing VM operation: RedefineClasses
Event: 296.519 Executing VM operation: RedefineClasses done
Event: 296.527 Executing VM operation: ChangeBreakpoints
Event: 296.527 Executing VM operation: ChangeBreakpoints done
Event: 296.531 Executing VM operation: ChangeBreakpoints
Event: 296.531 Executing VM operation: ChangeBreakpoints done
Event: 296.536 Executing VM operation: ChangeBreakpoints
Event: 296.537 Executing VM operation: ChangeBreakpoints done
Event: 296.541 Executing VM operation: ChangeBreakpoints
Event: 296.541 Executing VM operation: ChangeBreakpoints done
Event: 296.545 Executing VM operation: ChangeBreakpoints
Event: 296.545 Executing VM operation: ChangeBreakpoints done
Event: 296.548 Executing VM operation: ChangeBreakpoints
Event: 296.548 Executing VM operation: ChangeBreakpoints done
Event: 296.553 Executing VM operation: ChangeBreakpoints
Event: 296.553 Executing VM operation: ChangeBreakpoints done
Event: 296.557 Executing VM operation: ChangeBreakpoints
Event: 296.557 Executing VM operation: ChangeBreakpoints done
Event: 296.561 Executing VM operation: ChangeBreakpoints
Event: 296.561 Executing VM operation: ChangeBreakpoints done
Event: 296.565 Executing VM operation: ChangeBreakpoints
Event: 296.565 Executing VM operation: ChangeBreakpoints done
Event: 296.570 Executing VM operation: ChangeBreakpoints
Event: 296.570 Executing VM operation: ChangeBreakpoints done
Event: 296.572 Executing VM operation: EnterInterpOnlyMode
Event: 296.572 Executing VM operation: EnterInterpOnlyMode done
Event: 296.572 Executing VM operation: GetCurrentLocation
Event: 296.572 Executing VM operation: GetCurrentLocation done
Event: 296.574 Executing VM operation: ChangeSingleStep
Event: 296.574 Executing VM operation: ChangeSingleStep done
Event: 296.577 Executing VM operation: ChangeSingleStep
Event: 296.577 Executing VM operation: ChangeSingleStep done
Event: 296.679 Executing VM operation: GetOwnedMonitorInfo
Event: 296.679 Executing VM operation: GetOwnedMonitorInfo done
Event: 296.679 Executing VM operation: GetCurrentContendedMonitor
Event: 296.679 Executing VM operation: GetCurrentContendedMonitor done
Event: 296.680 Executing VM operation: GetOwnedMonitorInfo
Event: 296.680 Executing VM operation: GetOwnedMonitorInfo done
Event: 296.680 Executing VM operation: GetCurrentContendedMonitor
Event: 296.680 Executing VM operation: GetCurrentContendedMonitor done
Event: 296.681 Executing VM operation: GetCurrentContendedMonitor
Event: 296.681 Executing VM operation: GetCurrentContendedMonitor done
Event: 296.682 Executing VM operation: GetOwnedMonitorInfo
Event: 296.682 Executing VM operation: GetOwnedMonitorInfo done
Event: 296.688 Executing VM operation: GetCurrentContendedMonitor
Event: 296.688 Executing VM operation: GetCurrentContendedMonitor done
Event: 296.688 Executing VM operation: GetOwnedMonitorInfo
Event: 296.688 Executing VM operation: GetOwnedMonitorInfo done
Event: 296.914 Executing VM operation: GetOwnedMonitorInfo
Event: 296.914 Executing VM operation: GetOwnedMonitorInfo done
Event: 296.914 Executing VM operation: GetCurrentContendedMonitor
Event: 296.914 Executing VM operation: GetCurrentContendedMonitor done
Event: 296.919 Executing VM operation: GetOwnedMonitorInfo
Event: 296.919 Executing VM operation: GetOwnedMonitorInfo done
Event: 296.920 Executing VM operation: GetCurrentContendedMonitor
Event: 296.920 Executing VM operation: GetCurrentContendedMonitor done
Event: 296.962 Executing VM operation: GetOrSetLocal
Event: 296.963 Executing VM operation: GetOrSetLocal done
Event: 296.963 Executing VM operation: GetOrSetLocal
Event: 296.964 Executing VM operation: GetOrSetLocal done
Event: 296.965 Executing VM operation: GetOrSetLocal


Dynamic libraries:
00400000-00401000 r-xp 00000000 08:01 1989627                            /usr/lib/jvm/java-1.8.0-openjdk-1.8.0.222.b10-0.el7_6.x86_64/bin/java
00600000-00601000 r--p 00000000 08:01 1989627                            /usr/lib/jvm/java-1.8.0-openjdk-1.8.0.222.b10-0.el7_6.x86_64/bin/java
00601000-00602000 rw-p 00001000 08:01 1989627                            /usr/lib/jvm/java-1.8.0-openjdk-1.8.0.222.b10-0.el7_6.x86_64/bin/java
0151e000-0153f000 rw-p 00000000 00:00 0                                  [heap]
6ce800000-6d8980000 rw-p 00000000 00:00 0 
6d8980000-76f800000 ---p 00000000 00:00 0 
76f800000-774880000 rw-p 00000000 00:00 0 
774880000-7c0000000 ---p 00000000 00:00 0 
7c0000000-7c0100000 rw-p 00000000 00:00 0 
7c0100000-800000000 ---p 00000000 00:00 0 
7f5af0000000-7f5af3a15000 rw-p 00000000 00:00 0 
7f5af3a15000-7f5af4000000 ---p 00000000 00:00 0 
7f5af8000000-7f5af8021000 rw-p 00000000 00:00 0 
7f5af8021000-7f5afc000000 ---p 00000000 00:00 0 
7f5afc000000-7f5afc021000 rw-p 00000000 00:00 0 
7f5afc021000-7f5b00000000 ---p 00000000 00:00 0 
7f5b00000000-7f5b005d5000 rw-p 00000000 00:00 0 
7f5b005d5000-7f5b04000000 ---p 00000000 00:00 0 
7f5b04000000-7f5b04021000 rw-p 00000000 00:00 0 
7f5b04021000-7f5b08000000 ---p 00000000 00:00 0 
7f5b08000000-7f5b0bd58000 rw-p 00000000 00:00 0 
7f5b0bd58000-7f5b0c000000 ---p 00000000 00:00 0 
7f5b0c000000-7f5b0c626000 rw-p 00000000 00:00 0 
7f5b0c626000-7f5b10000000 ---p 00000000 00:00 0 
7f5b10000000-7f5b10021000 rw-p 00000000 00:00 0 
7f5b10021000-7f5b14000000 ---p 00000000 00:00 0 
7f5b14000000-7f5b14021000 rw-p 00000000 00:00 0 
7f5b14021000-7f5b18000000 ---p 00000000 00:00 0 
7f5b18000000-7f5b18021000 rw-p 00000000 00:00 0 
7f5b18021000-7f5b1c000000 ---p 00000000 00:00 0 
7f5b1c000000-7f5b1c069000 rw-p 00000000 00:00 0 
7f5b1c069000-7f5b20000000 ---p 00000000 00:00 0 
7f5b20000000-7f5b20021000 rw-p 00000000 00:00 0 
7f5b20021000-7f5b24000000 ---p 00000000 00:00 0 
7f5b24000000-7f5b24021000 rw-p 00000000 00:00 0 
7f5b24021000-7f5b28000000 ---p 00000000 00:00 0 
7f5b28000000-7f5b28021000 rw-p 00000000 00:00 0 
7f5b28021000-7f5b2c000000 ---p 00000000 00:00 0 
7f5b2c000000-7f5b2c021000 rw-p 00000000 00:00 0 
7f5b2c021000-7f5b30000000 ---p 00000000 00:00 0 
7f5b30000000-7f5b30021000 rw-p 00000000 00:00 0 
7f5b30021000-7f5b34000000 ---p 00000000 00:00 0 
7f5b38000000-7f5b38021000 rw-p 00000000 00:00 0 
7f5b38021000-7f5b3c000000 ---p 00000000 00:00 0 
7f5b3d3a7000-7f5b3d3aa000 ---p 00000000 00:00 0 
7f5b3d3aa000-7f5b3d4a8000 rw-p 00000000 00:00 0 
7f5b3d4a8000-7f5b3d4be000 r-xp 00000000 08:01 394197                     /usr/lib64/libresolv-2.17.so
7f5b3d4be000-7f5b3d6bd000 ---p 00016000 08:01 394197                     /usr/lib64/libresolv-2.17.so
7f5b3d6bd000-7f5b3d6be000 r--p 00015000 08:01 394197                     /usr/lib64/libresolv-2.17.so
7f5b3d6be000-7f5b3d6bf000 rw-p 00016000 08:01 394197                     /usr/lib64/libresolv-2.17.so
7f5b3d6bf000-7f5b3d6c1000 rw-p 00000000 00:00 0 
7f5b3d6c1000-7f5b3d6c7000 r-xp 00000000 08:01 394185                     /usr/lib64/libnss_dns-2.17.so
7f5b3d6c7000-7f5b3d8c6000 ---p 00006000 08:01 394185                     /usr/lib64/libnss_dns-2.17.so
7f5b3d8c6000-7f5b3d8c7000 r--p 00005000 08:01 394185                     /usr/lib64/libnss_dns-2.17.so
7f5b3d8c7000-7f5b3d8c8000 rw-p 00006000 08:01 394185                     /usr/lib64/libnss_dns-2.17.so
7f5b3d8c8000-7f5b3d8df000 r-xp 00000000 08:01 1982857                    /usr/lib/jvm/java-1.8.0-openjdk-1.8.0.222.b10-0.el7_6.x86_64/jre/lib/amd64/libnet.so
7f5b3d8df000-7f5b3dade000 ---p 00017000 08:01 1982857                    /usr/lib/jvm/java-1.8.0-openjdk-1.8.0.222.b10-0.el7_6.x86_64/jre/lib/amd64/libnet.so
7f5b3dade000-7f5b3dadf000 r--p 00016000 08:01 1982857                    /usr/lib/jvm/java-1.8.0-openjdk-1.8.0.222.b10-0.el7_6.x86_64/jre/lib/amd64/libnet.so
7f5b3dadf000-7f5b3dae0000 rw-p 00017000 08:01 1982857                    /usr/lib/jvm/java-1.8.0-openjdk-1.8.0.222.b10-0.el7_6.x86_64/jre/lib/amd64/libnet.so
7f5b3dae0000-7f5b3dae1000 ---p 00000000 00:00 0 
7f5b3dae1000-7f5b3dbe1000 rw-p 00000000 00:00 0 
7f5b3dbe1000-7f5b3dbe4000 ---p 00000000 00:00 0 
7f5b3dbe4000-7f5b3dce2000 rw-p 00000000 00:00 0 
7f5b3dce2000-7f5b3dce6000 ---p 00000000 00:00 0 
7f5b3dce6000-7f5b3dde3000 rw-p 00000000 00:00 0 
7f5b3dde3000-7f5b3dde7000 ---p 00000000 00:00 0 
7f5b3dde7000-7f5b3dee4000 rw-p 00000000 00:00 0 
7f5b3dee4000-7f5b3dee8000 ---p 00000000 00:00 0 
7f5b3dee8000-7f5b3dfe5000 rw-p 00000000 00:00 0 
7f5b3dfe5000-7f5b3dfe8000 ---p 00000000 00:00 0 
7f5b3dfe8000-7f5b3e0e6000 rw-p 00000000 00:00 0 
7f5b3e0e6000-7f5b3e0e9000 ---p 00000000 00:00 0 
7f5b3e0e9000-7f5b3e1e7000 rw-p 00000000 00:00 0 
7f5b3e1e7000-7f5b3e1ea000 ---p 00000000 00:00 0 
7f5b3e1ea000-7f5b3e2e8000 rw-p 00000000 00:00 0 
7f5b3e2e8000-7f5b3e2ec000 r-xp 00000000 08:01 1982839                    /usr/lib/jvm/java-1.8.0-openjdk-1.8.0.222.b10-0.el7_6.x86_64/jre/lib/amd64/libdt_socket.so
7f5b3e2ec000-7f5b3e4eb000 ---p 00004000 08:01 1982839                    /usr/lib/jvm/java-1.8.0-openjdk-1.8.0.222.b10-0.el7_6.x86_64/jre/lib/amd64/libdt_socket.so
7f5b3e4eb000-7f5b3e4ec000 r--p 00003000 08:01 1982839                    /usr/lib/jvm/java-1.8.0-openjdk-1.8.0.222.b10-0.el7_6.x86_64/jre/lib/amd64/libdt_socket.so
7f5b3e4ec000-7f5b3e4ed000 rw-p 00004000 08:01 1982839                    /usr/lib/jvm/java-1.8.0-openjdk-1.8.0.222.b10-0.el7_6.x86_64/jre/lib/amd64/libdt_socket.so
7f5b3e4ed000-7f5b3e4f0000 ---p 00000000 00:00 0 
7f5b3e4f0000-7f5b3e5ee000 rw-p 00000000 00:00 0 
7f5b3e5ee000-7f5b3e5f1000 ---p 00000000 00:00 0 
7f5b3e5f1000-7f5b3e6ef000 rw-p 00000000 00:00 0 
7f5b3e6ef000-7f5b3e6f2000 ---p 00000000 00:00 0 
7f5b3e6f2000-7f5b3e7f0000 rw-p 00000000 00:00 0 
7f5b3e7f0000-7f5b3e7f1000 ---p 00000000 00:00 0 
7f5b3e7f1000-7f5b40000000 rw-p 00000000 00:00 0 
7f5b40000000-7f5b40021000 rw-p 00000000 00:00 0 
7f5b40021000-7f5b44000000 ---p 00000000 00:00 0 
7f5b44077000-7f5b44247000 r--s 04445000 08:01 1982888                    /usr/lib/jvm/java-1.8.0-openjdk-1.8.0.222.b10-0.el7_6.x86_64/jre/lib/rt.jar
7f5b44247000-7f5b4c309000 rw-p 00000000 00:00 0 
7f5b4c309000-7f5b4c30a000 ---p 00000000 00:00 0 
7f5b4c30a000-7f5b4c40a000 rw-p 00000000 00:00 0 
7f5b4c40a000-7f5b4c40b000 ---p 00000000 00:00 0 
7f5b4c40b000-7f5b4c50b000 rw-p 00000000 00:00 0 
7f5b4c50b000-7f5b4c50c000 ---p 00000000 00:00 0 
7f5b4c50c000-7f5b4c65d000 rw-p 00000000 00:00 0 
7f5b4c65d000-7f5b4cb14000 ---p 00000000 00:00 0 
7f5b4cb14000-7f5b4cb65000 rw-p 00000000 00:00 0 
7f5b4cb65000-7f5b4d01c000 ---p 00000000 00:00 0 
7f5b4d01c000-7f5b4d045000 rw-p 00000000 00:00 0 
7f5b4d045000-7f5b4d2a0000 ---p 00000000 00:00 0 
7f5b4d2a0000-7f5b4d2af000 rw-p 00000000 00:00 0 
7f5b4d2af000-7f5b4d661000 ---p 00000000 00:00 0 
7f5b4d661000-7f5b4d9e1000 rwxp 00000000 00:00 0 
7f5b4d9e1000-7f5b5c661000 ---p 00000000 00:00 0 
7f5b5c661000-7f5b5c669000 r-xp 00000000 08:01 1982865                    /usr/lib/jvm/java-1.8.0-openjdk-1.8.0.222.b10-0.el7_6.x86_64/jre/lib/amd64/libzip.so
7f5b5c669000-7f5b5c868000 ---p 00008000 08:01 1982865                    /usr/lib/jvm/java-1.8.0-openjdk-1.8.0.222.b10-0.el7_6.x86_64/jre/lib/amd64/libzip.so
7f5b5c868000-7f5b5c869000 r--p 00007000 08:01 1982865                    /usr/lib/jvm/java-1.8.0-openjdk-1.8.0.222.b10-0.el7_6.x86_64/jre/lib/amd64/libzip.so
7f5b5c869000-7f5b5c86a000 rw-p 00008000 08:01 1982865                    /usr/lib/jvm/java-1.8.0-openjdk-1.8.0.222.b10-0.el7_6.x86_64/jre/lib/amd64/libzip.so
7f5b5c86a000-7f5b5d06f000 r--s 00000000 08:01 3943471                    /var/lib/sss/mc/passwd
7f5b5d06f000-7f5b5d077000 r-xp 00000000 08:01 398696                     /usr/lib64/libnss_sss.so.2
7f5b5d077000-7f5b5d276000 ---p 00008000 08:01 398696                     /usr/lib64/libnss_sss.so.2
7f5b5d276000-7f5b5d277000 r--p 00007000 08:01 398696                     /usr/lib64/libnss_sss.so.2
7f5b5d277000-7f5b5d278000 rw-p 00008000 08:01 398696                     /usr/lib64/libnss_sss.so.2
7f5b5d278000-7f5b5d284000 r-xp 00000000 08:01 394187                     /usr/lib64/libnss_files-2.17.so
7f5b5d284000-7f5b5d483000 ---p 0000c000 08:01 394187                     /usr/lib64/libnss_files-2.17.so
7f5b5d483000-7f5b5d484000 r--p 0000b000 08:01 394187                     /usr/lib64/libnss_files-2.17.so
7f5b5d484000-7f5b5d485000 rw-p 0000c000 08:01 394187                     /usr/lib64/libnss_files-2.17.so
7f5b5d485000-7f5b5d48b000 rw-p 00000000 00:00 0 
7f5b5d48b000-7f5b5d495000 r-xp 00000000 08:01 1982842                    /usr/lib/jvm/java-1.8.0-openjdk-1.8.0.222.b10-0.el7_6.x86_64/jre/lib/amd64/libinstrument.so
7f5b5d495000-7f5b5d694000 ---p 0000a000 08:01 1982842                    /usr/lib/jvm/java-1.8.0-openjdk-1.8.0.222.b10-0.el7_6.x86_64/jre/lib/amd64/libinstrument.so
7f5b5d694000-7f5b5d695000 r--p 00009000 08:01 1982842                    /usr/lib/jvm/java-1.8.0-openjdk-1.8.0.222.b10-0.el7_6.x86_64/jre/lib/amd64/libinstrument.so
7f5b5d695000-7f5b5d696000 rw-p 0000a000 08:01 1982842                    /usr/lib/jvm/java-1.8.0-openjdk-1.8.0.222.b10-0.el7_6.x86_64/jre/lib/amd64/libinstrument.so
7f5b5d696000-7f5b63bc0000 r--p 00000000 08:01 397709                     /usr/lib/locale/locale-archive
7f5b63bc0000-7f5b63bc2000 r-xp 00000000 08:01 1982859                    /usr/lib/jvm/java-1.8.0-openjdk-1.8.0.222.b10-0.el7_6.x86_64/jre/lib/amd64/libnpt.so
7f5b63bc2000-7f5b63dc2000 ---p 00002000 08:01 1982859                    /usr/lib/jvm/java-1.8.0-openjdk-1.8.0.222.b10-0.el7_6.x86_64/jre/lib/amd64/libnpt.so
7f5b63dc2000-7f5b63dc3000 r--p 00002000 08:01 1982859                    /usr/lib/jvm/java-1.8.0-openjdk-1.8.0.222.b10-0.el7_6.x86_64/jre/lib/amd64/libnpt.so
7f5b63dc3000-7f5b63dc4000 rw-p 00003000 08:01 1982859                    /usr/lib/jvm/java-1.8.0-openjdk-1.8.0.222.b10-0.el7_6.x86_64/jre/lib/amd64/libnpt.so
7f5b63dc4000-7f5b63dfe000 r-xp 00000000 08:01 1982850                    /usr/lib/jvm/java-1.8.0-openjdk-1.8.0.222.b10-0.el7_6.x86_64/jre/lib/amd64/libjdwp.so
7f5b63dfe000-7f5b63ffe000 ---p 0003a000 08:01 1982850                    /usr/lib/jvm/java-1.8.0-openjdk-1.8.0.222.b10-0.el7_6.x86_64/jre/lib/amd64/libjdwp.so
7f5b63ffe000-7f5b63fff000 r--p 0003a000 08:01 1982850                    /usr/lib/jvm/java-1.8.0-openjdk-1.8.0.222.b10-0.el7_6.x86_64/jre/lib/amd64/libjdwp.so
7f5b63fff000-7f5b64000000 rw-p 0003b000 08:01 1982850                    /usr/lib/jvm/java-1.8.0-openjdk-1.8.0.222.b10-0.el7_6.x86_64/jre/lib/amd64/libjdwp.so
7f5b64000000-7f5b6454a000 rw-p 00000000 00:00 0 
7f5b6454a000-7f5b68000000 ---p 00000000 00:00 0 
7f5b68006000-7f5b680af000 rw-p 00000000 00:00 0 
7f5b680af000-7f5b680b0000 ---p 00000000 00:00 0 
7f5b680b0000-7f5b681b0000 rw-p 00000000 00:00 0 
7f5b681b0000-7f5b681d9000 r-xp 00000000 08:01 1982847                    /usr/lib/jvm/java-1.8.0-openjdk-1.8.0.222.b10-0.el7_6.x86_64/jre/lib/amd64/libjava.so
7f5b681d9000-7f5b683d8000 ---p 00029000 08:01 1982847                    /usr/lib/jvm/java-1.8.0-openjdk-1.8.0.222.b10-0.el7_6.x86_64/jre/lib/amd64/libjava.so
7f5b683d8000-7f5b683d9000 r--p 00028000 08:01 1982847                    /usr/lib/jvm/java-1.8.0-openjdk-1.8.0.222.b10-0.el7_6.x86_64/jre/lib/amd64/libjava.so
7f5b683d9000-7f5b683db000 rw-p 00029000 08:01 1982847                    /usr/lib/jvm/java-1.8.0-openjdk-1.8.0.222.b10-0.el7_6.x86_64/jre/lib/amd64/libjava.so
7f5b683db000-7f5b683e8000 r-xp 00000000 08:01 1982864                    /usr/lib/jvm/java-1.8.0-openjdk-1.8.0.222.b10-0.el7_6.x86_64/jre/lib/amd64/libverify.so
7f5b683e8000-7f5b685e7000 ---p 0000d000 08:01 1982864                    /usr/lib/jvm/java-1.8.0-openjdk-1.8.0.222.b10-0.el7_6.x86_64/jre/lib/amd64/libverify.so
7f5b685e7000-7f5b685e9000 r--p 0000c000 08:01 1982864                    /usr/lib/jvm/java-1.8.0-openjdk-1.8.0.222.b10-0.el7_6.x86_64/jre/lib/amd64/libverify.so
7f5b685e9000-7f5b685ea000 rw-p 0000e000 08:01 1982864                    /usr/lib/jvm/java-1.8.0-openjdk-1.8.0.222.b10-0.el7_6.x86_64/jre/lib/amd64/libverify.so
7f5b685ea000-7f5b685f1000 r-xp 00000000 08:01 394199                     /usr/lib64/librt-2.17.so
7f5b685f1000-7f5b687f0000 ---p 00007000 08:01 394199                     /usr/lib64/librt-2.17.so
7f5b687f0000-7f5b687f1000 r--p 00006000 08:01 394199                     /usr/lib64/librt-2.17.so
7f5b687f1000-7f5b687f2000 rw-p 00007000 08:01 394199                     /usr/lib64/librt-2.17.so
7f5b687f2000-7f5b68807000 r-xp 00000000 08:01 393235                     /usr/lib64/libgcc_s-4.8.5-20150702.so.1
7f5b68807000-7f5b68a06000 ---p 00015000 08:01 393235                     /usr/lib64/libgcc_s-4.8.5-20150702.so.1
7f5b68a06000-7f5b68a07000 r--p 00014000 08:01 393235                     /usr/lib64/libgcc_s-4.8.5-20150702.so.1
7f5b68a07000-7f5b68a08000 rw-p 00015000 08:01 393235                     /usr/lib64/libgcc_s-4.8.5-20150702.so.1
7f5b68a08000-7f5b68b09000 r-xp 00000000 08:01 394177                     /usr/lib64/libm-2.17.so
7f5b68b09000-7f5b68d08000 ---p 00101000 08:01 394177                     /usr/lib64/libm-2.17.so
7f5b68d08000-7f5b68d09000 r--p 00100000 08:01 394177                     /usr/lib64/libm-2.17.so
7f5b68d09000-7f5b68d0a000 rw-p 00101000 08:01 394177                     /usr/lib64/libm-2.17.so
7f5b68d0a000-7f5b68df3000 r-xp 00000000 08:01 394478                     /usr/lib64/libstdc++.so.6.0.19
7f5b68df3000-7f5b68ff2000 ---p 000e9000 08:01 394478                     /usr/lib64/libstdc++.so.6.0.19
7f5b68ff2000-7f5b68ffa000 r--p 000e8000 08:01 394478                     /usr/lib64/libstdc++.so.6.0.19
7f5b68ffa000-7f5b68ffc000 rw-p 000f0000 08:01 394478                     /usr/lib64/libstdc++.so.6.0.19
7f5b68ffc000-7f5b69011000 rw-p 00000000 00:00 0 
7f5b69011000-7f5b69cf9000 r-xp 00000000 08:01 1982869                    /usr/lib/jvm/java-1.8.0-openjdk-1.8.0.222.b10-0.el7_6.x86_64/jre/lib/amd64/server/libjvm.so
7f5b69cf9000-7f5b69ef9000 ---p 00ce8000 08:01 1982869                    /usr/lib/jvm/java-1.8.0-openjdk-1.8.0.222.b10-0.el7_6.x86_64/jre/lib/amd64/server/libjvm.so
7f5b69ef9000-7f5b69fa5000 r--p 00ce8000 08:01 1982869                    /usr/lib/jvm/java-1.8.0-openjdk-1.8.0.222.b10-0.el7_6.x86_64/jre/lib/amd64/server/libjvm.so
7f5b69fa5000-7f5b69fcf000 rw-p 00d94000 08:01 1982869                    /usr/lib/jvm/java-1.8.0-openjdk-1.8.0.222.b10-0.el7_6.x86_64/jre/lib/amd64/server/libjvm.so
7f5b69fcf000-7f5b6a002000 rw-p 00000000 00:00 0 
7f5b6a002000-7f5b6a1c5000 r-xp 00000000 08:01 394169                     /usr/lib64/libc-2.17.so
7f5b6a1c5000-7f5b6a3c5000 ---p 001c3000 08:01 394169                     /usr/lib64/libc-2.17.so
7f5b6a3c5000-7f5b6a3c9000 r--p 001c3000 08:01 394169                     /usr/lib64/libc-2.17.so
7f5b6a3c9000-7f5b6a3cb000 rw-p 001c7000 08:01 394169                     /usr/lib64/libc-2.17.so
7f5b6a3cb000-7f5b6a3d0000 rw-p 00000000 00:00 0 
7f5b6a3d0000-7f5b6a3d2000 r-xp 00000000 08:01 394175                     /usr/lib64/libdl-2.17.so
7f5b6a3d2000-7f5b6a5d2000 ---p 00002000 08:01 394175                     /usr/lib64/libdl-2.17.so
7f5b6a5d2000-7f5b6a5d3000 r--p 00002000 08:01 394175                     /usr/lib64/libdl-2.17.so
7f5b6a5d3000-7f5b6a5d4000 rw-p 00003000 08:01 394175                     /usr/lib64/libdl-2.17.so
7f5b6a5d4000-7f5b6a5e1000 r-xp 00000000 08:01 1989676                    /usr/lib/jvm/java-1.8.0-openjdk-1.8.0.222.b10-0.el7_6.x86_64/lib/amd64/jli/libjli.so
7f5b6a5e1000-7f5b6a7e1000 ---p 0000d000 08:01 1989676                    /usr/lib/jvm/java-1.8.0-openjdk-1.8.0.222.b10-0.el7_6.x86_64/lib/amd64/jli/libjli.so
7f5b6a7e1000-7f5b6a7e2000 r--p 0000d000 08:01 1989676                    /usr/lib/jvm/java-1.8.0-openjdk-1.8.0.222.b10-0.el7_6.x86_64/lib/amd64/jli/libjli.so
7f5b6a7e2000-7f5b6a7e3000 rw-p 0000e000 08:01 1989676                    /usr/lib/jvm/java-1.8.0-openjdk-1.8.0.222.b10-0.el7_6.x86_64/lib/amd64/jli/libjli.so
7f5b6a7e3000-7f5b6a7f8000 r-xp 00000000 08:01 394619                     /usr/lib64/libz.so.1.2.7
7f5b6a7f8000-7f5b6a9f7000 ---p 00015000 08:01 394619                     /usr/lib64/libz.so.1.2.7
7f5b6a9f7000-7f5b6a9f8000 r--p 00014000 08:01 394619                     /usr/lib64/libz.so.1.2.7
7f5b6a9f8000-7f5b6a9f9000 rw-p 00015000 08:01 394619                     /usr/lib64/libz.so.1.2.7
7f5b6a9f9000-7f5b6aa10000 r-xp 00000000 08:01 394195                     /usr/lib64/libpthread-2.17.so
7f5b6aa10000-7f5b6ac0f000 ---p 00017000 08:01 394195                     /usr/lib64/libpthread-2.17.so
7f5b6ac0f000-7f5b6ac10000 r--p 00016000 08:01 394195                     /usr/lib64/libpthread-2.17.so
7f5b6ac10000-7f5b6ac11000 rw-p 00017000 08:01 394195                     /usr/lib64/libpthread-2.17.so
7f5b6ac11000-7f5b6ac15000 rw-p 00000000 00:00 0 
7f5b6ac15000-7f5b6ac37000 r-xp 00000000 08:01 394114                     /usr/lib64/ld-2.17.so
7f5b6ac67000-7f5b6acf5000 rw-p 00000000 00:00 0 
7f5b6acf5000-7f5b6acf9000 ---p 00000000 00:00 0 
7f5b6acf9000-7f5b6adfb000 rw-p 00000000 00:00 0 
7f5b6adfb000-7f5b6adfd000 r--s 00019000 08:01 1982877                    /usr/lib/jvm/java-1.8.0-openjdk-1.8.0.222.b10-0.el7_6.x86_64/jre/lib/jce.jar
7f5b6adfd000-7f5b6ae01000 r--s 000bd000 08:01 1982879                    /usr/lib/jvm/java-1.8.0-openjdk-1.8.0.222.b10-0.el7_6.x86_64/jre/lib/jsse.jar
7f5b6ae01000-7f5b6ae04000 r--s 0001d000 00:28 1625286630                 /afs/inf.ed.ac.uk/user/s17/s1703367/.eclipse/org.eclipse.platform_4.8.0_1665050590_linux_gtk_x86_64/configuration/org.eclipse.osgi/232/0/.cp/lib/javaagent-shaded.jar
7f5b6ae04000-7f5b6ae09000 r--s 00036000 00:28 1625264646                 /afs/inf.ed.ac.uk/user/s17/s1703367/.m2/repository/com/google/code/gson/gson/2.8.5/gson-2.8.5.jar
7f5b6ae09000-7f5b6ae0c000 r--s 00011000 00:28 1625264630                 /afs/inf.ed.ac.uk/user/s17/s1703367/.m2/repository/com/mapbox/mapboxsdk/mapbox-sdk-geojson/4.9.0/mapbox-sdk-geojson-4.9.0.jar
7f5b6ae0c000-7f5b6ae12000 r--s 00309000 08:01 1982871                    /usr/lib/jvm/java-1.8.0-openjdk-1.8.0.222.b10-0.el7_6.x86_64/jre/lib/charsets.jar
7f5b6ae12000-7f5b6ae14000 r--s 00019000 08:01 1982877                    /usr/lib/jvm/java-1.8.0-openjdk-1.8.0.222.b10-0.el7_6.x86_64/jre/lib/jce.jar
7f5b6ae14000-7f5b6ae18000 r--s 000bd000 08:01 1982879                    /usr/lib/jvm/java-1.8.0-openjdk-1.8.0.222.b10-0.el7_6.x86_64/jre/lib/jsse.jar
7f5b6ae18000-7f5b6ae2b000 r--s 00346000 08:01 1982887                    /usr/lib/jvm/java-1.8.0-openjdk-1.8.0.222.b10-0.el7_6.x86_64/jre/lib/resources.jar
7f5b6ae2b000-7f5b6ae33000 rw-s 00000000 fd:00 32454                      /tmp/hsperfdata_s1703367/5824
7f5b6ae33000-7f5b6ae34000 rw-p 00000000 00:00 0 
7f5b6ae34000-7f5b6ae35000 ---p 00000000 00:00 0 
7f5b6ae35000-7f5b6ae36000 rw-p 00000000 00:00 0 
7f5b6ae36000-7f5b6ae37000 r--p 00021000 08:01 394114                     /usr/lib64/ld-2.17.so
7f5b6ae37000-7f5b6ae38000 rw-p 00022000 08:01 394114                     /usr/lib64/ld-2.17.so
7f5b6ae38000-7f5b6ae39000 rw-p 00000000 00:00 0 
7fff2a4f6000-7fff2a518000 rw-p 00000000 00:00 0                          [stack]
7fff2a540000-7fff2a542000 r-xp 00000000 00:00 0                          [vdso]
ffffffffff600000-ffffffffff601000 r-xp 00000000 00:00 0                  [vsyscall]

VM Arguments:
jvm_args: -agentlib:jdwp=transport=dt_socket,suspend=y,address=localhost:40369 -javaagent:/afs/inf.ed.ac.uk/user/s17/s1703367/.eclipse/org.eclipse.platform_4.8.0_1665050590_linux_gtk_x86_64/configuration/org.eclipse.osgi/232/0/.cp/lib/javaagent-shaded.jar -Dfile.encoding=UTF-8 
java_command: uk.ac.ed.inf.powergrab.PlayPowergrab 15 09 2019 55.944425 -3.188396 5678 stateful
java_class_path (initial): /usr/lib/jvm/java-1.8.0-openjdk-1.8.0.222.b10-0.el7_6.x86_64/jre/lib/resources.jar:/usr/lib/jvm/java-1.8.0-openjdk-1.8.0.222.b10-0.el7_6.x86_64/jre/lib/rt.jar:/usr/lib/jvm/java-1.8.0-openjdk-1.8.0.222.b10-0.el7_6.x86_64/jre/lib/jsse.jar:/usr/lib/jvm/java-1.8.0-openjdk-1.8.0.222.b10-0.el7_6.x86_64/jre/lib/jce.jar:/usr/lib/jvm/java-1.8.0-openjdk-1.8.0.222.b10-0.el7_6.x86_64/jre/lib/charsets.jar:/usr/lib/jvm/java-1.8.0-openjdk-1.8.0.222.b10-0.el7_6.x86_64/jre/lib/ext/sunpkcs11.jar:/usr/lib/jvm/java-1.8.0-openjdk-1.8.0.222.b10-0.el7_6.x86_64/jre/lib/ext/nashorn.jar:/usr/lib/jvm/java-1.8.0-openjdk-1.8.0.222.b10-0.el7_6.x86_64/jre/lib/ext/zipfs.jar:/usr/lib/jvm/java-1.8.0-openjdk-1.8.0.222.b10-0.el7_6.x86_64/jre/lib/ext/cldrdata.jar:/usr/lib/jvm/java-1.8.0-openjdk-1.8.0.222.b10-0.el7_6.x86_64/jre/lib/ext/sunec.jar:/usr/lib/jvm/java-1.8.0-openjdk-1.8.0.222.b10-0.el7_6.x86_64/jre/lib/ext/sunjce_provider.jar:/usr/lib/jvm/java-1.8.0-openjdk-1.8.0.222.b10-0.el7_6.x86_64/jre/lib/ext/localedata.jar:/usr/lib/jvm/java-1.8.0-openjdk-1.8.0.222.b10-0.el7_6.x86_64/jre/lib/ext/jaccess.jar:/usr/lib/jvm/java-1.8.0-openjdk-1.8.0.222.b10-0.el7_6.x86_64/jre/lib/ext/dnsns.jar:/afs/inf.ed.ac.uk/user/s17/s1703367/eclipse-workspace/powergrab/target/classes:/afs/inf.ed.ac.uk/user/s17/s1703367/.m2/repository/com/mapbox/mapboxsdk/mapbox-sdk-geojson/4.9.0/mapbox-sdk-geojson-4.9.0.jar:/afs/inf.ed.ac.uk/user/s17/s1703367/.m2/repository/com/google/code/gson/gson/2.8.5/gson-2.8.5.jar:/afs/inf.ed.ac.uk/user/s17/s1703367/.eclipse/org.eclipse.platform_4.8.0_1665050590_linux_gtk_x86_64/configuration/org.eclipse.osgi/232/0/.cp/lib/javaagent-shaded.jar
Launcher Type: SUN_STANDARD

Environment Variables:
PATH=/usr/lib64/qt-3.3/bin:/opt/mendeleydesktop/bin:/usr/local/bin/:/usr/lib/jvm/java-1.8.0/bin/:/opt/texlive/2019/bin/x86_64-linux:/opt/matlab-R2018a/bin/:/usr/local/sbin:/usr/bin:/sbin:/usr/pgsql-9.6/bin:/opt/sicstus-4.0.1/bin
SHELL=/bin/bash
DISPLAY=:0

Signal Handlers:
SIGSEGV: [libjvm.so+0xacf850], sa_mask[0]=11111111011111111101111111111110, sa_flags=SA_RESTART|SA_SIGINFO
SIGBUS: [libjvm.so+0xacf850], sa_mask[0]=11111111011111111101111111111110, sa_flags=SA_RESTART|SA_SIGINFO
SIGFPE: [libjvm.so+0x8c1cb0], sa_mask[0]=11111111011111111101111111111110, sa_flags=SA_RESTART|SA_SIGINFO
SIGPIPE: [libjvm.so+0x8c1cb0], sa_mask[0]=11111111011111111101111111111110, sa_flags=SA_RESTART|SA_SIGINFO
SIGXFSZ: [libjvm.so+0x8c1cb0], sa_mask[0]=11111111011111111101111111111110, sa_flags=SA_RESTART|SA_SIGINFO
SIGILL: [libjvm.so+0x8c1cb0], sa_mask[0]=11111111011111111101111111111110, sa_flags=SA_RESTART|SA_SIGINFO
SIGUSR1: SIG_DFL, sa_mask[0]=00000000000000000000000000000000, sa_flags=none
SIGUSR2: [libjvm.so+0x8c1b60], sa_mask[0]=00100000000000000000000000000000, sa_flags=SA_RESTART|SA_SIGINFO
SIGHUP: [libjvm.so+0x8c1d70], sa_mask[0]=11111111011111111101111111111110, sa_flags=SA_RESTART|SA_SIGINFO
SIGINT: [libjvm.so+0x8c1d70], sa_mask[0]=11111111011111111101111111111110, sa_flags=SA_RESTART|SA_SIGINFO
SIGTERM: [libjvm.so+0x8c1d70], sa_mask[0]=11111111011111111101111111111110, sa_flags=SA_RESTART|SA_SIGINFO
SIGQUIT: [libjvm.so+0x8c1d70], sa_mask[0]=11111111011111111101111111111110, sa_flags=SA_RESTART|SA_SIGINFO


---------------  S Y S T E M  ---------------

OS:Scientific Linux release 7.6 (Nitrogen)

uname:Linux 3.10.0-1062.1.1.el7.x86_64 #1 SMP Tue Sep 3 10:41:00 CDT 2019 x86_64
libc:glibc 2.17 NPTL 2.17 
rlimit: STACK 8192k, CORE 0k, NPROC 4096, NOFILE 4096, AS infinity
load average:1.25 1.35 1.34

/proc/meminfo:
MemTotal:       15824956 kB
MemFree:         2333756 kB
MemAvailable:   10809588 kB
Buffers:          799548 kB
Cached:          7944520 kB
SwapCached:            0 kB
Active:          9063676 kB
Inactive:        3221424 kB
Active(anon):    3551540 kB
Inactive(anon):   779280 kB
Active(file):    5512136 kB
Inactive(file):  2442144 kB
Unevictable:          96 kB
Mlocked:              96 kB
SwapTotal:       7911932 kB
SwapFree:        7911932 kB
Dirty:              2172 kB
Writeback:             0 kB
AnonPages:       3541436 kB
Mapped:           530352 kB
Shmem:            789780 kB
Slab:             940728 kB
SReclaimable:     857740 kB
SUnreclaim:        82988 kB
KernelStack:       14880 kB
PageTables:        80384 kB
NFS_Unstable:          0 kB
Bounce:                0 kB
WritebackTmp:          0 kB
CommitLimit:    15824408 kB
Committed_AS:   12017384 kB
VmallocTotal:   34359738367 kB
VmallocUsed:      388848 kB
VmallocChunk:   34358947836 kB
HardwareCorrupted:     0 kB
AnonHugePages:    378880 kB
CmaTotal:              0 kB
CmaFree:               0 kB
HugePages_Total:       0
HugePages_Free:        0
HugePages_Rsvd:        0
HugePages_Surp:        0
Hugepagesize:       2048 kB
DirectMap4k:      401000 kB
DirectMap2M:     9469952 kB
DirectMap1G:     6291456 kB

container (cgroup) information:
container_type: cgroupv1
cpu_cpuset_cpus: 0-3
cpu_memory_nodes: 0
active_processor_count: 4
cpu_quota: -1
cpu_period: 100000
cpu_shares: -1
memory_limit_in_bytes: -1
memory_and_swap_limit_in_bytes: -1
memory_soft_limit_in_bytes: -1
memory_usage_in_bytes: 12580667392
memory_max_usage_in_bytes: 0


CPU:total 4 (initial active 4) (4 cores per cpu, 1 threads per core) family 6 model 94 stepping 3, cmov, cx8, fxsr, mmx, sse, sse2, sse3, ssse3, sse4.1, sse4.2, popcnt, avx, avx2, aes, clmul, erms, rtm, 3dnowpref, lzcnt, tsc, tscinvbit, bmi1, bmi2, adx

/proc/cpuinfo:
processor	: 0
vendor_id	: GenuineIntel
cpu family	: 6
model		: 94
model name	: Intel(R) Core(TM) i5-6500 CPU @ 3.20GHz
stepping	: 3
microcode	: 0xcc
cpu MHz		: 1156.835
cache size	: 6144 KB
physical id	: 0
siblings	: 4
core id		: 0
cpu cores	: 4
apicid		: 0
initial apicid	: 0
fpu		: yes
fpu_exception	: yes
cpuid level	: 22
wp		: yes
flags		: fpu vme de pse tsc msr pae mce cx8 apic sep mtrr pge mca cmov pat pse36 clflush dts acpi mmx fxsr sse sse2 ss ht tm pbe syscall nx pdpe1gb rdtscp lm constant_tsc art arch_perfmon pebs bts rep_good nopl xtopology nonstop_tsc aperfmperf eagerfpu pni pclmulqdq dtes64 monitor ds_cpl vmx smx est tm2 ssse3 sdbg fma cx16 xtpr pdcm pcid sse4_1 sse4_2 x2apic movbe popcnt tsc_deadline_timer aes xsave avx f16c rdrand lahf_lm abm 3dnowprefetch epb invpcid_single intel_pt ssbd ibrs ibpb stibp tpr_shadow vnmi flexpriority ept vpid fsgsbase tsc_adjust bmi1 hle avx2 smep bmi2 erms invpcid rtm mpx rdseed adx smap clflushopt xsaveopt xsavec xgetbv1 dtherm ida arat pln pts hwp hwp_notify hwp_act_window hwp_epp md_clear spec_ctrl intel_stibp flush_l1d
bogomips	: 6384.00
clflush size	: 64
cache_alignment	: 64
address sizes	: 39 bits physical, 48 bits virtual
power management:

processor	: 1
vendor_id	: GenuineIntel
cpu family	: 6
model		: 94
model name	: Intel(R) Core(TM) i5-6500 CPU @ 3.20GHz
stepping	: 3
microcode	: 0xcc
cpu MHz		: 2238.281
cache size	: 6144 KB
physical id	: 0
siblings	: 4
core id		: 1
cpu cores	: 4
apicid		: 2
initial apicid	: 2
fpu		: yes
fpu_exception	: yes
cpuid level	: 22
wp		: yes
flags		: fpu vme de pse tsc msr pae mce cx8 apic sep mtrr pge mca cmov pat pse36 clflush dts acpi mmx fxsr sse sse2 ss ht tm pbe syscall nx pdpe1gb rdtscp lm constant_tsc art arch_perfmon pebs bts rep_good nopl xtopology nonstop_tsc aperfmperf eagerfpu pni pclmulqdq dtes64 monitor ds_cpl vmx smx est tm2 ssse3 sdbg fma cx16 xtpr pdcm pcid sse4_1 sse4_2 x2apic movbe popcnt tsc_deadline_timer aes xsave avx f16c rdrand lahf_lm abm 3dnowprefetch epb invpcid_single intel_pt ssbd ibrs ibpb stibp tpr_shadow vnmi flexpriority ept vpid fsgsbase tsc_adjust bmi1 hle avx2 smep bmi2 erms invpcid rtm mpx rdseed adx smap clflushopt xsaveopt xsavec xgetbv1 dtherm ida arat pln pts hwp hwp_notify hwp_act_window hwp_epp md_clear spec_ctrl intel_stibp flush_l1d
bogomips	: 6384.00
clflush size	: 64
cache_alignment	: 64
address sizes	: 39 bits physical, 48 bits virtual
power management:

processor	: 2
vendor_id	: GenuineIntel
cpu family	: 6
model		: 94
model name	: Intel(R) Core(TM) i5-6500 CPU @ 3.20GHz
stepping	: 3
microcode	: 0xcc
cpu MHz		: 1629.492
cache size	: 6144 KB
physical id	: 0
siblings	: 4
core id		: 2
cpu cores	: 4
apicid		: 4
initial apicid	: 4
fpu		: yes
fpu_exception	: yes
cpuid level	: 22
wp		: yes
flags		: fpu vme de pse tsc msr pae mce cx8 apic sep mtrr pge mca cmov pat pse36 clflush dts acpi mmx fxsr sse sse2 ss ht tm pbe syscall nx pdpe1gb rdtscp lm constant_tsc art arch_perfmon pebs bts rep_good nopl xtopology nonstop_tsc aperfmperf eagerfpu pni pclmulqdq dtes64 monitor ds_cpl vmx smx est tm2 ssse3 sdbg fma cx16 xtpr pdcm pcid sse4_1 sse4_2 x2apic movbe popcnt tsc_deadline_timer aes xsave avx f16c rdrand lahf_lm abm 3dnowprefetch epb invpcid_single intel_pt ssbd ibrs ibpb stibp tpr_shadow vnmi flexpriority ept vpid fsgsbase tsc_adjust bmi1 hle avx2 smep bmi2 erms invpcid rtm mpx rdseed adx smap clflushopt xsaveopt xsavec xgetbv1 dtherm ida arat pln pts hwp hwp_notify hwp_act_window hwp_epp md_clear spec_ctrl intel_stibp flush_l1d
bogomips	: 6384.00
clflush size	: 64
cache_alignment	: 64
address sizes	: 39 bits physical, 48 bits virtual
power management:

processor	: 3
vendor_id	: GenuineIntel
cpu family	: 6
model		: 94
model name	: Intel(R) Core(TM) i5-6500 CPU @ 3.20GHz
stepping	: 3
microcode	: 0xcc
cpu MHz		: 2539.453
cache size	: 6144 KB
physical id	: 0
siblings	: 4
core id		: 3
cpu cores	: 4
apicid		: 6
initial apicid	: 6
fpu		: yes
fpu_exception	: yes
cpuid level	: 22
wp		: yes
flags		: fpu vme de pse tsc msr pae mce cx8 apic sep mtrr pge mca cmov pat pse36 clflush dts acpi mmx fxsr sse sse2 ss ht tm pbe syscall nx pdpe1gb rdtscp lm constant_tsc art arch_perfmon pebs bts rep_good nopl xtopology nonstop_tsc aperfmperf eagerfpu pni pclmulqdq dtes64 monitor ds_cpl vmx smx est tm2 ssse3 sdbg fma cx16 xtpr pdcm pcid sse4_1 sse4_2 x2apic movbe popcnt tsc_deadline_timer aes xsave avx f16c rdrand lahf_lm abm 3dnowprefetch epb invpcid_single intel_pt ssbd ibrs ibpb stibp tpr_shadow vnmi flexpriority ept vpid fsgsbase tsc_adjust bmi1 hle avx2 smep bmi2 erms invpcid rtm mpx rdseed adx smap clflushopt xsaveopt xsavec xgetbv1 dtherm ida arat pln pts hwp hwp_notify hwp_act_window hwp_epp md_clear spec_ctrl intel_stibp flush_l1d
bogomips	: 6384.00
clflush size	: 64
cache_alignment	: 64
address sizes	: 39 bits physical, 48 bits virtual
power management:



Memory: 4k page, physical 15824956k(2333756k free), swap 7911932k(7911932k free)

vm_info: OpenJDK 64-Bit Server VM (25.222-b10) for linux-amd64 JRE (1.8.0_222-b10), built on Jul 22 2019 09:28:44 by "mockbuild" with gcc 4.8.5 20150623 (Red Hat 4.8.5-36)

time: Tue Oct 29 19:31:11 2019
timezone: GMT
elapsed time: 296 seconds (0d 0h 4m 56s)

